CRITICAL - 2023-11-11 00:01:30 --> strlen(): Passing null to parameter #1 ($string) of type string is deprecated
in APPPATH/Controllers/Account.php on line 472.
 1 [internal function]: CodeIgniter\Debug\Exceptions->errorHandler()
 2 APPPATH/Controllers/Account.php(472): strlen()
 3 SYSTEMPATH/CodeIgniter.php(927): App\Controllers\Account->saveUser()
 4 SYSTEMPATH/CodeIgniter.php(482): CodeIgniter\CodeIgniter->runController()
 5 SYSTEMPATH/CodeIgniter.php(351): CodeIgniter\CodeIgniter->handleRequest()
 6 FCPATH/index.php(67): CodeIgniter\CodeIgniter->run()
CRITICAL - 2023-11-11 00:02:32 --> strlen(): Passing null to parameter #1 ($string) of type string is deprecated
in APPPATH/Controllers/Account.php on line 472.
 1 [internal function]: CodeIgniter\Debug\Exceptions->errorHandler()
 2 APPPATH/Controllers/Account.php(472): strlen()
 3 SYSTEMPATH/CodeIgniter.php(927): App\Controllers\Account->saveUser()
 4 SYSTEMPATH/CodeIgniter.php(482): CodeIgniter\CodeIgniter->runController()
 5 SYSTEMPATH/CodeIgniter.php(351): CodeIgniter\CodeIgniter->handleRequest()
 6 FCPATH/index.php(67): CodeIgniter\CodeIgniter->run()
CRITICAL - 2023-11-11 00:05:02 --> syntax error, unexpected token "if", expecting "]"
in APPPATH/Controllers/Account.php on line 744.
 1 SYSTEMPATH/Autoloader/Autoloader.php(259): CodeIgniter\Autoloader\Autoloader->includeFile()
 2 SYSTEMPATH/Autoloader/Autoloader.php(237): CodeIgniter\Autoloader\Autoloader->loadInNamespace()
 3 [internal function]: CodeIgniter\Autoloader\Autoloader->loadClass()
 4 SYSTEMPATH/CodeIgniter.php(877): class_exists()
 5 SYSTEMPATH/CodeIgniter.php(469): CodeIgniter\CodeIgniter->startController()
 6 SYSTEMPATH/CodeIgniter.php(351): CodeIgniter\CodeIgniter->handleRequest()
 7 FCPATH/index.php(67): CodeIgniter\CodeIgniter->run()
CRITICAL - 2023-11-11 00:05:18 --> syntax error, unexpected token "if", expecting "]"
in APPPATH/Controllers/Account.php on line 744.
 1 SYSTEMPATH/Autoloader/Autoloader.php(259): CodeIgniter\Autoloader\Autoloader->includeFile()
 2 SYSTEMPATH/Autoloader/Autoloader.php(237): CodeIgniter\Autoloader\Autoloader->loadInNamespace()
 3 [internal function]: CodeIgniter\Autoloader\Autoloader->loadClass()
 4 SYSTEMPATH/CodeIgniter.php(877): class_exists()
 5 SYSTEMPATH/CodeIgniter.php(469): CodeIgniter\CodeIgniter->startController()
 6 SYSTEMPATH/CodeIgniter.php(351): CodeIgniter\CodeIgniter->handleRequest()
 7 FCPATH/index.php(67): CodeIgniter\CodeIgniter->run()
CRITICAL - 2023-11-11 00:05:33 --> syntax error, unexpected token "if", expecting "]"
in APPPATH/Controllers/Account.php on line 744.
 1 SYSTEMPATH/Autoloader/Autoloader.php(259): CodeIgniter\Autoloader\Autoloader->includeFile()
 2 SYSTEMPATH/Autoloader/Autoloader.php(237): CodeIgniter\Autoloader\Autoloader->loadInNamespace()
 3 [internal function]: CodeIgniter\Autoloader\Autoloader->loadClass()
 4 SYSTEMPATH/CodeIgniter.php(877): class_exists()
 5 SYSTEMPATH/CodeIgniter.php(469): CodeIgniter\CodeIgniter->startController()
 6 SYSTEMPATH/CodeIgniter.php(351): CodeIgniter\CodeIgniter->handleRequest()
 7 FCPATH/index.php(67): CodeIgniter\CodeIgniter->run()
CRITICAL - 2023-11-11 00:05:57 --> strlen(): Passing null to parameter #1 ($string) of type string is deprecated
in APPPATH/Controllers/Account.php on line 516.
 1 [internal function]: CodeIgniter\Debug\Exceptions->errorHandler()
 2 APPPATH/Controllers/Account.php(516): strlen()
 3 SYSTEMPATH/CodeIgniter.php(927): App\Controllers\Account->saveUser()
 4 SYSTEMPATH/CodeIgniter.php(482): CodeIgniter\CodeIgniter->runController()
 5 SYSTEMPATH/CodeIgniter.php(351): CodeIgniter\CodeIgniter->handleRequest()
 6 FCPATH/index.php(67): CodeIgniter\CodeIgniter->run()
CRITICAL - 2023-11-11 00:11:50 --> syntax error, unexpected token "else"
in APPPATH/Controllers/Account.php on line 504.
 1 SYSTEMPATH/Autoloader/Autoloader.php(259): CodeIgniter\Autoloader\Autoloader->includeFile()
 2 SYSTEMPATH/Autoloader/Autoloader.php(237): CodeIgniter\Autoloader\Autoloader->loadInNamespace()
 3 [internal function]: CodeIgniter\Autoloader\Autoloader->loadClass()
 4 SYSTEMPATH/CodeIgniter.php(877): class_exists()
 5 SYSTEMPATH/CodeIgniter.php(469): CodeIgniter\CodeIgniter->startController()
 6 SYSTEMPATH/CodeIgniter.php(351): CodeIgniter\CodeIgniter->handleRequest()
 7 FCPATH/index.php(67): CodeIgniter\CodeIgniter->run()
CRITICAL - 2023-11-11 00:12:26 --> syntax error, unexpected token "else"
in APPPATH/Controllers/Account.php on line 504.
 1 SYSTEMPATH/Autoloader/Autoloader.php(259): CodeIgniter\Autoloader\Autoloader->includeFile()
 2 SYSTEMPATH/Autoloader/Autoloader.php(237): CodeIgniter\Autoloader\Autoloader->loadInNamespace()
 3 [internal function]: CodeIgniter\Autoloader\Autoloader->loadClass()
 4 SYSTEMPATH/CodeIgniter.php(877): class_exists()
 5 SYSTEMPATH/CodeIgniter.php(469): CodeIgniter\CodeIgniter->startController()
 6 SYSTEMPATH/CodeIgniter.php(351): CodeIgniter\CodeIgniter->handleRequest()
 7 FCPATH/index.php(67): CodeIgniter\CodeIgniter->run()
CRITICAL - 2023-11-11 00:13:59 --> syntax error, unexpected token "else"
in APPPATH/Controllers/Account.php on line 502.
 1 SYSTEMPATH/Autoloader/Autoloader.php(259): CodeIgniter\Autoloader\Autoloader->includeFile()
 2 SYSTEMPATH/Autoloader/Autoloader.php(237): CodeIgniter\Autoloader\Autoloader->loadInNamespace()
 3 [internal function]: CodeIgniter\Autoloader\Autoloader->loadClass()
 4 SYSTEMPATH/CodeIgniter.php(877): class_exists()
 5 SYSTEMPATH/CodeIgniter.php(469): CodeIgniter\CodeIgniter->startController()
 6 SYSTEMPATH/CodeIgniter.php(351): CodeIgniter\CodeIgniter->handleRequest()
 7 FCPATH/index.php(67): CodeIgniter\CodeIgniter->run()
CRITICAL - 2023-11-11 00:16:12 --> syntax error, unexpected token "else"
in APPPATH/Controllers/Account.php on line 520.
 1 SYSTEMPATH/Autoloader/Autoloader.php(259): CodeIgniter\Autoloader\Autoloader->includeFile()
 2 SYSTEMPATH/Autoloader/Autoloader.php(237): CodeIgniter\Autoloader\Autoloader->loadInNamespace()
 3 [internal function]: CodeIgniter\Autoloader\Autoloader->loadClass()
 4 SYSTEMPATH/CodeIgniter.php(877): class_exists()
 5 SYSTEMPATH/CodeIgniter.php(469): CodeIgniter\CodeIgniter->startController()
 6 SYSTEMPATH/CodeIgniter.php(351): CodeIgniter\CodeIgniter->handleRequest()
 7 FCPATH/index.php(67): CodeIgniter\CodeIgniter->run()
CRITICAL - 2023-11-11 00:16:33 --> syntax error, unexpected token "else"
in APPPATH/Controllers/Account.php on line 519.
 1 SYSTEMPATH/Autoloader/Autoloader.php(259): CodeIgniter\Autoloader\Autoloader->includeFile()
 2 SYSTEMPATH/Autoloader/Autoloader.php(237): CodeIgniter\Autoloader\Autoloader->loadInNamespace()
 3 [internal function]: CodeIgniter\Autoloader\Autoloader->loadClass()
 4 SYSTEMPATH/CodeIgniter.php(877): class_exists()
 5 SYSTEMPATH/CodeIgniter.php(469): CodeIgniter\CodeIgniter->startController()
 6 SYSTEMPATH/CodeIgniter.php(351): CodeIgniter\CodeIgniter->handleRequest()
 7 FCPATH/index.php(67): CodeIgniter\CodeIgniter->run()
CRITICAL - 2023-11-11 00:36:23 --> Undefined constant "App\Controllers\Account_model"
in APPPATH/Controllers/Home.php on line 958.
 1 SYSTEMPATH/CodeIgniter.php(927): App\Controllers\Home->checkout()
 2 SYSTEMPATH/CodeIgniter.php(482): CodeIgniter\CodeIgniter->runController()
 3 SYSTEMPATH/CodeIgniter.php(351): CodeIgniter\CodeIgniter->handleRequest()
 4 FCPATH/index.php(67): CodeIgniter\CodeIgniter->run()
CRITICAL - 2023-11-11 00:36:47 --> Undefined variable $superadminAccounts
in APPPATH/Views/home/checkout.php on line 494.
 1 APPPATH/Views/home/checkout.php(494): CodeIgniter\Debug\Exceptions->errorHandler()
 2 SYSTEMPATH/View/View.php(213): include('APPPATH/Views/home/checkout.php')
 3 SYSTEMPATH/View/View.php(216): CodeIgniter\View\View->CodeIgniter\View\{closure}()
 4 SYSTEMPATH/Common.php(1134): CodeIgniter\View\View->render()
 5 APPPATH/Controllers/Home.php(962): view()
 6 SYSTEMPATH/CodeIgniter.php(927): App\Controllers\Home->checkout()
 7 SYSTEMPATH/CodeIgniter.php(482): CodeIgniter\CodeIgniter->runController()
 8 SYSTEMPATH/CodeIgniter.php(351): CodeIgniter\CodeIgniter->handleRequest()
 9 FCPATH/index.php(67): CodeIgniter\CodeIgniter->run()
CRITICAL - 2023-11-11 00:37:04 --> syntax error, unexpected token "echo"
in APPPATH/Views/home/checkout.php on line 494.
 1 SYSTEMPATH/View/View.php(216): CodeIgniter\View\View->CodeIgniter\View\{closure}()
 2 SYSTEMPATH/Common.php(1134): CodeIgniter\View\View->render()
 3 APPPATH/Controllers/Home.php(962): view()
 4 SYSTEMPATH/CodeIgniter.php(927): App\Controllers\Home->checkout()
 5 SYSTEMPATH/CodeIgniter.php(482): CodeIgniter\CodeIgniter->runController()
 6 SYSTEMPATH/CodeIgniter.php(351): CodeIgniter\CodeIgniter->handleRequest()
 7 FCPATH/index.php(67): CodeIgniter\CodeIgniter->run()
CRITICAL - 2023-11-11 00:37:39 --> Undefined variable $superadminAccounts
in APPPATH/Views/home/checkout.php on line 494.
 1 APPPATH/Views/home/checkout.php(494): CodeIgniter\Debug\Exceptions->errorHandler()
 2 SYSTEMPATH/View/View.php(213): include('APPPATH/Views/home/checkout.php')
 3 SYSTEMPATH/View/View.php(216): CodeIgniter\View\View->CodeIgniter\View\{closure}()
 4 SYSTEMPATH/Common.php(1134): CodeIgniter\View\View->render()
 5 APPPATH/Controllers/Home.php(962): view()
 6 SYSTEMPATH/CodeIgniter.php(927): App\Controllers\Home->checkout()
 7 SYSTEMPATH/CodeIgniter.php(482): CodeIgniter\CodeIgniter->runController()
 8 SYSTEMPATH/CodeIgniter.php(351): CodeIgniter\CodeIgniter->handleRequest()
 9 FCPATH/index.php(67): CodeIgniter\CodeIgniter->run()
CRITICAL - 2023-11-11 00:40:21 --> Undefined variable $superadminAccounts
in APPPATH/Views/home/checkout.php on line 480.
 1 APPPATH/Views/home/checkout.php(480): CodeIgniter\Debug\Exceptions->errorHandler()
 2 SYSTEMPATH/View/View.php(213): include('APPPATH/Views/home/checkout.php')
 3 SYSTEMPATH/View/View.php(216): CodeIgniter\View\View->CodeIgniter\View\{closure}()
 4 SYSTEMPATH/Common.php(1134): CodeIgniter\View\View->render()
 5 APPPATH/Controllers/Home.php(962): view()
 6 SYSTEMPATH/CodeIgniter.php(927): App\Controllers\Home->checkout()
 7 SYSTEMPATH/CodeIgniter.php(482): CodeIgniter\CodeIgniter->runController()
 8 SYSTEMPATH/CodeIgniter.php(351): CodeIgniter\CodeIgniter->handleRequest()
 9 FCPATH/index.php(67): CodeIgniter\CodeIgniter->run()
CRITICAL - 2023-11-11 00:50:54 --> Undefined array key "image_name"
in APPPATH/Views/home/checkout.php on line 499.
 1 APPPATH/Views/home/checkout.php(499): CodeIgniter\Debug\Exceptions->errorHandler()
 2 SYSTEMPATH/View/View.php(213): include('APPPATH/Views/home/checkout.php')
 3 SYSTEMPATH/View/View.php(216): CodeIgniter\View\View->CodeIgniter\View\{closure}()
 4 SYSTEMPATH/Common.php(1134): CodeIgniter\View\View->render()
 5 APPPATH/Controllers/Home.php(962): view()
 6 SYSTEMPATH/CodeIgniter.php(927): App\Controllers\Home->checkout()
 7 SYSTEMPATH/CodeIgniter.php(482): CodeIgniter\CodeIgniter->runController()
 8 SYSTEMPATH/CodeIgniter.php(351): CodeIgniter\CodeIgniter->handleRequest()
 9 FCPATH/index.php(67): CodeIgniter\CodeIgniter->run()
ERROR - 2023-11-11 02:15:06 --> mysqli_sql_exception: Column 'order_status' cannot be null in /home/u696532059/domains/bituinflowershop.com/public_html/system/Database/MySQLi/Connection.php:292
Stack trace:
#0 /home/u696532059/domains/bituinflowershop.com/public_html/system/Database/MySQLi/Connection.php(292): mysqli->query()
#1 /home/u696532059/domains/bituinflowershop.com/public_html/system/Database/BaseConnection.php(666): CodeIgniter\Database\MySQLi\Connection->execute()
#2 /home/u696532059/domains/bituinflowershop.com/public_html/system/Database/BaseConnection.php(593): CodeIgniter\Database\BaseConnection->simpleQuery()
#3 /home/u696532059/domains/bituinflowershop.com/public_html/system/Database/BaseBuilder.php(1916): CodeIgniter\Database\BaseConnection->query()
#4 /home/u696532059/domains/bituinflowershop.com/public_html/system/Model.php(279): CodeIgniter\Database\BaseBuilder->insert()
#5 /home/u696532059/domains/bituinflowershop.com/public_html/system/BaseModel.php(749): CodeIgniter\Model->doInsert()
#6 /home/u696532059/domains/bituinflowershop.com/public_html/system/Model.php(667): CodeIgniter\BaseModel->insert()
#7 /home/u696532059/domains/bituinflowershop.com/public_html/app/Controllers/Customize.php(84): CodeIgniter\Model->insert()
#8 /home/u696532059/domains/bituinflowershop.com/public_html/system/CodeIgniter.php(927): App\Controllers\Customize->customize()
#9 /home/u696532059/domains/bituinflowershop.com/public_html/system/CodeIgniter.php(482): CodeIgniter\CodeIgniter->runController()
#10 /home/u696532059/domains/bituinflowershop.com/public_html/system/CodeIgniter.php(351): CodeIgniter\CodeIgniter->handleRequest()
#11 /home/u696532059/domains/bituinflowershop.com/public_html/public/index.php(67): CodeIgniter\CodeIgniter->run()
#12 {main}
CRITICAL - 2023-11-11 02:15:06 --> Column 'order_status' cannot be null
in SYSTEMPATH/Database/MySQLi/Connection.php on line 292.
 1 SYSTEMPATH/Database/MySQLi/Connection.php(292): mysqli->query()
 2 SYSTEMPATH/Database/BaseConnection.php(666): CodeIgniter\Database\MySQLi\Connection->execute()
 3 SYSTEMPATH/Database/BaseConnection.php(593): CodeIgniter\Database\BaseConnection->simpleQuery()
 4 SYSTEMPATH/Database/BaseBuilder.php(1916): CodeIgniter\Database\BaseConnection->query()
 5 SYSTEMPATH/Model.php(279): CodeIgniter\Database\BaseBuilder->insert()
 6 SYSTEMPATH/BaseModel.php(749): CodeIgniter\Model->doInsert()
 7 SYSTEMPATH/Model.php(667): CodeIgniter\BaseModel->insert()
 8 APPPATH/Controllers/Customize.php(84): CodeIgniter\Model->insert()
 9 SYSTEMPATH/CodeIgniter.php(927): App\Controllers\Customize->customize()
10 SYSTEMPATH/CodeIgniter.php(482): CodeIgniter\CodeIgniter->runController()
11 SYSTEMPATH/CodeIgniter.php(351): CodeIgniter\CodeIgniter->handleRequest()
12 FCPATH/index.php(67): CodeIgniter\CodeIgniter->run()
ERROR - 2023-11-11 02:15:50 --> mysqli_sql_exception: Column 'order_status' cannot be null in /home/u696532059/domains/bituinflowershop.com/public_html/system/Database/MySQLi/Connection.php:292
Stack trace:
#0 /home/u696532059/domains/bituinflowershop.com/public_html/system/Database/MySQLi/Connection.php(292): mysqli->query()
#1 /home/u696532059/domains/bituinflowershop.com/public_html/system/Database/BaseConnection.php(666): CodeIgniter\Database\MySQLi\Connection->execute()
#2 /home/u696532059/domains/bituinflowershop.com/public_html/system/Database/BaseConnection.php(593): CodeIgniter\Database\BaseConnection->simpleQuery()
#3 /home/u696532059/domains/bituinflowershop.com/public_html/system/Database/BaseBuilder.php(1916): CodeIgniter\Database\BaseConnection->query()
#4 /home/u696532059/domains/bituinflowershop.com/public_html/system/Model.php(279): CodeIgniter\Database\BaseBuilder->insert()
#5 /home/u696532059/domains/bituinflowershop.com/public_html/system/BaseModel.php(749): CodeIgniter\Model->doInsert()
#6 /home/u696532059/domains/bituinflowershop.com/public_html/system/Model.php(667): CodeIgniter\BaseModel->insert()
#7 /home/u696532059/domains/bituinflowershop.com/public_html/app/Controllers/Customize.php(84): CodeIgniter\Model->insert()
#8 /home/u696532059/domains/bituinflowershop.com/public_html/system/CodeIgniter.php(927): App\Controllers\Customize->customize()
#9 /home/u696532059/domains/bituinflowershop.com/public_html/system/CodeIgniter.php(482): CodeIgniter\CodeIgniter->runController()
#10 /home/u696532059/domains/bituinflowershop.com/public_html/system/CodeIgniter.php(351): CodeIgniter\CodeIgniter->handleRequest()
#11 /home/u696532059/domains/bituinflowershop.com/public_html/public/index.php(67): CodeIgniter\CodeIgniter->run()
#12 {main}
CRITICAL - 2023-11-11 02:15:50 --> Column 'order_status' cannot be null
in SYSTEMPATH/Database/MySQLi/Connection.php on line 292.
 1 SYSTEMPATH/Database/MySQLi/Connection.php(292): mysqli->query()
 2 SYSTEMPATH/Database/BaseConnection.php(666): CodeIgniter\Database\MySQLi\Connection->execute()
 3 SYSTEMPATH/Database/BaseConnection.php(593): CodeIgniter\Database\BaseConnection->simpleQuery()
 4 SYSTEMPATH/Database/BaseBuilder.php(1916): CodeIgniter\Database\BaseConnection->query()
 5 SYSTEMPATH/Model.php(279): CodeIgniter\Database\BaseBuilder->insert()
 6 SYSTEMPATH/BaseModel.php(749): CodeIgniter\Model->doInsert()
 7 SYSTEMPATH/Model.php(667): CodeIgniter\BaseModel->insert()
 8 APPPATH/Controllers/Customize.php(84): CodeIgniter\Model->insert()
 9 SYSTEMPATH/CodeIgniter.php(927): App\Controllers\Customize->customize()
10 SYSTEMPATH/CodeIgniter.php(482): CodeIgniter\CodeIgniter->runController()
11 SYSTEMPATH/CodeIgniter.php(351): CodeIgniter\CodeIgniter->handleRequest()
12 FCPATH/index.php(67): CodeIgniter\CodeIgniter->run()
CRITICAL - 2023-11-11 02:41:00 --> Undefined array key "product_image"
in APPPATH/Views/home/customize.php on line 469.
 1 APPPATH/Views/home/customize.php(469): CodeIgniter\Debug\Exceptions->errorHandler()
 2 SYSTEMPATH/View/View.php(213): include('APPPATH/Views/home/customize.php')
 3 SYSTEMPATH/View/View.php(216): CodeIgniter\View\View->CodeIgniter\View\{closure}()
 4 SYSTEMPATH/Common.php(1134): CodeIgniter\View\View->render()
 5 APPPATH/Controllers/Customize.php(120): view()
 6 SYSTEMPATH/CodeIgniter.php(927): App\Controllers\Customize->customize()
 7 SYSTEMPATH/CodeIgniter.php(482): CodeIgniter\CodeIgniter->runController()
 8 SYSTEMPATH/CodeIgniter.php(351): CodeIgniter\CodeIgniter->handleRequest()
 9 FCPATH/index.php(67): CodeIgniter\CodeIgniter->run()
CRITICAL - 2023-11-11 02:45:13 --> Trying to access array offset on value of type null
in APPPATH/Controllers/Customize.php on line 115.
 1 APPPATH/Controllers/Customize.php(115): CodeIgniter\Debug\Exceptions->errorHandler()
 2 SYSTEMPATH/CodeIgniter.php(927): App\Controllers\Customize->customize()
 3 SYSTEMPATH/CodeIgniter.php(482): CodeIgniter\CodeIgniter->runController()
 4 SYSTEMPATH/CodeIgniter.php(351): CodeIgniter\CodeIgniter->handleRequest()
 5 FCPATH/index.php(67): CodeIgniter\CodeIgniter->run()
CRITICAL - 2023-11-11 02:45:59 --> whereIn() expects $values to be of type array or closure
in SYSTEMPATH/Database/BaseBuilder.php on line 907.
 1 SYSTEMPATH/Database/BaseBuilder.php(789): CodeIgniter\Database\BaseBuilder->_whereIn()
 2 SYSTEMPATH/Model.php(772): CodeIgniter\Database\BaseBuilder->whereIn()
 3 APPPATH/Controllers/Customize.php(108): CodeIgniter\Model->__call()
 4 SYSTEMPATH/CodeIgniter.php(927): App\Controllers\Customize->customize()
 5 SYSTEMPATH/CodeIgniter.php(482): CodeIgniter\CodeIgniter->runController()
 6 SYSTEMPATH/CodeIgniter.php(351): CodeIgniter\CodeIgniter->handleRequest()
 7 FCPATH/index.php(67): CodeIgniter\CodeIgniter->run()
ERROR - 2023-11-11 02:48:04 --> mysqli_sql_exception: Illegal parameter data types varchar and row for operation '=' in /home/u696532059/domains/bituinflowershop.com/public_html/system/Database/MySQLi/Connection.php:292
Stack trace:
#0 /home/u696532059/domains/bituinflowershop.com/public_html/system/Database/MySQLi/Connection.php(292): mysqli->query()
#1 /home/u696532059/domains/bituinflowershop.com/public_html/system/Database/BaseConnection.php(666): CodeIgniter\Database\MySQLi\Connection->execute()
#2 /home/u696532059/domains/bituinflowershop.com/public_html/system/Database/BaseConnection.php(593): CodeIgniter\Database\BaseConnection->simpleQuery()
#3 /home/u696532059/domains/bituinflowershop.com/public_html/system/Database/BaseBuilder.php(1585): CodeIgniter\Database\BaseConnection->query()
#4 /home/u696532059/domains/bituinflowershop.com/public_html/system/Model.php(223): CodeIgniter\Database\BaseBuilder->get()
#5 /home/u696532059/domains/bituinflowershop.com/public_html/system/BaseModel.php(585): CodeIgniter\Model->doFindAll()
#6 /home/u696532059/domains/bituinflowershop.com/public_html/app/Controllers/Customize.php(108): CodeIgniter\BaseModel->findAll()
#7 /home/u696532059/domains/bituinflowershop.com/public_html/system/CodeIgniter.php(927): App\Controllers\Customize->customize()
#8 /home/u696532059/domains/bituinflowershop.com/public_html/system/CodeIgniter.php(482): CodeIgniter\CodeIgniter->runController()
#9 /home/u696532059/domains/bituinflowershop.com/public_html/system/CodeIgniter.php(351): CodeIgniter\CodeIgniter->handleRequest()
#10 /home/u696532059/domains/bituinflowershop.com/public_html/public/index.php(67): CodeIgniter\CodeIgniter->run()
#11 {main}
CRITICAL - 2023-11-11 02:48:04 --> Illegal parameter data types varchar and row for operation '='
in SYSTEMPATH/Database/MySQLi/Connection.php on line 292.
 1 SYSTEMPATH/Database/MySQLi/Connection.php(292): mysqli->query()
 2 SYSTEMPATH/Database/BaseConnection.php(666): CodeIgniter\Database\MySQLi\Connection->execute()
 3 SYSTEMPATH/Database/BaseConnection.php(593): CodeIgniter\Database\BaseConnection->simpleQuery()
 4 SYSTEMPATH/Database/BaseBuilder.php(1585): CodeIgniter\Database\BaseConnection->query()
 5 SYSTEMPATH/Model.php(223): CodeIgniter\Database\BaseBuilder->get()
 6 SYSTEMPATH/BaseModel.php(585): CodeIgniter\Model->doFindAll()
 7 APPPATH/Controllers/Customize.php(108): CodeIgniter\BaseModel->findAll()
 8 SYSTEMPATH/CodeIgniter.php(927): App\Controllers\Customize->customize()
 9 SYSTEMPATH/CodeIgniter.php(482): CodeIgniter\CodeIgniter->runController()
10 SYSTEMPATH/CodeIgniter.php(351): CodeIgniter\CodeIgniter->handleRequest()
11 FCPATH/index.php(67): CodeIgniter\CodeIgniter->run()
