CRITICAL - 2023-09-22 00:09:15 --> Undefined array key "product_image"
in APPPATH\Views\pos\print_view.php on line 103.
 1 APPPATH\Views\pos\print_view.php(103): CodeIgniter\Debug\Exceptions->errorHandler(2, 'Undefined array key "product_image"', 'APPPATH\\Views\\pos\\print_view.php', 103)
 2 SYSTEMPATH\View\View.php(213): include('APPPATH\\Views\\pos\\print_view.php')
 3 SYSTEMPATH\View\View.php(216): CodeIgniter\View\View->CodeIgniter\View\{closure}()
 4 SYSTEMPATH\Common.php(1134): CodeIgniter\View\View->render('pos/print_view', [], true)
 5 APPPATH\Controllers\POS.php(158): view('pos/print_view', [...])
 6 SYSTEMPATH\CodeIgniter.php(927): App\Controllers\POS->printView()
 7 SYSTEMPATH\CodeIgniter.php(482): CodeIgniter\CodeIgniter->runController(Object(App\Controllers\POS))
 8 SYSTEMPATH\CodeIgniter.php(351): CodeIgniter\CodeIgniter->handleRequest(null, Object(Config\Cache), false)
 9 FCPATH\index.php(67): CodeIgniter\CodeIgniter->run()
10 SYSTEMPATH\Commands\Server\rewrite.php(46): require_once('FCPATH\\index.php')
ERROR - 2023-09-22 23:21:49 --> Error connecting to the database: mysqli_sql_exception: Access denied for user 'root'@'localhost' (using password: NO) in /home/u696532059/domains/bituinflowershop.com/public_html/system/Database/MySQLi/Connection.php:171
Stack trace:
#0 /home/u696532059/domains/bituinflowershop.com/public_html/system/Database/MySQLi/Connection.php(171): mysqli->real_connect()
#1 /home/u696532059/domains/bituinflowershop.com/public_html/system/Database/BaseConnection.php(382): CodeIgniter\Database\MySQLi\Connection->connect()
#2 /home/u696532059/domains/bituinflowershop.com/public_html/system/Database/BaseConnection.php(561): CodeIgniter\Database\BaseConnection->initialize()
#3 /home/u696532059/domains/bituinflowershop.com/public_html/system/Database/BaseBuilder.php(1585): CodeIgniter\Database\BaseConnection->query()
#4 /home/u696532059/domains/bituinflowershop.com/public_html/system/Validation/Rules.php(104): CodeIgniter\Database\BaseBuilder->get()
#5 /home/u696532059/domains/bituinflowershop.com/public_html/system/Validation/Validation.php(315): CodeIgniter\Validation\Rules->is_not_unique()
#6 /home/u696532059/domains/bituinflowershop.com/public_html/system/Validation/Validation.php(175): CodeIgniter\Validation\Validation->processRules()
#7 /home/u696532059/domains/bituinflowershop.com/public_html/system/Controller.php(140): CodeIgniter\Validation\Validation->run()
#8 /home/u696532059/domains/bituinflowershop.com/public_html/app/Controllers/Account.php(45): CodeIgniter\Controller->validate()
#9 /home/u696532059/domains/bituinflowershop.com/public_html/system/CodeIgniter.php(927): App\Controllers\Account->signin()
#10 /home/u696532059/domains/bituinflowershop.com/public_html/system/CodeIgniter.php(482): CodeIgniter\CodeIgniter->runController()
#11 /home/u696532059/domains/bituinflowershop.com/public_html/system/CodeIgniter.php(351): CodeIgniter\CodeIgniter->handleRequest()
#12 /home/u696532059/domains/bituinflowershop.com/public_html/public/index.php(67): CodeIgniter\CodeIgniter->run()
#13 {main}

Next CodeIgniter\Database\Exceptions\DatabaseException: Access denied for user '****'@'localhost' (using password: NO) in /home/u696532059/domains/bituinflowershop.com/public_html/system/Database/MySQLi/Connection.php:215
Stack trace:
#0 /home/u696532059/domains/bituinflowershop.com/public_html/system/Database/BaseConnection.php(382): CodeIgniter\Database\MySQLi\Connection->connect()
#1 /home/u696532059/domains/bituinflowershop.com/public_html/system/Database/BaseConnection.php(561): CodeIgniter\Database\BaseConnection->initialize()
#2 /home/u696532059/domains/bituinflowershop.com/public_html/system/Database/BaseBuilder.php(1585): CodeIgniter\Database\BaseConnection->query()
#3 /home/u696532059/domains/bituinflowershop.com/public_html/system/Validation/Rules.php(104): CodeIgniter\Database\BaseBuilder->get()
#4 /home/u696532059/domains/bituinflowershop.com/public_html/system/Validation/Validation.php(315): CodeIgniter\Validation\Rules->is_not_unique()
#5 /home/u696532059/domains/bituinflowershop.com/public_html/system/Validation/Validation.php(175): CodeIgniter\Validation\Validation->processRules()
#6 /home/u696532059/domains/bituinflowershop.com/public_html/system/Controller.php(140): CodeIgniter\Validation\Validation->run()
#7 /home/u696532059/domains/bituinflowershop.com/public_html/app/Controllers/Account.php(45): CodeIgniter\Controller->validate()
#8 /home/u696532059/domains/bituinflowershop.com/public_html/system/CodeIgniter.php(927): App\Controllers\Account->signin()
#9 /home/u696532059/domains/bituinflowershop.com/public_html/system/CodeIgniter.php(482): CodeIgniter\CodeIgniter->runController()
#10 /home/u696532059/domains/bituinflowershop.com/public_html/system/CodeIgniter.php(351): CodeIgniter\CodeIgniter->handleRequest()
#11 /home/u696532059/domains/bituinflowershop.com/public_html/public/index.php(67): CodeIgniter\CodeIgniter->run()
#12 {main}
CRITICAL - 2023-09-22 23:21:49 --> Unable to connect to the database.
Main connection [MySQLi]: Access denied for user '****'@'localhost' (using password: NO)
in SYSTEMPATH/Database/BaseConnection.php on line 418.
 1 SYSTEMPATH/Database/BaseConnection.php(561): CodeIgniter\Database\BaseConnection->initialize()
 2 SYSTEMPATH/Database/BaseBuilder.php(1585): CodeIgniter\Database\BaseConnection->query()
 3 SYSTEMPATH/Validation/Rules.php(104): CodeIgniter\Database\BaseBuilder->get()
 4 SYSTEMPATH/Validation/Validation.php(315): CodeIgniter\Validation\Rules->is_not_unique()
 5 SYSTEMPATH/Validation/Validation.php(175): CodeIgniter\Validation\Validation->processRules()
 6 SYSTEMPATH/Controller.php(140): CodeIgniter\Validation\Validation->run()
 7 APPPATH/Controllers/Account.php(45): CodeIgniter\Controller->validate()
 8 SYSTEMPATH/CodeIgniter.php(927): App\Controllers\Account->signin()
 9 SYSTEMPATH/CodeIgniter.php(482): CodeIgniter\CodeIgniter->runController()
10 SYSTEMPATH/CodeIgniter.php(351): CodeIgniter\CodeIgniter->handleRequest()
11 FCPATH/index.php(67): CodeIgniter\CodeIgniter->run()
ERROR - 2023-09-22 23:25:08 --> Error connecting to the database: mysqli_sql_exception: Access denied for user 'root'@'localhost' (using password: NO) in /home/u696532059/domains/bituinflowershop.com/public_html/system/Database/MySQLi/Connection.php:171
Stack trace:
#0 /home/u696532059/domains/bituinflowershop.com/public_html/system/Database/MySQLi/Connection.php(171): mysqli->real_connect()
#1 /home/u696532059/domains/bituinflowershop.com/public_html/system/Database/BaseConnection.php(382): CodeIgniter\Database\MySQLi\Connection->connect()
#2 /home/u696532059/domains/bituinflowershop.com/public_html/system/Database/BaseConnection.php(561): CodeIgniter\Database\BaseConnection->initialize()
#3 /home/u696532059/domains/bituinflowershop.com/public_html/system/Database/BaseBuilder.php(1585): CodeIgniter\Database\BaseConnection->query()
#4 /home/u696532059/domains/bituinflowershop.com/public_html/system/Validation/Rules.php(104): CodeIgniter\Database\BaseBuilder->get()
#5 /home/u696532059/domains/bituinflowershop.com/public_html/system/Validation/Validation.php(315): CodeIgniter\Validation\Rules->is_not_unique()
#6 /home/u696532059/domains/bituinflowershop.com/public_html/system/Validation/Validation.php(175): CodeIgniter\Validation\Validation->processRules()
#7 /home/u696532059/domains/bituinflowershop.com/public_html/system/Controller.php(140): CodeIgniter\Validation\Validation->run()
#8 /home/u696532059/domains/bituinflowershop.com/public_html/app/Controllers/Account.php(45): CodeIgniter\Controller->validate()
#9 /home/u696532059/domains/bituinflowershop.com/public_html/system/CodeIgniter.php(927): App\Controllers\Account->signin()
#10 /home/u696532059/domains/bituinflowershop.com/public_html/system/CodeIgniter.php(482): CodeIgniter\CodeIgniter->runController()
#11 /home/u696532059/domains/bituinflowershop.com/public_html/system/CodeIgniter.php(351): CodeIgniter\CodeIgniter->handleRequest()
#12 /home/u696532059/domains/bituinflowershop.com/public_html/public/index.php(67): CodeIgniter\CodeIgniter->run()
#13 {main}

Next CodeIgniter\Database\Exceptions\DatabaseException: Access denied for user '****'@'localhost' (using password: NO) in /home/u696532059/domains/bituinflowershop.com/public_html/system/Database/MySQLi/Connection.php:215
Stack trace:
#0 /home/u696532059/domains/bituinflowershop.com/public_html/system/Database/BaseConnection.php(382): CodeIgniter\Database\MySQLi\Connection->connect()
#1 /home/u696532059/domains/bituinflowershop.com/public_html/system/Database/BaseConnection.php(561): CodeIgniter\Database\BaseConnection->initialize()
#2 /home/u696532059/domains/bituinflowershop.com/public_html/system/Database/BaseBuilder.php(1585): CodeIgniter\Database\BaseConnection->query()
#3 /home/u696532059/domains/bituinflowershop.com/public_html/system/Validation/Rules.php(104): CodeIgniter\Database\BaseBuilder->get()
#4 /home/u696532059/domains/bituinflowershop.com/public_html/system/Validation/Validation.php(315): CodeIgniter\Validation\Rules->is_not_unique()
#5 /home/u696532059/domains/bituinflowershop.com/public_html/system/Validation/Validation.php(175): CodeIgniter\Validation\Validation->processRules()
#6 /home/u696532059/domains/bituinflowershop.com/public_html/system/Controller.php(140): CodeIgniter\Validation\Validation->run()
#7 /home/u696532059/domains/bituinflowershop.com/public_html/app/Controllers/Account.php(45): CodeIgniter\Controller->validate()
#8 /home/u696532059/domains/bituinflowershop.com/public_html/system/CodeIgniter.php(927): App\Controllers\Account->signin()
#9 /home/u696532059/domains/bituinflowershop.com/public_html/system/CodeIgniter.php(482): CodeIgniter\CodeIgniter->runController()
#10 /home/u696532059/domains/bituinflowershop.com/public_html/system/CodeIgniter.php(351): CodeIgniter\CodeIgniter->handleRequest()
#11 /home/u696532059/domains/bituinflowershop.com/public_html/public/index.php(67): CodeIgniter\CodeIgniter->run()
#12 {main}
CRITICAL - 2023-09-22 23:25:08 --> Unable to connect to the database.
Main connection [MySQLi]: Access denied for user '****'@'localhost' (using password: NO)
in SYSTEMPATH/Database/BaseConnection.php on line 418.
 1 SYSTEMPATH/Database/BaseConnection.php(561): CodeIgniter\Database\BaseConnection->initialize()
 2 SYSTEMPATH/Database/BaseBuilder.php(1585): CodeIgniter\Database\BaseConnection->query()
 3 SYSTEMPATH/Validation/Rules.php(104): CodeIgniter\Database\BaseBuilder->get()
 4 SYSTEMPATH/Validation/Validation.php(315): CodeIgniter\Validation\Rules->is_not_unique()
 5 SYSTEMPATH/Validation/Validation.php(175): CodeIgniter\Validation\Validation->processRules()
 6 SYSTEMPATH/Controller.php(140): CodeIgniter\Validation\Validation->run()
 7 APPPATH/Controllers/Account.php(45): CodeIgniter\Controller->validate()
 8 SYSTEMPATH/CodeIgniter.php(927): App\Controllers\Account->signin()
 9 SYSTEMPATH/CodeIgniter.php(482): CodeIgniter\CodeIgniter->runController()
10 SYSTEMPATH/CodeIgniter.php(351): CodeIgniter\CodeIgniter->handleRequest()
11 FCPATH/index.php(67): CodeIgniter\CodeIgniter->run()
ERROR - 2023-09-22 23:25:24 --> Error connecting to the database: mysqli_sql_exception: Access denied for user 'root'@'localhost' (using password: NO) in /home/u696532059/domains/bituinflowershop.com/public_html/system/Database/MySQLi/Connection.php:171
Stack trace:
#0 /home/u696532059/domains/bituinflowershop.com/public_html/system/Database/MySQLi/Connection.php(171): mysqli->real_connect()
#1 /home/u696532059/domains/bituinflowershop.com/public_html/system/Database/BaseConnection.php(382): CodeIgniter\Database\MySQLi\Connection->connect()
#2 /home/u696532059/domains/bituinflowershop.com/public_html/system/Database/BaseConnection.php(561): CodeIgniter\Database\BaseConnection->initialize()
#3 /home/u696532059/domains/bituinflowershop.com/public_html/system/Database/BaseBuilder.php(1585): CodeIgniter\Database\BaseConnection->query()
#4 /home/u696532059/domains/bituinflowershop.com/public_html/system/Validation/Rules.php(104): CodeIgniter\Database\BaseBuilder->get()
#5 /home/u696532059/domains/bituinflowershop.com/public_html/system/Validation/Validation.php(315): CodeIgniter\Validation\Rules->is_not_unique()
#6 /home/u696532059/domains/bituinflowershop.com/public_html/system/Validation/Validation.php(175): CodeIgniter\Validation\Validation->processRules()
#7 /home/u696532059/domains/bituinflowershop.com/public_html/system/Controller.php(140): CodeIgniter\Validation\Validation->run()
#8 /home/u696532059/domains/bituinflowershop.com/public_html/app/Controllers/Account.php(45): CodeIgniter\Controller->validate()
#9 /home/u696532059/domains/bituinflowershop.com/public_html/system/CodeIgniter.php(927): App\Controllers\Account->signin()
#10 /home/u696532059/domains/bituinflowershop.com/public_html/system/CodeIgniter.php(482): CodeIgniter\CodeIgniter->runController()
#11 /home/u696532059/domains/bituinflowershop.com/public_html/system/CodeIgniter.php(351): CodeIgniter\CodeIgniter->handleRequest()
#12 /home/u696532059/domains/bituinflowershop.com/public_html/public/index.php(67): CodeIgniter\CodeIgniter->run()
#13 {main}

Next CodeIgniter\Database\Exceptions\DatabaseException: Access denied for user '****'@'localhost' (using password: NO) in /home/u696532059/domains/bituinflowershop.com/public_html/system/Database/MySQLi/Connection.php:215
Stack trace:
#0 /home/u696532059/domains/bituinflowershop.com/public_html/system/Database/BaseConnection.php(382): CodeIgniter\Database\MySQLi\Connection->connect()
#1 /home/u696532059/domains/bituinflowershop.com/public_html/system/Database/BaseConnection.php(561): CodeIgniter\Database\BaseConnection->initialize()
#2 /home/u696532059/domains/bituinflowershop.com/public_html/system/Database/BaseBuilder.php(1585): CodeIgniter\Database\BaseConnection->query()
#3 /home/u696532059/domains/bituinflowershop.com/public_html/system/Validation/Rules.php(104): CodeIgniter\Database\BaseBuilder->get()
#4 /home/u696532059/domains/bituinflowershop.com/public_html/system/Validation/Validation.php(315): CodeIgniter\Validation\Rules->is_not_unique()
#5 /home/u696532059/domains/bituinflowershop.com/public_html/system/Validation/Validation.php(175): CodeIgniter\Validation\Validation->processRules()
#6 /home/u696532059/domains/bituinflowershop.com/public_html/system/Controller.php(140): CodeIgniter\Validation\Validation->run()
#7 /home/u696532059/domains/bituinflowershop.com/public_html/app/Controllers/Account.php(45): CodeIgniter\Controller->validate()
#8 /home/u696532059/domains/bituinflowershop.com/public_html/system/CodeIgniter.php(927): App\Controllers\Account->signin()
#9 /home/u696532059/domains/bituinflowershop.com/public_html/system/CodeIgniter.php(482): CodeIgniter\CodeIgniter->runController()
#10 /home/u696532059/domains/bituinflowershop.com/public_html/system/CodeIgniter.php(351): CodeIgniter\CodeIgniter->handleRequest()
#11 /home/u696532059/domains/bituinflowershop.com/public_html/public/index.php(67): CodeIgniter\CodeIgniter->run()
#12 {main}
CRITICAL - 2023-09-22 23:25:24 --> Unable to connect to the database.
Main connection [MySQLi]: Access denied for user '****'@'localhost' (using password: NO)
in SYSTEMPATH/Database/BaseConnection.php on line 418.
 1 SYSTEMPATH/Database/BaseConnection.php(561): CodeIgniter\Database\BaseConnection->initialize()
 2 SYSTEMPATH/Database/BaseBuilder.php(1585): CodeIgniter\Database\BaseConnection->query()
 3 SYSTEMPATH/Validation/Rules.php(104): CodeIgniter\Database\BaseBuilder->get()
 4 SYSTEMPATH/Validation/Validation.php(315): CodeIgniter\Validation\Rules->is_not_unique()
 5 SYSTEMPATH/Validation/Validation.php(175): CodeIgniter\Validation\Validation->processRules()
 6 SYSTEMPATH/Controller.php(140): CodeIgniter\Validation\Validation->run()
 7 APPPATH/Controllers/Account.php(45): CodeIgniter\Controller->validate()
 8 SYSTEMPATH/CodeIgniter.php(927): App\Controllers\Account->signin()
 9 SYSTEMPATH/CodeIgniter.php(482): CodeIgniter\CodeIgniter->runController()
10 SYSTEMPATH/CodeIgniter.php(351): CodeIgniter\CodeIgniter->handleRequest()
11 FCPATH/index.php(67): CodeIgniter\CodeIgniter->run()
ERROR - 2023-09-22 23:29:29 --> Error connecting to the database: mysqli_sql_exception: Access denied for user 'root'@'localhost' (using password: NO) in /home/u696532059/domains/bituinflowershop.com/public_html/system/Database/MySQLi/Connection.php:171
Stack trace:
#0 /home/u696532059/domains/bituinflowershop.com/public_html/system/Database/MySQLi/Connection.php(171): mysqli->real_connect()
#1 /home/u696532059/domains/bituinflowershop.com/public_html/system/Database/BaseConnection.php(382): CodeIgniter\Database\MySQLi\Connection->connect()
#2 /home/u696532059/domains/bituinflowershop.com/public_html/system/Database/BaseConnection.php(561): CodeIgniter\Database\BaseConnection->initialize()
#3 /home/u696532059/domains/bituinflowershop.com/public_html/system/Database/BaseBuilder.php(1585): CodeIgniter\Database\BaseConnection->query()
#4 /home/u696532059/domains/bituinflowershop.com/public_html/system/Validation/Rules.php(104): CodeIgniter\Database\BaseBuilder->get()
#5 /home/u696532059/domains/bituinflowershop.com/public_html/system/Validation/Validation.php(315): CodeIgniter\Validation\Rules->is_not_unique()
#6 /home/u696532059/domains/bituinflowershop.com/public_html/system/Validation/Validation.php(175): CodeIgniter\Validation\Validation->processRules()
#7 /home/u696532059/domains/bituinflowershop.com/public_html/system/Controller.php(140): CodeIgniter\Validation\Validation->run()
#8 /home/u696532059/domains/bituinflowershop.com/public_html/app/Controllers/Account.php(45): CodeIgniter\Controller->validate()
#9 /home/u696532059/domains/bituinflowershop.com/public_html/system/CodeIgniter.php(927): App\Controllers\Account->signin()
#10 /home/u696532059/domains/bituinflowershop.com/public_html/system/CodeIgniter.php(482): CodeIgniter\CodeIgniter->runController()
#11 /home/u696532059/domains/bituinflowershop.com/public_html/system/CodeIgniter.php(351): CodeIgniter\CodeIgniter->handleRequest()
#12 /home/u696532059/domains/bituinflowershop.com/public_html/public/index.php(67): CodeIgniter\CodeIgniter->run()
#13 {main}

Next CodeIgniter\Database\Exceptions\DatabaseException: Access denied for user '****'@'localhost' (using password: NO) in /home/u696532059/domains/bituinflowershop.com/public_html/system/Database/MySQLi/Connection.php:215
Stack trace:
#0 /home/u696532059/domains/bituinflowershop.com/public_html/system/Database/BaseConnection.php(382): CodeIgniter\Database\MySQLi\Connection->connect()
#1 /home/u696532059/domains/bituinflowershop.com/public_html/system/Database/BaseConnection.php(561): CodeIgniter\Database\BaseConnection->initialize()
#2 /home/u696532059/domains/bituinflowershop.com/public_html/system/Database/BaseBuilder.php(1585): CodeIgniter\Database\BaseConnection->query()
#3 /home/u696532059/domains/bituinflowershop.com/public_html/system/Validation/Rules.php(104): CodeIgniter\Database\BaseBuilder->get()
#4 /home/u696532059/domains/bituinflowershop.com/public_html/system/Validation/Validation.php(315): CodeIgniter\Validation\Rules->is_not_unique()
#5 /home/u696532059/domains/bituinflowershop.com/public_html/system/Validation/Validation.php(175): CodeIgniter\Validation\Validation->processRules()
#6 /home/u696532059/domains/bituinflowershop.com/public_html/system/Controller.php(140): CodeIgniter\Validation\Validation->run()
#7 /home/u696532059/domains/bituinflowershop.com/public_html/app/Controllers/Account.php(45): CodeIgniter\Controller->validate()
#8 /home/u696532059/domains/bituinflowershop.com/public_html/system/CodeIgniter.php(927): App\Controllers\Account->signin()
#9 /home/u696532059/domains/bituinflowershop.com/public_html/system/CodeIgniter.php(482): CodeIgniter\CodeIgniter->runController()
#10 /home/u696532059/domains/bituinflowershop.com/public_html/system/CodeIgniter.php(351): CodeIgniter\CodeIgniter->handleRequest()
#11 /home/u696532059/domains/bituinflowershop.com/public_html/public/index.php(67): CodeIgniter\CodeIgniter->run()
#12 {main}
CRITICAL - 2023-09-22 23:29:29 --> Unable to connect to the database.
Main connection [MySQLi]: Access denied for user '****'@'localhost' (using password: NO)
in SYSTEMPATH/Database/BaseConnection.php on line 418.
 1 SYSTEMPATH/Database/BaseConnection.php(561): CodeIgniter\Database\BaseConnection->initialize()
 2 SYSTEMPATH/Database/BaseBuilder.php(1585): CodeIgniter\Database\BaseConnection->query()
 3 SYSTEMPATH/Validation/Rules.php(104): CodeIgniter\Database\BaseBuilder->get()
 4 SYSTEMPATH/Validation/Validation.php(315): CodeIgniter\Validation\Rules->is_not_unique()
 5 SYSTEMPATH/Validation/Validation.php(175): CodeIgniter\Validation\Validation->processRules()
 6 SYSTEMPATH/Controller.php(140): CodeIgniter\Validation\Validation->run()
 7 APPPATH/Controllers/Account.php(45): CodeIgniter\Controller->validate()
 8 SYSTEMPATH/CodeIgniter.php(927): App\Controllers\Account->signin()
 9 SYSTEMPATH/CodeIgniter.php(482): CodeIgniter\CodeIgniter->runController()
10 SYSTEMPATH/CodeIgniter.php(351): CodeIgniter\CodeIgniter->handleRequest()
11 FCPATH/index.php(67): CodeIgniter\CodeIgniter->run()
ERROR - 2023-09-22 23:33:58 --> Error connecting to the database: mysqli_sql_exception: Access denied for user 'u696532059_root'@'127.0.0.1' (using password: NO) in /home/u696532059/domains/bituinflowershop.com/public_html/system/Database/MySQLi/Connection.php:171
Stack trace:
#0 /home/u696532059/domains/bituinflowershop.com/public_html/system/Database/MySQLi/Connection.php(171): mysqli->real_connect()
#1 /home/u696532059/domains/bituinflowershop.com/public_html/system/Database/BaseConnection.php(382): CodeIgniter\Database\MySQLi\Connection->connect()
#2 /home/u696532059/domains/bituinflowershop.com/public_html/system/Database/BaseConnection.php(561): CodeIgniter\Database\BaseConnection->initialize()
#3 /home/u696532059/domains/bituinflowershop.com/public_html/system/Database/BaseBuilder.php(1585): CodeIgniter\Database\BaseConnection->query()
#4 /home/u696532059/domains/bituinflowershop.com/public_html/system/Validation/Rules.php(104): CodeIgniter\Database\BaseBuilder->get()
#5 /home/u696532059/domains/bituinflowershop.com/public_html/system/Validation/Validation.php(315): CodeIgniter\Validation\Rules->is_not_unique()
#6 /home/u696532059/domains/bituinflowershop.com/public_html/system/Validation/Validation.php(175): CodeIgniter\Validation\Validation->processRules()
#7 /home/u696532059/domains/bituinflowershop.com/public_html/system/Controller.php(140): CodeIgniter\Validation\Validation->run()
#8 /home/u696532059/domains/bituinflowershop.com/public_html/app/Controllers/Account.php(45): CodeIgniter\Controller->validate()
#9 /home/u696532059/domains/bituinflowershop.com/public_html/system/CodeIgniter.php(927): App\Controllers\Account->signin()
#10 /home/u696532059/domains/bituinflowershop.com/public_html/system/CodeIgniter.php(482): CodeIgniter\CodeIgniter->runController()
#11 /home/u696532059/domains/bituinflowershop.com/public_html/system/CodeIgniter.php(351): CodeIgniter\CodeIgniter->handleRequest()
#12 /home/u696532059/domains/bituinflowershop.com/public_html/public/index.php(67): CodeIgniter\CodeIgniter->run()
#13 {main}

Next CodeIgniter\Database\Exceptions\DatabaseException: Access denied for user '****'@'127.0.0.1' (using password: NO) in /home/u696532059/domains/bituinflowershop.com/public_html/system/Database/MySQLi/Connection.php:215
Stack trace:
#0 /home/u696532059/domains/bituinflowershop.com/public_html/system/Database/BaseConnection.php(382): CodeIgniter\Database\MySQLi\Connection->connect()
#1 /home/u696532059/domains/bituinflowershop.com/public_html/system/Database/BaseConnection.php(561): CodeIgniter\Database\BaseConnection->initialize()
#2 /home/u696532059/domains/bituinflowershop.com/public_html/system/Database/BaseBuilder.php(1585): CodeIgniter\Database\BaseConnection->query()
#3 /home/u696532059/domains/bituinflowershop.com/public_html/system/Validation/Rules.php(104): CodeIgniter\Database\BaseBuilder->get()
#4 /home/u696532059/domains/bituinflowershop.com/public_html/system/Validation/Validation.php(315): CodeIgniter\Validation\Rules->is_not_unique()
#5 /home/u696532059/domains/bituinflowershop.com/public_html/system/Validation/Validation.php(175): CodeIgniter\Validation\Validation->processRules()
#6 /home/u696532059/domains/bituinflowershop.com/public_html/system/Controller.php(140): CodeIgniter\Validation\Validation->run()
#7 /home/u696532059/domains/bituinflowershop.com/public_html/app/Controllers/Account.php(45): CodeIgniter\Controller->validate()
#8 /home/u696532059/domains/bituinflowershop.com/public_html/system/CodeIgniter.php(927): App\Controllers\Account->signin()
#9 /home/u696532059/domains/bituinflowershop.com/public_html/system/CodeIgniter.php(482): CodeIgniter\CodeIgniter->runController()
#10 /home/u696532059/domains/bituinflowershop.com/public_html/system/CodeIgniter.php(351): CodeIgniter\CodeIgniter->handleRequest()
#11 /home/u696532059/domains/bituinflowershop.com/public_html/public/index.php(67): CodeIgniter\CodeIgniter->run()
#12 {main}
CRITICAL - 2023-09-22 23:33:58 --> Unable to connect to the database.
Main connection [MySQLi]: Access denied for user '****'@'127.0.0.1' (using password: NO)
in SYSTEMPATH/Database/BaseConnection.php on line 418.
 1 SYSTEMPATH/Database/BaseConnection.php(561): CodeIgniter\Database\BaseConnection->initialize()
 2 SYSTEMPATH/Database/BaseBuilder.php(1585): CodeIgniter\Database\BaseConnection->query()
 3 SYSTEMPATH/Validation/Rules.php(104): CodeIgniter\Database\BaseBuilder->get()
 4 SYSTEMPATH/Validation/Validation.php(315): CodeIgniter\Validation\Rules->is_not_unique()
 5 SYSTEMPATH/Validation/Validation.php(175): CodeIgniter\Validation\Validation->processRules()
 6 SYSTEMPATH/Controller.php(140): CodeIgniter\Validation\Validation->run()
 7 APPPATH/Controllers/Account.php(45): CodeIgniter\Controller->validate()
 8 SYSTEMPATH/CodeIgniter.php(927): App\Controllers\Account->signin()
 9 SYSTEMPATH/CodeIgniter.php(482): CodeIgniter\CodeIgniter->runController()
10 SYSTEMPATH/CodeIgniter.php(351): CodeIgniter\CodeIgniter->handleRequest()
11 FCPATH/index.php(67): CodeIgniter\CodeIgniter->run()
ERROR - 2023-09-22 23:38:48 --> Error connecting to the database: mysqli_sql_exception: Access denied for user 'u696532059_root'@'localhost' (using password: NO) in /home/u696532059/domains/bituinflowershop.com/public_html/system/Database/MySQLi/Connection.php:171
Stack trace:
#0 /home/u696532059/domains/bituinflowershop.com/public_html/system/Database/MySQLi/Connection.php(171): mysqli->real_connect()
#1 /home/u696532059/domains/bituinflowershop.com/public_html/system/Database/BaseConnection.php(382): CodeIgniter\Database\MySQLi\Connection->connect()
#2 /home/u696532059/domains/bituinflowershop.com/public_html/system/Database/BaseConnection.php(561): CodeIgniter\Database\BaseConnection->initialize()
#3 /home/u696532059/domains/bituinflowershop.com/public_html/system/Database/BaseBuilder.php(1585): CodeIgniter\Database\BaseConnection->query()
#4 /home/u696532059/domains/bituinflowershop.com/public_html/system/Validation/Rules.php(104): CodeIgniter\Database\BaseBuilder->get()
#5 /home/u696532059/domains/bituinflowershop.com/public_html/system/Validation/Validation.php(315): CodeIgniter\Validation\Rules->is_not_unique()
#6 /home/u696532059/domains/bituinflowershop.com/public_html/system/Validation/Validation.php(175): CodeIgniter\Validation\Validation->processRules()
#7 /home/u696532059/domains/bituinflowershop.com/public_html/system/Controller.php(140): CodeIgniter\Validation\Validation->run()
#8 /home/u696532059/domains/bituinflowershop.com/public_html/app/Controllers/Account.php(45): CodeIgniter\Controller->validate()
#9 /home/u696532059/domains/bituinflowershop.com/public_html/system/CodeIgniter.php(927): App\Controllers\Account->signin()
#10 /home/u696532059/domains/bituinflowershop.com/public_html/system/CodeIgniter.php(482): CodeIgniter\CodeIgniter->runController()
#11 /home/u696532059/domains/bituinflowershop.com/public_html/system/CodeIgniter.php(351): CodeIgniter\CodeIgniter->handleRequest()
#12 /home/u696532059/domains/bituinflowershop.com/public_html/public/index.php(67): CodeIgniter\CodeIgniter->run()
#13 {main}

Next CodeIgniter\Database\Exceptions\DatabaseException: Access denied for user '****'@'localhost' (using password: NO) in /home/u696532059/domains/bituinflowershop.com/public_html/system/Database/MySQLi/Connection.php:215
Stack trace:
#0 /home/u696532059/domains/bituinflowershop.com/public_html/system/Database/BaseConnection.php(382): CodeIgniter\Database\MySQLi\Connection->connect()
#1 /home/u696532059/domains/bituinflowershop.com/public_html/system/Database/BaseConnection.php(561): CodeIgniter\Database\BaseConnection->initialize()
#2 /home/u696532059/domains/bituinflowershop.com/public_html/system/Database/BaseBuilder.php(1585): CodeIgniter\Database\BaseConnection->query()
#3 /home/u696532059/domains/bituinflowershop.com/public_html/system/Validation/Rules.php(104): CodeIgniter\Database\BaseBuilder->get()
#4 /home/u696532059/domains/bituinflowershop.com/public_html/system/Validation/Validation.php(315): CodeIgniter\Validation\Rules->is_not_unique()
#5 /home/u696532059/domains/bituinflowershop.com/public_html/system/Validation/Validation.php(175): CodeIgniter\Validation\Validation->processRules()
#6 /home/u696532059/domains/bituinflowershop.com/public_html/system/Controller.php(140): CodeIgniter\Validation\Validation->run()
#7 /home/u696532059/domains/bituinflowershop.com/public_html/app/Controllers/Account.php(45): CodeIgniter\Controller->validate()
#8 /home/u696532059/domains/bituinflowershop.com/public_html/system/CodeIgniter.php(927): App\Controllers\Account->signin()
#9 /home/u696532059/domains/bituinflowershop.com/public_html/system/CodeIgniter.php(482): CodeIgniter\CodeIgniter->runController()
#10 /home/u696532059/domains/bituinflowershop.com/public_html/system/CodeIgniter.php(351): CodeIgniter\CodeIgniter->handleRequest()
#11 /home/u696532059/domains/bituinflowershop.com/public_html/public/index.php(67): CodeIgniter\CodeIgniter->run()
#12 {main}
CRITICAL - 2023-09-22 23:38:48 --> Unable to connect to the database.
Main connection [MySQLi]: Access denied for user '****'@'localhost' (using password: NO)
in SYSTEMPATH/Database/BaseConnection.php on line 418.
 1 SYSTEMPATH/Database/BaseConnection.php(561): CodeIgniter\Database\BaseConnection->initialize()
 2 SYSTEMPATH/Database/BaseBuilder.php(1585): CodeIgniter\Database\BaseConnection->query()
 3 SYSTEMPATH/Validation/Rules.php(104): CodeIgniter\Database\BaseBuilder->get()
 4 SYSTEMPATH/Validation/Validation.php(315): CodeIgniter\Validation\Rules->is_not_unique()
 5 SYSTEMPATH/Validation/Validation.php(175): CodeIgniter\Validation\Validation->processRules()
 6 SYSTEMPATH/Controller.php(140): CodeIgniter\Validation\Validation->run()
 7 APPPATH/Controllers/Account.php(45): CodeIgniter\Controller->validate()
 8 SYSTEMPATH/CodeIgniter.php(927): App\Controllers\Account->signin()
 9 SYSTEMPATH/CodeIgniter.php(482): CodeIgniter\CodeIgniter->runController()
10 SYSTEMPATH/CodeIgniter.php(351): CodeIgniter\CodeIgniter->handleRequest()
11 FCPATH/index.php(67): CodeIgniter\CodeIgniter->run()
ERROR - 2023-09-22 23:57:48 --> Error connecting to the database: mysqli_sql_exception: Connection timed out in /home/u696532059/domains/bituinflowershop.com/public_html/system/Database/MySQLi/Connection.php:171
Stack trace:
#0 /home/u696532059/domains/bituinflowershop.com/public_html/system/Database/MySQLi/Connection.php(171): mysqli->real_connect()
#1 /home/u696532059/domains/bituinflowershop.com/public_html/system/Database/BaseConnection.php(382): CodeIgniter\Database\MySQLi\Connection->connect()
#2 /home/u696532059/domains/bituinflowershop.com/public_html/system/Database/BaseConnection.php(561): CodeIgniter\Database\BaseConnection->initialize()
#3 /home/u696532059/domains/bituinflowershop.com/public_html/system/Database/BaseBuilder.php(1585): CodeIgniter\Database\BaseConnection->query()
#4 /home/u696532059/domains/bituinflowershop.com/public_html/system/Validation/Rules.php(104): CodeIgniter\Database\BaseBuilder->get()
#5 /home/u696532059/domains/bituinflowershop.com/public_html/system/Validation/Validation.php(315): CodeIgniter\Validation\Rules->is_not_unique()
#6 /home/u696532059/domains/bituinflowershop.com/public_html/system/Validation/Validation.php(175): CodeIgniter\Validation\Validation->processRules()
#7 /home/u696532059/domains/bituinflowershop.com/public_html/system/Controller.php(140): CodeIgniter\Validation\Validation->run()
#8 /home/u696532059/domains/bituinflowershop.com/public_html/app/Controllers/Account.php(45): CodeIgniter\Controller->validate()
#9 /home/u696532059/domains/bituinflowershop.com/public_html/system/CodeIgniter.php(927): App\Controllers\Account->signin()
#10 /home/u696532059/domains/bituinflowershop.com/public_html/system/CodeIgniter.php(482): CodeIgniter\CodeIgniter->runController()
#11 /home/u696532059/domains/bituinflowershop.com/public_html/system/CodeIgniter.php(351): CodeIgniter\CodeIgniter->handleRequest()
#12 /home/u696532059/domains/bituinflowershop.com/public_html/public/index.php(67): CodeIgniter\CodeIgniter->run()
#13 {main}

Next CodeIgniter\Database\Exceptions\DatabaseException: Connection timed out in /home/u696532059/domains/bituinflowershop.com/public_html/system/Database/MySQLi/Connection.php:215
Stack trace:
#0 /home/u696532059/domains/bituinflowershop.com/public_html/system/Database/BaseConnection.php(382): CodeIgniter\Database\MySQLi\Connection->connect()
#1 /home/u696532059/domains/bituinflowershop.com/public_html/system/Database/BaseConnection.php(561): CodeIgniter\Database\BaseConnection->initialize()
#2 /home/u696532059/domains/bituinflowershop.com/public_html/system/Database/BaseBuilder.php(1585): CodeIgniter\Database\BaseConnection->query()
#3 /home/u696532059/domains/bituinflowershop.com/public_html/system/Validation/Rules.php(104): CodeIgniter\Database\BaseBuilder->get()
#4 /home/u696532059/domains/bituinflowershop.com/public_html/system/Validation/Validation.php(315): CodeIgniter\Validation\Rules->is_not_unique()
#5 /home/u696532059/domains/bituinflowershop.com/public_html/system/Validation/Validation.php(175): CodeIgniter\Validation\Validation->processRules()
#6 /home/u696532059/domains/bituinflowershop.com/public_html/system/Controller.php(140): CodeIgniter\Validation\Validation->run()
#7 /home/u696532059/domains/bituinflowershop.com/public_html/app/Controllers/Account.php(45): CodeIgniter\Controller->validate()
#8 /home/u696532059/domains/bituinflowershop.com/public_html/system/CodeIgniter.php(927): App\Controllers\Account->signin()
#9 /home/u696532059/domains/bituinflowershop.com/public_html/system/CodeIgniter.php(482): CodeIgniter\CodeIgniter->runController()
#10 /home/u696532059/domains/bituinflowershop.com/public_html/system/CodeIgniter.php(351): CodeIgniter\CodeIgniter->handleRequest()
#11 /home/u696532059/domains/bituinflowershop.com/public_html/public/index.php(67): CodeIgniter\CodeIgniter->run()
#12 {main}
CRITICAL - 2023-09-22 23:57:48 --> Unable to connect to the database.
Main connection [MySQLi]: Connection timed out
in SYSTEMPATH/Database/BaseConnection.php on line 418.
 1 SYSTEMPATH/Database/BaseConnection.php(561): CodeIgniter\Database\BaseConnection->initialize()
 2 SYSTEMPATH/Database/BaseBuilder.php(1585): CodeIgniter\Database\BaseConnection->query()
 3 SYSTEMPATH/Validation/Rules.php(104): CodeIgniter\Database\BaseBuilder->get()
 4 SYSTEMPATH/Validation/Validation.php(315): CodeIgniter\Validation\Rules->is_not_unique()
 5 SYSTEMPATH/Validation/Validation.php(175): CodeIgniter\Validation\Validation->processRules()
 6 SYSTEMPATH/Controller.php(140): CodeIgniter\Validation\Validation->run()
 7 APPPATH/Controllers/Account.php(45): CodeIgniter\Controller->validate()
 8 SYSTEMPATH/CodeIgniter.php(927): App\Controllers\Account->signin()
 9 SYSTEMPATH/CodeIgniter.php(482): CodeIgniter\CodeIgniter->runController()
10 SYSTEMPATH/CodeIgniter.php(351): CodeIgniter\CodeIgniter->handleRequest()
11 FCPATH/index.php(67): CodeIgniter\CodeIgniter->run()
ERROR - 2023-09-22 23:58:04 --> Error connecting to the database: mysqli_sql_exception: Access denied for user 'u696532059_root'@'2a02:4780:3::d' (using password: NO) in /home/u696532059/domains/bituinflowershop.com/public_html/system/Database/MySQLi/Connection.php:171
Stack trace:
#0 /home/u696532059/domains/bituinflowershop.com/public_html/system/Database/MySQLi/Connection.php(171): mysqli->real_connect()
#1 /home/u696532059/domains/bituinflowershop.com/public_html/system/Database/BaseConnection.php(382): CodeIgniter\Database\MySQLi\Connection->connect()
#2 /home/u696532059/domains/bituinflowershop.com/public_html/system/Database/BaseConnection.php(561): CodeIgniter\Database\BaseConnection->initialize()
#3 /home/u696532059/domains/bituinflowershop.com/public_html/system/Database/BaseBuilder.php(1585): CodeIgniter\Database\BaseConnection->query()
#4 /home/u696532059/domains/bituinflowershop.com/public_html/system/Validation/Rules.php(104): CodeIgniter\Database\BaseBuilder->get()
#5 /home/u696532059/domains/bituinflowershop.com/public_html/system/Validation/Validation.php(315): CodeIgniter\Validation\Rules->is_not_unique()
#6 /home/u696532059/domains/bituinflowershop.com/public_html/system/Validation/Validation.php(175): CodeIgniter\Validation\Validation->processRules()
#7 /home/u696532059/domains/bituinflowershop.com/public_html/system/Controller.php(140): CodeIgniter\Validation\Validation->run()
#8 /home/u696532059/domains/bituinflowershop.com/public_html/app/Controllers/Account.php(45): CodeIgniter\Controller->validate()
#9 /home/u696532059/domains/bituinflowershop.com/public_html/system/CodeIgniter.php(927): App\Controllers\Account->signin()
#10 /home/u696532059/domains/bituinflowershop.com/public_html/system/CodeIgniter.php(482): CodeIgniter\CodeIgniter->runController()
#11 /home/u696532059/domains/bituinflowershop.com/public_html/system/CodeIgniter.php(351): CodeIgniter\CodeIgniter->handleRequest()
#12 /home/u696532059/domains/bituinflowershop.com/public_html/public/index.php(67): CodeIgniter\CodeIgniter->run()
#13 {main}

Next CodeIgniter\Database\Exceptions\DatabaseException: Access denied for user '****'@'2a02:4780:3::d' (using password: NO) in /home/u696532059/domains/bituinflowershop.com/public_html/system/Database/MySQLi/Connection.php:215
Stack trace:
#0 /home/u696532059/domains/bituinflowershop.com/public_html/system/Database/BaseConnection.php(382): CodeIgniter\Database\MySQLi\Connection->connect()
#1 /home/u696532059/domains/bituinflowershop.com/public_html/system/Database/BaseConnection.php(561): CodeIgniter\Database\BaseConnection->initialize()
#2 /home/u696532059/domains/bituinflowershop.com/public_html/system/Database/BaseBuilder.php(1585): CodeIgniter\Database\BaseConnection->query()
#3 /home/u696532059/domains/bituinflowershop.com/public_html/system/Validation/Rules.php(104): CodeIgniter\Database\BaseBuilder->get()
#4 /home/u696532059/domains/bituinflowershop.com/public_html/system/Validation/Validation.php(315): CodeIgniter\Validation\Rules->is_not_unique()
#5 /home/u696532059/domains/bituinflowershop.com/public_html/system/Validation/Validation.php(175): CodeIgniter\Validation\Validation->processRules()
#6 /home/u696532059/domains/bituinflowershop.com/public_html/system/Controller.php(140): CodeIgniter\Validation\Validation->run()
#7 /home/u696532059/domains/bituinflowershop.com/public_html/app/Controllers/Account.php(45): CodeIgniter\Controller->validate()
#8 /home/u696532059/domains/bituinflowershop.com/public_html/system/CodeIgniter.php(927): App\Controllers\Account->signin()
#9 /home/u696532059/domains/bituinflowershop.com/public_html/system/CodeIgniter.php(482): CodeIgniter\CodeIgniter->runController()
#10 /home/u696532059/domains/bituinflowershop.com/public_html/system/CodeIgniter.php(351): CodeIgniter\CodeIgniter->handleRequest()
#11 /home/u696532059/domains/bituinflowershop.com/public_html/public/index.php(67): CodeIgniter\CodeIgniter->run()
#12 {main}
CRITICAL - 2023-09-22 23:58:04 --> Unable to connect to the database.
Main connection [MySQLi]: Access denied for user '****'@'2a02:4780:3::d' (using password: NO)
in SYSTEMPATH/Database/BaseConnection.php on line 418.
 1 SYSTEMPATH/Database/BaseConnection.php(561): CodeIgniter\Database\BaseConnection->initialize()
 2 SYSTEMPATH/Database/BaseBuilder.php(1585): CodeIgniter\Database\BaseConnection->query()
 3 SYSTEMPATH/Validation/Rules.php(104): CodeIgniter\Database\BaseBuilder->get()
 4 SYSTEMPATH/Validation/Validation.php(315): CodeIgniter\Validation\Rules->is_not_unique()
 5 SYSTEMPATH/Validation/Validation.php(175): CodeIgniter\Validation\Validation->processRules()
 6 SYSTEMPATH/Controller.php(140): CodeIgniter\Validation\Validation->run()
 7 APPPATH/Controllers/Account.php(45): CodeIgniter\Controller->validate()
 8 SYSTEMPATH/CodeIgniter.php(927): App\Controllers\Account->signin()
 9 SYSTEMPATH/CodeIgniter.php(482): CodeIgniter\CodeIgniter->runController()
10 SYSTEMPATH/CodeIgniter.php(351): CodeIgniter\CodeIgniter->handleRequest()
11 FCPATH/index.php(67): CodeIgniter\CodeIgniter->run()
ERROR - 2023-09-22 23:58:47 --> Error connecting to the database: mysqli_sql_exception: Network is unreachable in /home/u696532059/domains/bituinflowershop.com/public_html/system/Database/MySQLi/Connection.php:171
Stack trace:
#0 /home/u696532059/domains/bituinflowershop.com/public_html/system/Database/MySQLi/Connection.php(171): mysqli->real_connect()
#1 /home/u696532059/domains/bituinflowershop.com/public_html/system/Database/BaseConnection.php(382): CodeIgniter\Database\MySQLi\Connection->connect()
#2 /home/u696532059/domains/bituinflowershop.com/public_html/system/Database/BaseConnection.php(561): CodeIgniter\Database\BaseConnection->initialize()
#3 /home/u696532059/domains/bituinflowershop.com/public_html/system/Database/BaseBuilder.php(1585): CodeIgniter\Database\BaseConnection->query()
#4 /home/u696532059/domains/bituinflowershop.com/public_html/system/Validation/Rules.php(104): CodeIgniter\Database\BaseBuilder->get()
#5 /home/u696532059/domains/bituinflowershop.com/public_html/system/Validation/Validation.php(315): CodeIgniter\Validation\Rules->is_not_unique()
#6 /home/u696532059/domains/bituinflowershop.com/public_html/system/Validation/Validation.php(175): CodeIgniter\Validation\Validation->processRules()
#7 /home/u696532059/domains/bituinflowershop.com/public_html/system/Controller.php(140): CodeIgniter\Validation\Validation->run()
#8 /home/u696532059/domains/bituinflowershop.com/public_html/app/Controllers/Account.php(45): CodeIgniter\Controller->validate()
#9 /home/u696532059/domains/bituinflowershop.com/public_html/system/CodeIgniter.php(927): App\Controllers\Account->signin()
#10 /home/u696532059/domains/bituinflowershop.com/public_html/system/CodeIgniter.php(482): CodeIgniter\CodeIgniter->runController()
#11 /home/u696532059/domains/bituinflowershop.com/public_html/system/CodeIgniter.php(351): CodeIgniter\CodeIgniter->handleRequest()
#12 /home/u696532059/domains/bituinflowershop.com/public_html/public/index.php(67): CodeIgniter\CodeIgniter->run()
#13 {main}

Next CodeIgniter\Database\Exceptions\DatabaseException: Network is unreachable in /home/u696532059/domains/bituinflowershop.com/public_html/system/Database/MySQLi/Connection.php:215
Stack trace:
#0 /home/u696532059/domains/bituinflowershop.com/public_html/system/Database/BaseConnection.php(382): CodeIgniter\Database\MySQLi\Connection->connect()
#1 /home/u696532059/domains/bituinflowershop.com/public_html/system/Database/BaseConnection.php(561): CodeIgniter\Database\BaseConnection->initialize()
#2 /home/u696532059/domains/bituinflowershop.com/public_html/system/Database/BaseBuilder.php(1585): CodeIgniter\Database\BaseConnection->query()
#3 /home/u696532059/domains/bituinflowershop.com/public_html/system/Validation/Rules.php(104): CodeIgniter\Database\BaseBuilder->get()
#4 /home/u696532059/domains/bituinflowershop.com/public_html/system/Validation/Validation.php(315): CodeIgniter\Validation\Rules->is_not_unique()
#5 /home/u696532059/domains/bituinflowershop.com/public_html/system/Validation/Validation.php(175): CodeIgniter\Validation\Validation->processRules()
#6 /home/u696532059/domains/bituinflowershop.com/public_html/system/Controller.php(140): CodeIgniter\Validation\Validation->run()
#7 /home/u696532059/domains/bituinflowershop.com/public_html/app/Controllers/Account.php(45): CodeIgniter\Controller->validate()
#8 /home/u696532059/domains/bituinflowershop.com/public_html/system/CodeIgniter.php(927): App\Controllers\Account->signin()
#9 /home/u696532059/domains/bituinflowershop.com/public_html/system/CodeIgniter.php(482): CodeIgniter\CodeIgniter->runController()
#10 /home/u696532059/domains/bituinflowershop.com/public_html/system/CodeIgniter.php(351): CodeIgniter\CodeIgniter->handleRequest()
#11 /home/u696532059/domains/bituinflowershop.com/public_html/public/index.php(67): CodeIgniter\CodeIgniter->run()
#12 {main}
CRITICAL - 2023-09-22 23:58:47 --> Unable to connect to the database.
Main connection [MySQLi]: Network is unreachable
in SYSTEMPATH/Database/BaseConnection.php on line 418.
 1 SYSTEMPATH/Database/BaseConnection.php(561): CodeIgniter\Database\BaseConnection->initialize()
 2 SYSTEMPATH/Database/BaseBuilder.php(1585): CodeIgniter\Database\BaseConnection->query()
 3 SYSTEMPATH/Validation/Rules.php(104): CodeIgniter\Database\BaseBuilder->get()
 4 SYSTEMPATH/Validation/Validation.php(315): CodeIgniter\Validation\Rules->is_not_unique()
 5 SYSTEMPATH/Validation/Validation.php(175): CodeIgniter\Validation\Validation->processRules()
 6 SYSTEMPATH/Controller.php(140): CodeIgniter\Validation\Validation->run()
 7 APPPATH/Controllers/Account.php(45): CodeIgniter\Controller->validate()
 8 SYSTEMPATH/CodeIgniter.php(927): App\Controllers\Account->signin()
 9 SYSTEMPATH/CodeIgniter.php(482): CodeIgniter\CodeIgniter->runController()
10 SYSTEMPATH/CodeIgniter.php(351): CodeIgniter\CodeIgniter->handleRequest()
11 FCPATH/index.php(67): CodeIgniter\CodeIgniter->run()
