CRITICAL - 2023-10-02 01:48:57 --> Undefined array key "booking_date_formatted"
in APPPATH/Views/home/bookings/my_booking.php on line 484.
 1 APPPATH/Views/home/bookings/my_booking.php(484): CodeIgniter\Debug\Exceptions->errorHandler()
 2 SYSTEMPATH/View/View.php(213): include('APPPATH/Views/home/bookings/my_booking.php')
 3 SYSTEMPATH/View/View.php(216): CodeIgniter\View\View->CodeIgniter\View\{closure}()
 4 SYSTEMPATH/Common.php(1134): CodeIgniter\View\View->render()
 5 APPPATH/Controllers/Booking.php(160): view()
 6 SYSTEMPATH/CodeIgniter.php(927): App\Controllers\Booking->my_booking()
 7 SYSTEMPATH/CodeIgniter.php(482): CodeIgniter\CodeIgniter->runController()
 8 SYSTEMPATH/CodeIgniter.php(351): CodeIgniter\CodeIgniter->handleRequest()
 9 FCPATH/index.php(67): CodeIgniter\CodeIgniter->run()
CRITICAL - 2023-10-02 01:58:25 --> Undefined array key "status"
in APPPATH/Views/home/bookings/my_booking.php on line 412.
 1 APPPATH/Views/home/bookings/my_booking.php(412): CodeIgniter\Debug\Exceptions->errorHandler()
 2 SYSTEMPATH/View/View.php(213): include('APPPATH/Views/home/bookings/my_booking.php')
 3 SYSTEMPATH/View/View.php(216): CodeIgniter\View\View->CodeIgniter\View\{closure}()
 4 SYSTEMPATH/Common.php(1134): CodeIgniter\View\View->render()
 5 APPPATH/Controllers/Booking.php(160): view()
 6 SYSTEMPATH/CodeIgniter.php(927): App\Controllers\Booking->my_booking()
 7 SYSTEMPATH/CodeIgniter.php(482): CodeIgniter\CodeIgniter->runController()
 8 SYSTEMPATH/CodeIgniter.php(351): CodeIgniter\CodeIgniter->handleRequest()
 9 FCPATH/index.php(67): CodeIgniter\CodeIgniter->run()
CRITICAL - 2023-10-02 18:13:30 --> Undefined variable $edit_payment
in APPPATH/Views/home/bookings/my_booking.php on line 442.
 1 APPPATH/Views/home/bookings/my_booking.php(442): CodeIgniter\Debug\Exceptions->errorHandler()
 2 SYSTEMPATH/View/View.php(213): include('APPPATH/Views/home/bookings/my_booking.php')
 3 SYSTEMPATH/View/View.php(216): CodeIgniter\View\View->CodeIgniter\View\{closure}()
 4 SYSTEMPATH/Common.php(1134): CodeIgniter\View\View->render()
 5 APPPATH/Controllers/Booking.php(160): view()
 6 SYSTEMPATH/CodeIgniter.php(927): App\Controllers\Booking->my_booking()
 7 SYSTEMPATH/CodeIgniter.php(482): CodeIgniter\CodeIgniter->runController()
 8 SYSTEMPATH/CodeIgniter.php(351): CodeIgniter\CodeIgniter->handleRequest()
 9 FCPATH/index.php(67): CodeIgniter\CodeIgniter->run()
CRITICAL - 2023-10-02 18:14:15 --> Undefined variable $edit_payment
in APPPATH/Views/home/bookings/my_booking.php on line 452.
 1 APPPATH/Views/home/bookings/my_booking.php(452): CodeIgniter\Debug\Exceptions->errorHandler()
 2 SYSTEMPATH/View/View.php(213): include('APPPATH/Views/home/bookings/my_booking.php')
 3 SYSTEMPATH/View/View.php(216): CodeIgniter\View\View->CodeIgniter\View\{closure}()
 4 SYSTEMPATH/Common.php(1134): CodeIgniter\View\View->render()
 5 APPPATH/Controllers/Booking.php(160): view()
 6 SYSTEMPATH/CodeIgniter.php(927): App\Controllers\Booking->my_booking()
 7 SYSTEMPATH/CodeIgniter.php(482): CodeIgniter\CodeIgniter->runController()
 8 SYSTEMPATH/CodeIgniter.php(351): CodeIgniter\CodeIgniter->handleRequest()
 9 FCPATH/index.php(67): CodeIgniter\CodeIgniter->run()
CRITICAL - 2023-10-02 18:14:23 --> Undefined variable $validation
in APPPATH/Views/home/bookings/my_booking.php on line 456.
 1 APPPATH/Views/home/bookings/my_booking.php(456): CodeIgniter\Debug\Exceptions->errorHandler()
 2 SYSTEMPATH/View/View.php(213): include('APPPATH/Views/home/bookings/my_booking.php')
 3 SYSTEMPATH/View/View.php(216): CodeIgniter\View\View->CodeIgniter\View\{closure}()
 4 SYSTEMPATH/Common.php(1134): CodeIgniter\View\View->render()
 5 APPPATH/Controllers/Booking.php(160): view()
 6 SYSTEMPATH/CodeIgniter.php(927): App\Controllers\Booking->my_booking()
 7 SYSTEMPATH/CodeIgniter.php(482): CodeIgniter\CodeIgniter->runController()
 8 SYSTEMPATH/CodeIgniter.php(351): CodeIgniter\CodeIgniter->handleRequest()
 9 FCPATH/index.php(67): CodeIgniter\CodeIgniter->run()
CRITICAL - 2023-10-02 18:16:02 --> strtotime(): Passing null to parameter #1 ($datetime) of type string is deprecated
in APPPATH/Controllers/Booking.php on line 267.
 1 [internal function]: CodeIgniter\Debug\Exceptions->errorHandler()
 2 APPPATH/Controllers/Booking.php(267): strtotime()
 3 SYSTEMPATH/CodeIgniter.php(927): App\Controllers\Booking->update_payment()
 4 SYSTEMPATH/CodeIgniter.php(482): CodeIgniter\CodeIgniter->runController()
 5 SYSTEMPATH/CodeIgniter.php(351): CodeIgniter\CodeIgniter->handleRequest()
 6 FCPATH/index.php(67): CodeIgniter\CodeIgniter->run()
CRITICAL - 2023-10-02 18:18:35 --> strtotime(): Passing null to parameter #1 ($datetime) of type string is deprecated
in APPPATH/Controllers/Booking.php on line 267.
 1 [internal function]: CodeIgniter\Debug\Exceptions->errorHandler()
 2 APPPATH/Controllers/Booking.php(267): strtotime()
 3 SYSTEMPATH/CodeIgniter.php(927): App\Controllers\Booking->update_payment()
 4 SYSTEMPATH/CodeIgniter.php(482): CodeIgniter\CodeIgniter->runController()
 5 SYSTEMPATH/CodeIgniter.php(351): CodeIgniter\CodeIgniter->handleRequest()
 6 FCPATH/index.php(67): CodeIgniter\CodeIgniter->run()
CRITICAL - 2023-10-02 18:20:07 --> Undefined variable $start
in APPPATH/Controllers/Booking.php on line 264.
 1 APPPATH/Controllers/Booking.php(264): CodeIgniter\Debug\Exceptions->errorHandler()
 2 SYSTEMPATH/CodeIgniter.php(927): App\Controllers\Booking->update_payment()
 3 SYSTEMPATH/CodeIgniter.php(482): CodeIgniter\CodeIgniter->runController()
 4 SYSTEMPATH/CodeIgniter.php(351): CodeIgniter\CodeIgniter->handleRequest()
 5 FCPATH/index.php(67): CodeIgniter\CodeIgniter->run()
CRITICAL - 2023-10-02 18:20:54 --> Undefined variable $start
in APPPATH/Controllers/Booking.php on line 267.
 1 APPPATH/Controllers/Booking.php(267): CodeIgniter\Debug\Exceptions->errorHandler()
 2 SYSTEMPATH/CodeIgniter.php(927): App\Controllers\Booking->update_payment()
 3 SYSTEMPATH/CodeIgniter.php(482): CodeIgniter\CodeIgniter->runController()
 4 SYSTEMPATH/CodeIgniter.php(351): CodeIgniter\CodeIgniter->handleRequest()
 5 FCPATH/index.php(67): CodeIgniter\CodeIgniter->run()
CRITICAL - 2023-10-02 18:21:35 --> Undefined variable $start
in APPPATH/Controllers/Booking.php on line 267.
 1 APPPATH/Controllers/Booking.php(267): CodeIgniter\Debug\Exceptions->errorHandler()
 2 SYSTEMPATH/CodeIgniter.php(927): App\Controllers\Booking->update_payment()
 3 SYSTEMPATH/CodeIgniter.php(482): CodeIgniter\CodeIgniter->runController()
 4 SYSTEMPATH/CodeIgniter.php(351): CodeIgniter\CodeIgniter->handleRequest()
 5 FCPATH/index.php(67): CodeIgniter\CodeIgniter->run()
ERROR - 2023-10-02 18:33:04 --> mysqli_sql_exception: Column 'payment_amount' cannot be null in /home/u696532059/domains/bituinflowershop.com/public_html/system/Database/MySQLi/Connection.php:292
Stack trace:
#0 /home/u696532059/domains/bituinflowershop.com/public_html/system/Database/MySQLi/Connection.php(292): mysqli->query()
#1 /home/u696532059/domains/bituinflowershop.com/public_html/system/Database/BaseConnection.php(666): CodeIgniter\Database\MySQLi\Connection->execute()
#2 /home/u696532059/domains/bituinflowershop.com/public_html/system/Database/BaseConnection.php(593): CodeIgniter\Database\BaseConnection->simpleQuery()
#3 /home/u696532059/domains/bituinflowershop.com/public_html/system/Database/BaseBuilder.php(1916): CodeIgniter\Database\BaseConnection->query()
#4 /home/u696532059/domains/bituinflowershop.com/public_html/system/Model.php(279): CodeIgniter\Database\BaseBuilder->insert()
#5 /home/u696532059/domains/bituinflowershop.com/public_html/system/BaseModel.php(749): CodeIgniter\Model->doInsert()
#6 /home/u696532059/domains/bituinflowershop.com/public_html/system/Model.php(667): CodeIgniter\BaseModel->insert()
#7 /home/u696532059/domains/bituinflowershop.com/public_html/system/BaseModel.php(659): CodeIgniter\Model->insert()
#8 /home/u696532059/domains/bituinflowershop.com/public_html/app/Controllers/Booking.php(118): CodeIgniter\BaseModel->save()
#9 /home/u696532059/domains/bituinflowershop.com/public_html/system/CodeIgniter.php(927): App\Controllers\Booking->book_now()
#10 /home/u696532059/domains/bituinflowershop.com/public_html/system/CodeIgniter.php(482): CodeIgniter\CodeIgniter->runController()
#11 /home/u696532059/domains/bituinflowershop.com/public_html/system/CodeIgniter.php(351): CodeIgniter\CodeIgniter->handleRequest()
#12 /home/u696532059/domains/bituinflowershop.com/public_html/public/index.php(67): CodeIgniter\CodeIgniter->run()
#13 {main}
CRITICAL - 2023-10-02 18:33:04 --> Column 'payment_amount' cannot be null
in SYSTEMPATH/Database/MySQLi/Connection.php on line 292.
 1 SYSTEMPATH/Database/MySQLi/Connection.php(292): mysqli->query()
 2 SYSTEMPATH/Database/BaseConnection.php(666): CodeIgniter\Database\MySQLi\Connection->execute()
 3 SYSTEMPATH/Database/BaseConnection.php(593): CodeIgniter\Database\BaseConnection->simpleQuery()
 4 SYSTEMPATH/Database/BaseBuilder.php(1916): CodeIgniter\Database\BaseConnection->query()
 5 SYSTEMPATH/Model.php(279): CodeIgniter\Database\BaseBuilder->insert()
 6 SYSTEMPATH/BaseModel.php(749): CodeIgniter\Model->doInsert()
 7 SYSTEMPATH/Model.php(667): CodeIgniter\BaseModel->insert()
 8 SYSTEMPATH/BaseModel.php(659): CodeIgniter\Model->insert()
 9 APPPATH/Controllers/Booking.php(118): CodeIgniter\BaseModel->save()
10 SYSTEMPATH/CodeIgniter.php(927): App\Controllers\Booking->book_now()
11 SYSTEMPATH/CodeIgniter.php(482): CodeIgniter\CodeIgniter->runController()
12 SYSTEMPATH/CodeIgniter.php(351): CodeIgniter\CodeIgniter->handleRequest()
13 FCPATH/index.php(67): CodeIgniter\CodeIgniter->run()
CRITICAL - 2023-10-02 18:35:57 --> Undefined array key "id"
in APPPATH/Views/home/bookings/my_booking.php on line 442.
 1 APPPATH/Views/home/bookings/my_booking.php(442): CodeIgniter\Debug\Exceptions->errorHandler()
 2 SYSTEMPATH/View/View.php(213): include('APPPATH/Views/home/bookings/my_booking.php')
 3 SYSTEMPATH/View/View.php(216): CodeIgniter\View\View->CodeIgniter\View\{closure}()
 4 SYSTEMPATH/Common.php(1134): CodeIgniter\View\View->render()
 5 APPPATH/Controllers/Booking.php(162): view()
 6 SYSTEMPATH/CodeIgniter.php(927): App\Controllers\Booking->my_booking()
 7 SYSTEMPATH/CodeIgniter.php(482): CodeIgniter\CodeIgniter->runController()
 8 SYSTEMPATH/CodeIgniter.php(351): CodeIgniter\CodeIgniter->handleRequest()
 9 FCPATH/index.php(67): CodeIgniter\CodeIgniter->run()
CRITICAL - 2023-10-02 18:45:06 --> Undefined array key "id"
in APPPATH/Views/home/bookings/my_booking.php on line 442.
 1 APPPATH/Views/home/bookings/my_booking.php(442): CodeIgniter\Debug\Exceptions->errorHandler()
 2 SYSTEMPATH/View/View.php(213): include('APPPATH/Views/home/bookings/my_booking.php')
 3 SYSTEMPATH/View/View.php(216): CodeIgniter\View\View->CodeIgniter\View\{closure}()
 4 SYSTEMPATH/Common.php(1134): CodeIgniter\View\View->render()
 5 APPPATH/Controllers/Booking.php(162): view()
 6 SYSTEMPATH/CodeIgniter.php(927): App\Controllers\Booking->my_booking()
 7 SYSTEMPATH/CodeIgniter.php(482): CodeIgniter\CodeIgniter->runController()
 8 SYSTEMPATH/CodeIgniter.php(351): CodeIgniter\CodeIgniter->handleRequest()
 9 FCPATH/index.php(67): CodeIgniter\CodeIgniter->run()
CRITICAL - 2023-10-02 18:45:08 --> Undefined array key "id"
in APPPATH/Views/home/bookings/my_booking.php on line 442.
 1 APPPATH/Views/home/bookings/my_booking.php(442): CodeIgniter\Debug\Exceptions->errorHandler()
 2 SYSTEMPATH/View/View.php(213): include('APPPATH/Views/home/bookings/my_booking.php')
 3 SYSTEMPATH/View/View.php(216): CodeIgniter\View\View->CodeIgniter\View\{closure}()
 4 SYSTEMPATH/Common.php(1134): CodeIgniter\View\View->render()
 5 APPPATH/Controllers/Booking.php(162): view()
 6 SYSTEMPATH/CodeIgniter.php(927): App\Controllers\Booking->my_booking()
 7 SYSTEMPATH/CodeIgniter.php(482): CodeIgniter\CodeIgniter->runController()
 8 SYSTEMPATH/CodeIgniter.php(351): CodeIgniter\CodeIgniter->handleRequest()
 9 FCPATH/index.php(67): CodeIgniter\CodeIgniter->run()
CRITICAL - 2023-10-02 18:45:44 --> Undefined array key "id"
in APPPATH/Views/home/bookings/my_booking.php on line 442.
 1 APPPATH/Views/home/bookings/my_booking.php(442): CodeIgniter\Debug\Exceptions->errorHandler()
 2 SYSTEMPATH/View/View.php(213): include('APPPATH/Views/home/bookings/my_booking.php')
 3 SYSTEMPATH/View/View.php(216): CodeIgniter\View\View->CodeIgniter\View\{closure}()
 4 SYSTEMPATH/Common.php(1134): CodeIgniter\View\View->render()
 5 APPPATH/Controllers/Booking.php(162): view()
 6 SYSTEMPATH/CodeIgniter.php(927): App\Controllers\Booking->my_booking()
 7 SYSTEMPATH/CodeIgniter.php(482): CodeIgniter\CodeIgniter->runController()
 8 SYSTEMPATH/CodeIgniter.php(351): CodeIgniter\CodeIgniter->handleRequest()
 9 FCPATH/index.php(67): CodeIgniter\CodeIgniter->run()
CRITICAL - 2023-10-02 18:47:30 --> Undefined array key "id"
in APPPATH/Views/home/bookings/my_booking.php on line 442.
 1 APPPATH/Views/home/bookings/my_booking.php(442): CodeIgniter\Debug\Exceptions->errorHandler()
 2 SYSTEMPATH/View/View.php(213): include('APPPATH/Views/home/bookings/my_booking.php')
 3 SYSTEMPATH/View/View.php(216): CodeIgniter\View\View->CodeIgniter\View\{closure}()
 4 SYSTEMPATH/Common.php(1134): CodeIgniter\View\View->render()
 5 APPPATH/Controllers/Booking.php(162): view()
 6 SYSTEMPATH/CodeIgniter.php(927): App\Controllers\Booking->my_booking()
 7 SYSTEMPATH/CodeIgniter.php(482): CodeIgniter\CodeIgniter->runController()
 8 SYSTEMPATH/CodeIgniter.php(351): CodeIgniter\CodeIgniter->handleRequest()
 9 FCPATH/index.php(67): CodeIgniter\CodeIgniter->run()
CRITICAL - 2023-10-02 18:47:45 --> Undefined array key "id"
in APPPATH/Views/home/bookings/my_booking.php on line 442.
 1 APPPATH/Views/home/bookings/my_booking.php(442): CodeIgniter\Debug\Exceptions->errorHandler()
 2 SYSTEMPATH/View/View.php(213): include('APPPATH/Views/home/bookings/my_booking.php')
 3 SYSTEMPATH/View/View.php(216): CodeIgniter\View\View->CodeIgniter\View\{closure}()
 4 SYSTEMPATH/Common.php(1134): CodeIgniter\View\View->render()
 5 APPPATH/Controllers/Booking.php(162): view()
 6 SYSTEMPATH/CodeIgniter.php(927): App\Controllers\Booking->my_booking()
 7 SYSTEMPATH/CodeIgniter.php(482): CodeIgniter\CodeIgniter->runController()
 8 SYSTEMPATH/CodeIgniter.php(351): CodeIgniter\CodeIgniter->handleRequest()
 9 FCPATH/index.php(67): CodeIgniter\CodeIgniter->run()
CRITICAL - 2023-10-02 18:48:44 --> Undefined array key "id"
in APPPATH/Views/home/bookings/my_booking.php on line 442.
 1 APPPATH/Views/home/bookings/my_booking.php(442): CodeIgniter\Debug\Exceptions->errorHandler()
 2 SYSTEMPATH/View/View.php(213): include('APPPATH/Views/home/bookings/my_booking.php')
 3 SYSTEMPATH/View/View.php(216): CodeIgniter\View\View->CodeIgniter\View\{closure}()
 4 SYSTEMPATH/Common.php(1134): CodeIgniter\View\View->render()
 5 APPPATH/Controllers/Booking.php(162): view()
 6 SYSTEMPATH/CodeIgniter.php(927): App\Controllers\Booking->my_booking()
 7 SYSTEMPATH/CodeIgniter.php(482): CodeIgniter\CodeIgniter->runController()
 8 SYSTEMPATH/CodeIgniter.php(351): CodeIgniter\CodeIgniter->handleRequest()
 9 FCPATH/index.php(67): CodeIgniter\CodeIgniter->run()
CRITICAL - 2023-10-02 18:49:19 --> Undefined array key "id"
in APPPATH/Views/home/bookings/my_booking.php on line 453.
 1 APPPATH/Views/home/bookings/my_booking.php(453): CodeIgniter\Debug\Exceptions->errorHandler()
 2 SYSTEMPATH/View/View.php(213): include('APPPATH/Views/home/bookings/my_booking.php')
 3 SYSTEMPATH/View/View.php(216): CodeIgniter\View\View->CodeIgniter\View\{closure}()
 4 SYSTEMPATH/Common.php(1134): CodeIgniter\View\View->render()
 5 APPPATH/Controllers/Booking.php(162): view()
 6 SYSTEMPATH/CodeIgniter.php(927): App\Controllers\Booking->my_booking()
 7 SYSTEMPATH/CodeIgniter.php(482): CodeIgniter\CodeIgniter->runController()
 8 SYSTEMPATH/CodeIgniter.php(351): CodeIgniter\CodeIgniter->handleRequest()
 9 FCPATH/index.php(67): CodeIgniter\CodeIgniter->run()
CRITICAL - 2023-10-02 19:22:17 --> Undefined array key "booking_date_formatted"
in APPPATH/Views/home/bookings/my_booking.php on line 412.
 1 APPPATH/Views/home/bookings/my_booking.php(412): CodeIgniter\Debug\Exceptions->errorHandler()
 2 SYSTEMPATH/View/View.php(213): include('APPPATH/Views/home/bookings/my_booking.php')
 3 SYSTEMPATH/View/View.php(216): CodeIgniter\View\View->CodeIgniter\View\{closure}()
 4 SYSTEMPATH/Common.php(1134): CodeIgniter\View\View->render()
 5 APPPATH/Controllers/Booking.php(162): view()
 6 SYSTEMPATH/CodeIgniter.php(927): App\Controllers\Booking->my_booking()
 7 SYSTEMPATH/CodeIgniter.php(482): CodeIgniter\CodeIgniter->runController()
 8 SYSTEMPATH/CodeIgniter.php(351): CodeIgniter\CodeIgniter->handleRequest()
 9 FCPATH/index.php(67): CodeIgniter\CodeIgniter->run()
CRITICAL - 2023-10-02 19:40:02 --> Invalid file: includes/template.php
in SYSTEMPATH/Exceptions/FrameworkException.php on line 33.
 1 SYSTEMPATH/View/View.php(201): CodeIgniter\Exceptions\FrameworkException::forInvalidFile()
 2 SYSTEMPATH/Common.php(1134): CodeIgniter\View\View->render()
 3 APPPATH/Controllers/Customize.php(119): view()
 4 SYSTEMPATH/CodeIgniter.php(927): App\Controllers\Customize->customize()
 5 SYSTEMPATH/CodeIgniter.php(482): CodeIgniter\CodeIgniter->runController()
 6 SYSTEMPATH/CodeIgniter.php(351): CodeIgniter\CodeIgniter->handleRequest()
 7 FCPATH/index.php(67): CodeIgniter\CodeIgniter->run()
