CRITICAL - 2023-11-18 02:10:15 --> Undefined variable $order_id
in APPPATH/Controllers/Customize.php on line 195.
 1 APPPATH/Controllers/Customize.php(195): CodeIgniter\Debug\Exceptions->errorHandler()
 2 SYSTEMPATH/CodeIgniter.php(927): App\Controllers\Customize->small_customize()
 3 SYSTEMPATH/CodeIgniter.php(482): CodeIgniter\CodeIgniter->runController()
 4 SYSTEMPATH/CodeIgniter.php(351): CodeIgniter\CodeIgniter->handleRequest()
 5 FCPATH/index.php(67): CodeIgniter\CodeIgniter->run()
CRITICAL - 2023-11-18 02:21:19 --> Undefined variable $order_id
in APPPATH/Controllers/Customize.php on line 191.
 1 APPPATH/Controllers/Customize.php(191): CodeIgniter\Debug\Exceptions->errorHandler()
 2 SYSTEMPATH/CodeIgniter.php(927): App\Controllers\Customize->small_customize()
 3 SYSTEMPATH/CodeIgniter.php(482): CodeIgniter\CodeIgniter->runController()
 4 SYSTEMPATH/CodeIgniter.php(351): CodeIgniter\CodeIgniter->handleRequest()
 5 FCPATH/index.php(67): CodeIgniter\CodeIgniter->run()
ERROR - 2023-11-18 02:30:13 --> mysqli_sql_exception: Column 'item_qty' cannot be null in /home/u696532059/domains/bituinflowershop.com/public_html/system/Database/MySQLi/Connection.php:292
Stack trace:
#0 /home/u696532059/domains/bituinflowershop.com/public_html/system/Database/MySQLi/Connection.php(292): mysqli->query()
#1 /home/u696532059/domains/bituinflowershop.com/public_html/system/Database/BaseConnection.php(666): CodeIgniter\Database\MySQLi\Connection->execute()
#2 /home/u696532059/domains/bituinflowershop.com/public_html/system/Database/BaseConnection.php(593): CodeIgniter\Database\BaseConnection->simpleQuery()
#3 /home/u696532059/domains/bituinflowershop.com/public_html/system/Database/BaseBuilder.php(1916): CodeIgniter\Database\BaseConnection->query()
#4 /home/u696532059/domains/bituinflowershop.com/public_html/system/Model.php(279): CodeIgniter\Database\BaseBuilder->insert()
#5 /home/u696532059/domains/bituinflowershop.com/public_html/system/BaseModel.php(749): CodeIgniter\Model->doInsert()
#6 /home/u696532059/domains/bituinflowershop.com/public_html/system/Model.php(667): CodeIgniter\BaseModel->insert()
#7 /home/u696532059/domains/bituinflowershop.com/public_html/app/Controllers/Customize.php(199): CodeIgniter\Model->insert()
#8 /home/u696532059/domains/bituinflowershop.com/public_html/system/CodeIgniter.php(927): App\Controllers\Customize->small_customize()
#9 /home/u696532059/domains/bituinflowershop.com/public_html/system/CodeIgniter.php(482): CodeIgniter\CodeIgniter->runController()
#10 /home/u696532059/domains/bituinflowershop.com/public_html/system/CodeIgniter.php(351): CodeIgniter\CodeIgniter->handleRequest()
#11 /home/u696532059/domains/bituinflowershop.com/public_html/public/index.php(67): CodeIgniter\CodeIgniter->run()
#12 {main}
CRITICAL - 2023-11-18 02:30:13 --> Column 'item_qty' cannot be null
in SYSTEMPATH/Database/MySQLi/Connection.php on line 292.
 1 SYSTEMPATH/Database/MySQLi/Connection.php(292): mysqli->query()
 2 SYSTEMPATH/Database/BaseConnection.php(666): CodeIgniter\Database\MySQLi\Connection->execute()
 3 SYSTEMPATH/Database/BaseConnection.php(593): CodeIgniter\Database\BaseConnection->simpleQuery()
 4 SYSTEMPATH/Database/BaseBuilder.php(1916): CodeIgniter\Database\BaseConnection->query()
 5 SYSTEMPATH/Model.php(279): CodeIgniter\Database\BaseBuilder->insert()
 6 SYSTEMPATH/BaseModel.php(749): CodeIgniter\Model->doInsert()
 7 SYSTEMPATH/Model.php(667): CodeIgniter\BaseModel->insert()
 8 APPPATH/Controllers/Customize.php(199): CodeIgniter\Model->insert()
 9 SYSTEMPATH/CodeIgniter.php(927): App\Controllers\Customize->small_customize()
10 SYSTEMPATH/CodeIgniter.php(482): CodeIgniter\CodeIgniter->runController()
11 SYSTEMPATH/CodeIgniter.php(351): CodeIgniter\CodeIgniter->handleRequest()
12 FCPATH/index.php(67): CodeIgniter\CodeIgniter->run()
ERROR - 2023-11-18 02:33:54 --> mysqli_sql_exception: Column 'item_image' cannot be null in /home/u696532059/domains/bituinflowershop.com/public_html/system/Database/MySQLi/Connection.php:292
Stack trace:
#0 /home/u696532059/domains/bituinflowershop.com/public_html/system/Database/MySQLi/Connection.php(292): mysqli->query()
#1 /home/u696532059/domains/bituinflowershop.com/public_html/system/Database/BaseConnection.php(666): CodeIgniter\Database\MySQLi\Connection->execute()
#2 /home/u696532059/domains/bituinflowershop.com/public_html/system/Database/BaseConnection.php(593): CodeIgniter\Database\BaseConnection->simpleQuery()
#3 /home/u696532059/domains/bituinflowershop.com/public_html/system/Database/BaseBuilder.php(1916): CodeIgniter\Database\BaseConnection->query()
#4 /home/u696532059/domains/bituinflowershop.com/public_html/system/Model.php(279): CodeIgniter\Database\BaseBuilder->insert()
#5 /home/u696532059/domains/bituinflowershop.com/public_html/system/BaseModel.php(749): CodeIgniter\Model->doInsert()
#6 /home/u696532059/domains/bituinflowershop.com/public_html/system/Model.php(667): CodeIgniter\BaseModel->insert()
#7 /home/u696532059/domains/bituinflowershop.com/public_html/app/Controllers/Customize.php(200): CodeIgniter\Model->insert()
#8 /home/u696532059/domains/bituinflowershop.com/public_html/system/CodeIgniter.php(927): App\Controllers\Customize->small_customize()
#9 /home/u696532059/domains/bituinflowershop.com/public_html/system/CodeIgniter.php(482): CodeIgniter\CodeIgniter->runController()
#10 /home/u696532059/domains/bituinflowershop.com/public_html/system/CodeIgniter.php(351): CodeIgniter\CodeIgniter->handleRequest()
#11 /home/u696532059/domains/bituinflowershop.com/public_html/public/index.php(67): CodeIgniter\CodeIgniter->run()
#12 {main}
CRITICAL - 2023-11-18 02:33:54 --> Column 'item_image' cannot be null
in SYSTEMPATH/Database/MySQLi/Connection.php on line 292.
 1 SYSTEMPATH/Database/MySQLi/Connection.php(292): mysqli->query()
 2 SYSTEMPATH/Database/BaseConnection.php(666): CodeIgniter\Database\MySQLi\Connection->execute()
 3 SYSTEMPATH/Database/BaseConnection.php(593): CodeIgniter\Database\BaseConnection->simpleQuery()
 4 SYSTEMPATH/Database/BaseBuilder.php(1916): CodeIgniter\Database\BaseConnection->query()
 5 SYSTEMPATH/Model.php(279): CodeIgniter\Database\BaseBuilder->insert()
 6 SYSTEMPATH/BaseModel.php(749): CodeIgniter\Model->doInsert()
 7 SYSTEMPATH/Model.php(667): CodeIgniter\BaseModel->insert()
 8 APPPATH/Controllers/Customize.php(200): CodeIgniter\Model->insert()
 9 SYSTEMPATH/CodeIgniter.php(927): App\Controllers\Customize->small_customize()
10 SYSTEMPATH/CodeIgniter.php(482): CodeIgniter\CodeIgniter->runController()
11 SYSTEMPATH/CodeIgniter.php(351): CodeIgniter\CodeIgniter->handleRequest()
12 FCPATH/index.php(67): CodeIgniter\CodeIgniter->run()
ERROR - 2023-11-18 02:36:23 --> mysqli_sql_exception: Column 'item_image' cannot be null in /home/u696532059/domains/bituinflowershop.com/public_html/system/Database/MySQLi/Connection.php:292
Stack trace:
#0 /home/u696532059/domains/bituinflowershop.com/public_html/system/Database/MySQLi/Connection.php(292): mysqli->query()
#1 /home/u696532059/domains/bituinflowershop.com/public_html/system/Database/BaseConnection.php(666): CodeIgniter\Database\MySQLi\Connection->execute()
#2 /home/u696532059/domains/bituinflowershop.com/public_html/system/Database/BaseConnection.php(593): CodeIgniter\Database\BaseConnection->simpleQuery()
#3 /home/u696532059/domains/bituinflowershop.com/public_html/system/Database/BaseBuilder.php(1916): CodeIgniter\Database\BaseConnection->query()
#4 /home/u696532059/domains/bituinflowershop.com/public_html/system/Model.php(279): CodeIgniter\Database\BaseBuilder->insert()
#5 /home/u696532059/domains/bituinflowershop.com/public_html/system/BaseModel.php(749): CodeIgniter\Model->doInsert()
#6 /home/u696532059/domains/bituinflowershop.com/public_html/system/Model.php(667): CodeIgniter\BaseModel->insert()
#7 /home/u696532059/domains/bituinflowershop.com/public_html/app/Controllers/Customize.php(200): CodeIgniter\Model->insert()
#8 /home/u696532059/domains/bituinflowershop.com/public_html/system/CodeIgniter.php(927): App\Controllers\Customize->small_customize()
#9 /home/u696532059/domains/bituinflowershop.com/public_html/system/CodeIgniter.php(482): CodeIgniter\CodeIgniter->runController()
#10 /home/u696532059/domains/bituinflowershop.com/public_html/system/CodeIgniter.php(351): CodeIgniter\CodeIgniter->handleRequest()
#11 /home/u696532059/domains/bituinflowershop.com/public_html/public/index.php(67): CodeIgniter\CodeIgniter->run()
#12 {main}
CRITICAL - 2023-11-18 02:36:23 --> Column 'item_image' cannot be null
in SYSTEMPATH/Database/MySQLi/Connection.php on line 292.
 1 SYSTEMPATH/Database/MySQLi/Connection.php(292): mysqli->query()
 2 SYSTEMPATH/Database/BaseConnection.php(666): CodeIgniter\Database\MySQLi\Connection->execute()
 3 SYSTEMPATH/Database/BaseConnection.php(593): CodeIgniter\Database\BaseConnection->simpleQuery()
 4 SYSTEMPATH/Database/BaseBuilder.php(1916): CodeIgniter\Database\BaseConnection->query()
 5 SYSTEMPATH/Model.php(279): CodeIgniter\Database\BaseBuilder->insert()
 6 SYSTEMPATH/BaseModel.php(749): CodeIgniter\Model->doInsert()
 7 SYSTEMPATH/Model.php(667): CodeIgniter\BaseModel->insert()
 8 APPPATH/Controllers/Customize.php(200): CodeIgniter\Model->insert()
 9 SYSTEMPATH/CodeIgniter.php(927): App\Controllers\Customize->small_customize()
10 SYSTEMPATH/CodeIgniter.php(482): CodeIgniter\CodeIgniter->runController()
11 SYSTEMPATH/CodeIgniter.php(351): CodeIgniter\CodeIgniter->handleRequest()
12 FCPATH/index.php(67): CodeIgniter\CodeIgniter->run()
ERROR - 2023-11-18 02:38:43 --> mysqli_sql_exception: Column 'item_image' cannot be null in /home/u696532059/domains/bituinflowershop.com/public_html/system/Database/MySQLi/Connection.php:292
Stack trace:
#0 /home/u696532059/domains/bituinflowershop.com/public_html/system/Database/MySQLi/Connection.php(292): mysqli->query()
#1 /home/u696532059/domains/bituinflowershop.com/public_html/system/Database/BaseConnection.php(666): CodeIgniter\Database\MySQLi\Connection->execute()
#2 /home/u696532059/domains/bituinflowershop.com/public_html/system/Database/BaseConnection.php(593): CodeIgniter\Database\BaseConnection->simpleQuery()
#3 /home/u696532059/domains/bituinflowershop.com/public_html/system/Database/BaseBuilder.php(1916): CodeIgniter\Database\BaseConnection->query()
#4 /home/u696532059/domains/bituinflowershop.com/public_html/system/Model.php(279): CodeIgniter\Database\BaseBuilder->insert()
#5 /home/u696532059/domains/bituinflowershop.com/public_html/system/BaseModel.php(749): CodeIgniter\Model->doInsert()
#6 /home/u696532059/domains/bituinflowershop.com/public_html/system/Model.php(667): CodeIgniter\BaseModel->insert()
#7 /home/u696532059/domains/bituinflowershop.com/public_html/app/Controllers/Customize.php(209): CodeIgniter\Model->insert()
#8 /home/u696532059/domains/bituinflowershop.com/public_html/system/CodeIgniter.php(927): App\Controllers\Customize->small_customize()
#9 /home/u696532059/domains/bituinflowershop.com/public_html/system/CodeIgniter.php(482): CodeIgniter\CodeIgniter->runController()
#10 /home/u696532059/domains/bituinflowershop.com/public_html/system/CodeIgniter.php(351): CodeIgniter\CodeIgniter->handleRequest()
#11 /home/u696532059/domains/bituinflowershop.com/public_html/public/index.php(67): CodeIgniter\CodeIgniter->run()
#12 {main}
CRITICAL - 2023-11-18 02:38:43 --> Column 'item_image' cannot be null
in SYSTEMPATH/Database/MySQLi/Connection.php on line 292.
 1 SYSTEMPATH/Database/MySQLi/Connection.php(292): mysqli->query()
 2 SYSTEMPATH/Database/BaseConnection.php(666): CodeIgniter\Database\MySQLi\Connection->execute()
 3 SYSTEMPATH/Database/BaseConnection.php(593): CodeIgniter\Database\BaseConnection->simpleQuery()
 4 SYSTEMPATH/Database/BaseBuilder.php(1916): CodeIgniter\Database\BaseConnection->query()
 5 SYSTEMPATH/Model.php(279): CodeIgniter\Database\BaseBuilder->insert()
 6 SYSTEMPATH/BaseModel.php(749): CodeIgniter\Model->doInsert()
 7 SYSTEMPATH/Model.php(667): CodeIgniter\BaseModel->insert()
 8 APPPATH/Controllers/Customize.php(209): CodeIgniter\Model->insert()
 9 SYSTEMPATH/CodeIgniter.php(927): App\Controllers\Customize->small_customize()
10 SYSTEMPATH/CodeIgniter.php(482): CodeIgniter\CodeIgniter->runController()
11 SYSTEMPATH/CodeIgniter.php(351): CodeIgniter\CodeIgniter->handleRequest()
12 FCPATH/index.php(67): CodeIgniter\CodeIgniter->run()
ERROR - 2023-11-18 02:40:26 --> mysqli_sql_exception: Column 'item_image' cannot be null in /home/u696532059/domains/bituinflowershop.com/public_html/system/Database/MySQLi/Connection.php:292
Stack trace:
#0 /home/u696532059/domains/bituinflowershop.com/public_html/system/Database/MySQLi/Connection.php(292): mysqli->query()
#1 /home/u696532059/domains/bituinflowershop.com/public_html/system/Database/BaseConnection.php(666): CodeIgniter\Database\MySQLi\Connection->execute()
#2 /home/u696532059/domains/bituinflowershop.com/public_html/system/Database/BaseConnection.php(593): CodeIgniter\Database\BaseConnection->simpleQuery()
#3 /home/u696532059/domains/bituinflowershop.com/public_html/system/Database/BaseBuilder.php(1916): CodeIgniter\Database\BaseConnection->query()
#4 /home/u696532059/domains/bituinflowershop.com/public_html/system/Model.php(279): CodeIgniter\Database\BaseBuilder->insert()
#5 /home/u696532059/domains/bituinflowershop.com/public_html/system/BaseModel.php(749): CodeIgniter\Model->doInsert()
#6 /home/u696532059/domains/bituinflowershop.com/public_html/system/Model.php(667): CodeIgniter\BaseModel->insert()
#7 /home/u696532059/domains/bituinflowershop.com/public_html/app/Controllers/Customize.php(209): CodeIgniter\Model->insert()
#8 /home/u696532059/domains/bituinflowershop.com/public_html/system/CodeIgniter.php(927): App\Controllers\Customize->small_customize()
#9 /home/u696532059/domains/bituinflowershop.com/public_html/system/CodeIgniter.php(482): CodeIgniter\CodeIgniter->runController()
#10 /home/u696532059/domains/bituinflowershop.com/public_html/system/CodeIgniter.php(351): CodeIgniter\CodeIgniter->handleRequest()
#11 /home/u696532059/domains/bituinflowershop.com/public_html/public/index.php(67): CodeIgniter\CodeIgniter->run()
#12 {main}
CRITICAL - 2023-11-18 02:40:26 --> Column 'item_image' cannot be null
in SYSTEMPATH/Database/MySQLi/Connection.php on line 292.
 1 SYSTEMPATH/Database/MySQLi/Connection.php(292): mysqli->query()
 2 SYSTEMPATH/Database/BaseConnection.php(666): CodeIgniter\Database\MySQLi\Connection->execute()
 3 SYSTEMPATH/Database/BaseConnection.php(593): CodeIgniter\Database\BaseConnection->simpleQuery()
 4 SYSTEMPATH/Database/BaseBuilder.php(1916): CodeIgniter\Database\BaseConnection->query()
 5 SYSTEMPATH/Model.php(279): CodeIgniter\Database\BaseBuilder->insert()
 6 SYSTEMPATH/BaseModel.php(749): CodeIgniter\Model->doInsert()
 7 SYSTEMPATH/Model.php(667): CodeIgniter\BaseModel->insert()
 8 APPPATH/Controllers/Customize.php(209): CodeIgniter\Model->insert()
 9 SYSTEMPATH/CodeIgniter.php(927): App\Controllers\Customize->small_customize()
10 SYSTEMPATH/CodeIgniter.php(482): CodeIgniter\CodeIgniter->runController()
11 SYSTEMPATH/CodeIgniter.php(351): CodeIgniter\CodeIgniter->handleRequest()
12 FCPATH/index.php(67): CodeIgniter\CodeIgniter->run()
ERROR - 2023-11-18 02:56:41 --> mysqli_sql_exception: Column 'firstname' cannot be null in /home/u696532059/domains/bituinflowershop.com/public_html/system/Database/MySQLi/Connection.php:292
Stack trace:
#0 /home/u696532059/domains/bituinflowershop.com/public_html/system/Database/MySQLi/Connection.php(292): mysqli->query()
#1 /home/u696532059/domains/bituinflowershop.com/public_html/system/Database/BaseConnection.php(666): CodeIgniter\Database\MySQLi\Connection->execute()
#2 /home/u696532059/domains/bituinflowershop.com/public_html/system/Database/BaseConnection.php(593): CodeIgniter\Database\BaseConnection->simpleQuery()
#3 /home/u696532059/domains/bituinflowershop.com/public_html/system/Database/BaseBuilder.php(1916): CodeIgniter\Database\BaseConnection->query()
#4 /home/u696532059/domains/bituinflowershop.com/public_html/system/Model.php(279): CodeIgniter\Database\BaseBuilder->insert()
#5 /home/u696532059/domains/bituinflowershop.com/public_html/system/BaseModel.php(749): CodeIgniter\Model->doInsert()
#6 /home/u696532059/domains/bituinflowershop.com/public_html/system/Model.php(667): CodeIgniter\BaseModel->insert()
#7 /home/u696532059/domains/bituinflowershop.com/public_html/app/Controllers/Customize.php(185): CodeIgniter\Model->insert()
#8 /home/u696532059/domains/bituinflowershop.com/public_html/system/CodeIgniter.php(927): App\Controllers\Customize->small_customize()
#9 /home/u696532059/domains/bituinflowershop.com/public_html/system/CodeIgniter.php(482): CodeIgniter\CodeIgniter->runController()
#10 /home/u696532059/domains/bituinflowershop.com/public_html/system/CodeIgniter.php(351): CodeIgniter\CodeIgniter->handleRequest()
#11 /home/u696532059/domains/bituinflowershop.com/public_html/public/index.php(67): CodeIgniter\CodeIgniter->run()
#12 {main}
CRITICAL - 2023-11-18 02:56:41 --> Column 'firstname' cannot be null
in SYSTEMPATH/Database/MySQLi/Connection.php on line 292.
 1 SYSTEMPATH/Database/MySQLi/Connection.php(292): mysqli->query()
 2 SYSTEMPATH/Database/BaseConnection.php(666): CodeIgniter\Database\MySQLi\Connection->execute()
 3 SYSTEMPATH/Database/BaseConnection.php(593): CodeIgniter\Database\BaseConnection->simpleQuery()
 4 SYSTEMPATH/Database/BaseBuilder.php(1916): CodeIgniter\Database\BaseConnection->query()
 5 SYSTEMPATH/Model.php(279): CodeIgniter\Database\BaseBuilder->insert()
 6 SYSTEMPATH/BaseModel.php(749): CodeIgniter\Model->doInsert()
 7 SYSTEMPATH/Model.php(667): CodeIgniter\BaseModel->insert()
 8 APPPATH/Controllers/Customize.php(185): CodeIgniter\Model->insert()
 9 SYSTEMPATH/CodeIgniter.php(927): App\Controllers\Customize->small_customize()
10 SYSTEMPATH/CodeIgniter.php(482): CodeIgniter\CodeIgniter->runController()
11 SYSTEMPATH/CodeIgniter.php(351): CodeIgniter\CodeIgniter->handleRequest()
12 FCPATH/index.php(67): CodeIgniter\CodeIgniter->run()
ERROR - 2023-11-18 02:56:50 --> mysqli_sql_exception: Column 'firstname' cannot be null in /home/u696532059/domains/bituinflowershop.com/public_html/system/Database/MySQLi/Connection.php:292
Stack trace:
#0 /home/u696532059/domains/bituinflowershop.com/public_html/system/Database/MySQLi/Connection.php(292): mysqli->query()
#1 /home/u696532059/domains/bituinflowershop.com/public_html/system/Database/BaseConnection.php(666): CodeIgniter\Database\MySQLi\Connection->execute()
#2 /home/u696532059/domains/bituinflowershop.com/public_html/system/Database/BaseConnection.php(593): CodeIgniter\Database\BaseConnection->simpleQuery()
#3 /home/u696532059/domains/bituinflowershop.com/public_html/system/Database/BaseBuilder.php(1916): CodeIgniter\Database\BaseConnection->query()
#4 /home/u696532059/domains/bituinflowershop.com/public_html/system/Model.php(279): CodeIgniter\Database\BaseBuilder->insert()
#5 /home/u696532059/domains/bituinflowershop.com/public_html/system/BaseModel.php(749): CodeIgniter\Model->doInsert()
#6 /home/u696532059/domains/bituinflowershop.com/public_html/system/Model.php(667): CodeIgniter\BaseModel->insert()
#7 /home/u696532059/domains/bituinflowershop.com/public_html/app/Controllers/Customize.php(185): CodeIgniter\Model->insert()
#8 /home/u696532059/domains/bituinflowershop.com/public_html/system/CodeIgniter.php(927): App\Controllers\Customize->small_customize()
#9 /home/u696532059/domains/bituinflowershop.com/public_html/system/CodeIgniter.php(482): CodeIgniter\CodeIgniter->runController()
#10 /home/u696532059/domains/bituinflowershop.com/public_html/system/CodeIgniter.php(351): CodeIgniter\CodeIgniter->handleRequest()
#11 /home/u696532059/domains/bituinflowershop.com/public_html/public/index.php(67): CodeIgniter\CodeIgniter->run()
#12 {main}
CRITICAL - 2023-11-18 02:56:50 --> Column 'firstname' cannot be null
in SYSTEMPATH/Database/MySQLi/Connection.php on line 292.
 1 SYSTEMPATH/Database/MySQLi/Connection.php(292): mysqli->query()
 2 SYSTEMPATH/Database/BaseConnection.php(666): CodeIgniter\Database\MySQLi\Connection->execute()
 3 SYSTEMPATH/Database/BaseConnection.php(593): CodeIgniter\Database\BaseConnection->simpleQuery()
 4 SYSTEMPATH/Database/BaseBuilder.php(1916): CodeIgniter\Database\BaseConnection->query()
 5 SYSTEMPATH/Model.php(279): CodeIgniter\Database\BaseBuilder->insert()
 6 SYSTEMPATH/BaseModel.php(749): CodeIgniter\Model->doInsert()
 7 SYSTEMPATH/Model.php(667): CodeIgniter\BaseModel->insert()
 8 APPPATH/Controllers/Customize.php(185): CodeIgniter\Model->insert()
 9 SYSTEMPATH/CodeIgniter.php(927): App\Controllers\Customize->small_customize()
10 SYSTEMPATH/CodeIgniter.php(482): CodeIgniter\CodeIgniter->runController()
11 SYSTEMPATH/CodeIgniter.php(351): CodeIgniter\CodeIgniter->handleRequest()
12 FCPATH/index.php(67): CodeIgniter\CodeIgniter->run()
CRITICAL - 2023-11-18 02:57:07 --> syntax error, unexpected end of file
in APPPATH/Views/home/customize.php on line 479.
 1 SYSTEMPATH/View/View.php(216): CodeIgniter\View\View->CodeIgniter\View\{closure}()
 2 SYSTEMPATH/Common.php(1134): CodeIgniter\View\View->render()
 3 APPPATH/Controllers/Customize.php(150): view()
 4 SYSTEMPATH/CodeIgniter.php(927): App\Controllers\Customize->customize()
 5 SYSTEMPATH/CodeIgniter.php(482): CodeIgniter\CodeIgniter->runController()
 6 SYSTEMPATH/CodeIgniter.php(351): CodeIgniter\CodeIgniter->handleRequest()
 7 FCPATH/index.php(67): CodeIgniter\CodeIgniter->run()
ERROR - 2023-11-18 02:57:17 --> mysqli_sql_exception: Column 'item_image' cannot be null in /home/u696532059/domains/bituinflowershop.com/public_html/system/Database/MySQLi/Connection.php:292
Stack trace:
#0 /home/u696532059/domains/bituinflowershop.com/public_html/system/Database/MySQLi/Connection.php(292): mysqli->query()
#1 /home/u696532059/domains/bituinflowershop.com/public_html/system/Database/BaseConnection.php(666): CodeIgniter\Database\MySQLi\Connection->execute()
#2 /home/u696532059/domains/bituinflowershop.com/public_html/system/Database/BaseConnection.php(593): CodeIgniter\Database\BaseConnection->simpleQuery()
#3 /home/u696532059/domains/bituinflowershop.com/public_html/system/Database/BaseBuilder.php(1916): CodeIgniter\Database\BaseConnection->query()
#4 /home/u696532059/domains/bituinflowershop.com/public_html/system/Model.php(279): CodeIgniter\Database\BaseBuilder->insert()
#5 /home/u696532059/domains/bituinflowershop.com/public_html/system/BaseModel.php(749): CodeIgniter\Model->doInsert()
#6 /home/u696532059/domains/bituinflowershop.com/public_html/system/Model.php(667): CodeIgniter\BaseModel->insert()
#7 /home/u696532059/domains/bituinflowershop.com/public_html/app/Controllers/Customize.php(209): CodeIgniter\Model->insert()
#8 /home/u696532059/domains/bituinflowershop.com/public_html/system/CodeIgniter.php(927): App\Controllers\Customize->small_customize()
#9 /home/u696532059/domains/bituinflowershop.com/public_html/system/CodeIgniter.php(482): CodeIgniter\CodeIgniter->runController()
#10 /home/u696532059/domains/bituinflowershop.com/public_html/system/CodeIgniter.php(351): CodeIgniter\CodeIgniter->handleRequest()
#11 /home/u696532059/domains/bituinflowershop.com/public_html/public/index.php(67): CodeIgniter\CodeIgniter->run()
#12 {main}
CRITICAL - 2023-11-18 02:57:17 --> Column 'item_image' cannot be null
in SYSTEMPATH/Database/MySQLi/Connection.php on line 292.
 1 SYSTEMPATH/Database/MySQLi/Connection.php(292): mysqli->query()
 2 SYSTEMPATH/Database/BaseConnection.php(666): CodeIgniter\Database\MySQLi\Connection->execute()
 3 SYSTEMPATH/Database/BaseConnection.php(593): CodeIgniter\Database\BaseConnection->simpleQuery()
 4 SYSTEMPATH/Database/BaseBuilder.php(1916): CodeIgniter\Database\BaseConnection->query()
 5 SYSTEMPATH/Model.php(279): CodeIgniter\Database\BaseBuilder->insert()
 6 SYSTEMPATH/BaseModel.php(749): CodeIgniter\Model->doInsert()
 7 SYSTEMPATH/Model.php(667): CodeIgniter\BaseModel->insert()
 8 APPPATH/Controllers/Customize.php(209): CodeIgniter\Model->insert()
 9 SYSTEMPATH/CodeIgniter.php(927): App\Controllers\Customize->small_customize()
10 SYSTEMPATH/CodeIgniter.php(482): CodeIgniter\CodeIgniter->runController()
11 SYSTEMPATH/CodeIgniter.php(351): CodeIgniter\CodeIgniter->handleRequest()
12 FCPATH/index.php(67): CodeIgniter\CodeIgniter->run()
ERROR - 2023-11-18 03:05:33 --> mysqli_sql_exception: Column 'item_image' cannot be null in /home/u696532059/domains/bituinflowershop.com/public_html/system/Database/MySQLi/Connection.php:292
Stack trace:
#0 /home/u696532059/domains/bituinflowershop.com/public_html/system/Database/MySQLi/Connection.php(292): mysqli->query()
#1 /home/u696532059/domains/bituinflowershop.com/public_html/system/Database/BaseConnection.php(666): CodeIgniter\Database\MySQLi\Connection->execute()
#2 /home/u696532059/domains/bituinflowershop.com/public_html/system/Database/BaseConnection.php(593): CodeIgniter\Database\BaseConnection->simpleQuery()
#3 /home/u696532059/domains/bituinflowershop.com/public_html/system/Database/BaseBuilder.php(1916): CodeIgniter\Database\BaseConnection->query()
#4 /home/u696532059/domains/bituinflowershop.com/public_html/system/Model.php(279): CodeIgniter\Database\BaseBuilder->insert()
#5 /home/u696532059/domains/bituinflowershop.com/public_html/system/BaseModel.php(749): CodeIgniter\Model->doInsert()
#6 /home/u696532059/domains/bituinflowershop.com/public_html/system/Model.php(667): CodeIgniter\BaseModel->insert()
#7 /home/u696532059/domains/bituinflowershop.com/public_html/app/Controllers/Customize.php(208): CodeIgniter\Model->insert()
#8 /home/u696532059/domains/bituinflowershop.com/public_html/system/CodeIgniter.php(927): App\Controllers\Customize->small_customize()
#9 /home/u696532059/domains/bituinflowershop.com/public_html/system/CodeIgniter.php(482): CodeIgniter\CodeIgniter->runController()
#10 /home/u696532059/domains/bituinflowershop.com/public_html/system/CodeIgniter.php(351): CodeIgniter\CodeIgniter->handleRequest()
#11 /home/u696532059/domains/bituinflowershop.com/public_html/public/index.php(67): CodeIgniter\CodeIgniter->run()
#12 {main}
CRITICAL - 2023-11-18 03:05:33 --> Column 'item_image' cannot be null
in SYSTEMPATH/Database/MySQLi/Connection.php on line 292.
 1 SYSTEMPATH/Database/MySQLi/Connection.php(292): mysqli->query()
 2 SYSTEMPATH/Database/BaseConnection.php(666): CodeIgniter\Database\MySQLi\Connection->execute()
 3 SYSTEMPATH/Database/BaseConnection.php(593): CodeIgniter\Database\BaseConnection->simpleQuery()
 4 SYSTEMPATH/Database/BaseBuilder.php(1916): CodeIgniter\Database\BaseConnection->query()
 5 SYSTEMPATH/Model.php(279): CodeIgniter\Database\BaseBuilder->insert()
 6 SYSTEMPATH/BaseModel.php(749): CodeIgniter\Model->doInsert()
 7 SYSTEMPATH/Model.php(667): CodeIgniter\BaseModel->insert()
 8 APPPATH/Controllers/Customize.php(208): CodeIgniter\Model->insert()
 9 SYSTEMPATH/CodeIgniter.php(927): App\Controllers\Customize->small_customize()
10 SYSTEMPATH/CodeIgniter.php(482): CodeIgniter\CodeIgniter->runController()
11 SYSTEMPATH/CodeIgniter.php(351): CodeIgniter\CodeIgniter->handleRequest()
12 FCPATH/index.php(67): CodeIgniter\CodeIgniter->run()
ERROR - 2023-11-18 03:07:44 --> mysqli_sql_exception: Column 'item_image' cannot be null in /home/u696532059/domains/bituinflowershop.com/public_html/system/Database/MySQLi/Connection.php:292
Stack trace:
#0 /home/u696532059/domains/bituinflowershop.com/public_html/system/Database/MySQLi/Connection.php(292): mysqli->query()
#1 /home/u696532059/domains/bituinflowershop.com/public_html/system/Database/BaseConnection.php(666): CodeIgniter\Database\MySQLi\Connection->execute()
#2 /home/u696532059/domains/bituinflowershop.com/public_html/system/Database/BaseConnection.php(593): CodeIgniter\Database\BaseConnection->simpleQuery()
#3 /home/u696532059/domains/bituinflowershop.com/public_html/system/Database/BaseBuilder.php(1916): CodeIgniter\Database\BaseConnection->query()
#4 /home/u696532059/domains/bituinflowershop.com/public_html/system/Model.php(279): CodeIgniter\Database\BaseBuilder->insert()
#5 /home/u696532059/domains/bituinflowershop.com/public_html/system/BaseModel.php(749): CodeIgniter\Model->doInsert()
#6 /home/u696532059/domains/bituinflowershop.com/public_html/system/Model.php(667): CodeIgniter\BaseModel->insert()
#7 /home/u696532059/domains/bituinflowershop.com/public_html/app/Controllers/Customize.php(210): CodeIgniter\Model->insert()
#8 /home/u696532059/domains/bituinflowershop.com/public_html/system/CodeIgniter.php(927): App\Controllers\Customize->small_customize()
#9 /home/u696532059/domains/bituinflowershop.com/public_html/system/CodeIgniter.php(482): CodeIgniter\CodeIgniter->runController()
#10 /home/u696532059/domains/bituinflowershop.com/public_html/system/CodeIgniter.php(351): CodeIgniter\CodeIgniter->handleRequest()
#11 /home/u696532059/domains/bituinflowershop.com/public_html/public/index.php(67): CodeIgniter\CodeIgniter->run()
#12 {main}
CRITICAL - 2023-11-18 03:07:44 --> Column 'item_image' cannot be null
in SYSTEMPATH/Database/MySQLi/Connection.php on line 292.
 1 SYSTEMPATH/Database/MySQLi/Connection.php(292): mysqli->query()
 2 SYSTEMPATH/Database/BaseConnection.php(666): CodeIgniter\Database\MySQLi\Connection->execute()
 3 SYSTEMPATH/Database/BaseConnection.php(593): CodeIgniter\Database\BaseConnection->simpleQuery()
 4 SYSTEMPATH/Database/BaseBuilder.php(1916): CodeIgniter\Database\BaseConnection->query()
 5 SYSTEMPATH/Model.php(279): CodeIgniter\Database\BaseBuilder->insert()
 6 SYSTEMPATH/BaseModel.php(749): CodeIgniter\Model->doInsert()
 7 SYSTEMPATH/Model.php(667): CodeIgniter\BaseModel->insert()
 8 APPPATH/Controllers/Customize.php(210): CodeIgniter\Model->insert()
 9 SYSTEMPATH/CodeIgniter.php(927): App\Controllers\Customize->small_customize()
10 SYSTEMPATH/CodeIgniter.php(482): CodeIgniter\CodeIgniter->runController()
11 SYSTEMPATH/CodeIgniter.php(351): CodeIgniter\CodeIgniter->handleRequest()
12 FCPATH/index.php(67): CodeIgniter\CodeIgniter->run()
ERROR - 2023-11-18 03:11:01 --> mysqli_sql_exception: Column 'item_image' cannot be null in /home/u696532059/domains/bituinflowershop.com/public_html/system/Database/MySQLi/Connection.php:292
Stack trace:
#0 /home/u696532059/domains/bituinflowershop.com/public_html/system/Database/MySQLi/Connection.php(292): mysqli->query()
#1 /home/u696532059/domains/bituinflowershop.com/public_html/system/Database/BaseConnection.php(666): CodeIgniter\Database\MySQLi\Connection->execute()
#2 /home/u696532059/domains/bituinflowershop.com/public_html/system/Database/BaseConnection.php(593): CodeIgniter\Database\BaseConnection->simpleQuery()
#3 /home/u696532059/domains/bituinflowershop.com/public_html/system/Database/BaseBuilder.php(1916): CodeIgniter\Database\BaseConnection->query()
#4 /home/u696532059/domains/bituinflowershop.com/public_html/system/Model.php(279): CodeIgniter\Database\BaseBuilder->insert()
#5 /home/u696532059/domains/bituinflowershop.com/public_html/system/BaseModel.php(749): CodeIgniter\Model->doInsert()
#6 /home/u696532059/domains/bituinflowershop.com/public_html/system/Model.php(667): CodeIgniter\BaseModel->insert()
#7 /home/u696532059/domains/bituinflowershop.com/public_html/app/Controllers/Customize.php(210): CodeIgniter\Model->insert()
#8 /home/u696532059/domains/bituinflowershop.com/public_html/system/CodeIgniter.php(927): App\Controllers\Customize->small_customize()
#9 /home/u696532059/domains/bituinflowershop.com/public_html/system/CodeIgniter.php(482): CodeIgniter\CodeIgniter->runController()
#10 /home/u696532059/domains/bituinflowershop.com/public_html/system/CodeIgniter.php(351): CodeIgniter\CodeIgniter->handleRequest()
#11 /home/u696532059/domains/bituinflowershop.com/public_html/public/index.php(67): CodeIgniter\CodeIgniter->run()
#12 {main}
CRITICAL - 2023-11-18 03:11:01 --> Column 'item_image' cannot be null
in SYSTEMPATH/Database/MySQLi/Connection.php on line 292.
 1 SYSTEMPATH/Database/MySQLi/Connection.php(292): mysqli->query()
 2 SYSTEMPATH/Database/BaseConnection.php(666): CodeIgniter\Database\MySQLi\Connection->execute()
 3 SYSTEMPATH/Database/BaseConnection.php(593): CodeIgniter\Database\BaseConnection->simpleQuery()
 4 SYSTEMPATH/Database/BaseBuilder.php(1916): CodeIgniter\Database\BaseConnection->query()
 5 SYSTEMPATH/Model.php(279): CodeIgniter\Database\BaseBuilder->insert()
 6 SYSTEMPATH/BaseModel.php(749): CodeIgniter\Model->doInsert()
 7 SYSTEMPATH/Model.php(667): CodeIgniter\BaseModel->insert()
 8 APPPATH/Controllers/Customize.php(210): CodeIgniter\Model->insert()
 9 SYSTEMPATH/CodeIgniter.php(927): App\Controllers\Customize->small_customize()
10 SYSTEMPATH/CodeIgniter.php(482): CodeIgniter\CodeIgniter->runController()
11 SYSTEMPATH/CodeIgniter.php(351): CodeIgniter\CodeIgniter->handleRequest()
12 FCPATH/index.php(67): CodeIgniter\CodeIgniter->run()
ERROR - 2023-11-18 03:11:17 --> mysqli_sql_exception: Column 'item_image' cannot be null in /home/u696532059/domains/bituinflowershop.com/public_html/system/Database/MySQLi/Connection.php:292
Stack trace:
#0 /home/u696532059/domains/bituinflowershop.com/public_html/system/Database/MySQLi/Connection.php(292): mysqli->query()
#1 /home/u696532059/domains/bituinflowershop.com/public_html/system/Database/BaseConnection.php(666): CodeIgniter\Database\MySQLi\Connection->execute()
#2 /home/u696532059/domains/bituinflowershop.com/public_html/system/Database/BaseConnection.php(593): CodeIgniter\Database\BaseConnection->simpleQuery()
#3 /home/u696532059/domains/bituinflowershop.com/public_html/system/Database/BaseBuilder.php(1916): CodeIgniter\Database\BaseConnection->query()
#4 /home/u696532059/domains/bituinflowershop.com/public_html/system/Model.php(279): CodeIgniter\Database\BaseBuilder->insert()
#5 /home/u696532059/domains/bituinflowershop.com/public_html/system/BaseModel.php(749): CodeIgniter\Model->doInsert()
#6 /home/u696532059/domains/bituinflowershop.com/public_html/system/Model.php(667): CodeIgniter\BaseModel->insert()
#7 /home/u696532059/domains/bituinflowershop.com/public_html/app/Controllers/Customize.php(210): CodeIgniter\Model->insert()
#8 /home/u696532059/domains/bituinflowershop.com/public_html/system/CodeIgniter.php(927): App\Controllers\Customize->small_customize()
#9 /home/u696532059/domains/bituinflowershop.com/public_html/system/CodeIgniter.php(482): CodeIgniter\CodeIgniter->runController()
#10 /home/u696532059/domains/bituinflowershop.com/public_html/system/CodeIgniter.php(351): CodeIgniter\CodeIgniter->handleRequest()
#11 /home/u696532059/domains/bituinflowershop.com/public_html/public/index.php(67): CodeIgniter\CodeIgniter->run()
#12 {main}
CRITICAL - 2023-11-18 03:11:17 --> Column 'item_image' cannot be null
in SYSTEMPATH/Database/MySQLi/Connection.php on line 292.
 1 SYSTEMPATH/Database/MySQLi/Connection.php(292): mysqli->query()
 2 SYSTEMPATH/Database/BaseConnection.php(666): CodeIgniter\Database\MySQLi\Connection->execute()
 3 SYSTEMPATH/Database/BaseConnection.php(593): CodeIgniter\Database\BaseConnection->simpleQuery()
 4 SYSTEMPATH/Database/BaseBuilder.php(1916): CodeIgniter\Database\BaseConnection->query()
 5 SYSTEMPATH/Model.php(279): CodeIgniter\Database\BaseBuilder->insert()
 6 SYSTEMPATH/BaseModel.php(749): CodeIgniter\Model->doInsert()
 7 SYSTEMPATH/Model.php(667): CodeIgniter\BaseModel->insert()
 8 APPPATH/Controllers/Customize.php(210): CodeIgniter\Model->insert()
 9 SYSTEMPATH/CodeIgniter.php(927): App\Controllers\Customize->small_customize()
10 SYSTEMPATH/CodeIgniter.php(482): CodeIgniter\CodeIgniter->runController()
11 SYSTEMPATH/CodeIgniter.php(351): CodeIgniter\CodeIgniter->handleRequest()
12 FCPATH/index.php(67): CodeIgniter\CodeIgniter->run()
ERROR - 2023-11-18 03:16:12 --> mysqli_sql_exception: Column 'item_image' cannot be null in /home/u696532059/domains/bituinflowershop.com/public_html/system/Database/MySQLi/Connection.php:292
Stack trace:
#0 /home/u696532059/domains/bituinflowershop.com/public_html/system/Database/MySQLi/Connection.php(292): mysqli->query()
#1 /home/u696532059/domains/bituinflowershop.com/public_html/system/Database/BaseConnection.php(666): CodeIgniter\Database\MySQLi\Connection->execute()
#2 /home/u696532059/domains/bituinflowershop.com/public_html/system/Database/BaseConnection.php(593): CodeIgniter\Database\BaseConnection->simpleQuery()
#3 /home/u696532059/domains/bituinflowershop.com/public_html/system/Database/BaseBuilder.php(1916): CodeIgniter\Database\BaseConnection->query()
#4 /home/u696532059/domains/bituinflowershop.com/public_html/system/Model.php(279): CodeIgniter\Database\BaseBuilder->insert()
#5 /home/u696532059/domains/bituinflowershop.com/public_html/system/BaseModel.php(749): CodeIgniter\Model->doInsert()
#6 /home/u696532059/domains/bituinflowershop.com/public_html/system/Model.php(667): CodeIgniter\BaseModel->insert()
#7 /home/u696532059/domains/bituinflowershop.com/public_html/app/Controllers/Customize.php(210): CodeIgniter\Model->insert()
#8 /home/u696532059/domains/bituinflowershop.com/public_html/system/CodeIgniter.php(927): App\Controllers\Customize->small_customize()
#9 /home/u696532059/domains/bituinflowershop.com/public_html/system/CodeIgniter.php(482): CodeIgniter\CodeIgniter->runController()
#10 /home/u696532059/domains/bituinflowershop.com/public_html/system/CodeIgniter.php(351): CodeIgniter\CodeIgniter->handleRequest()
#11 /home/u696532059/domains/bituinflowershop.com/public_html/public/index.php(67): CodeIgniter\CodeIgniter->run()
#12 {main}
CRITICAL - 2023-11-18 03:16:12 --> Column 'item_image' cannot be null
in SYSTEMPATH/Database/MySQLi/Connection.php on line 292.
 1 SYSTEMPATH/Database/MySQLi/Connection.php(292): mysqli->query()
 2 SYSTEMPATH/Database/BaseConnection.php(666): CodeIgniter\Database\MySQLi\Connection->execute()
 3 SYSTEMPATH/Database/BaseConnection.php(593): CodeIgniter\Database\BaseConnection->simpleQuery()
 4 SYSTEMPATH/Database/BaseBuilder.php(1916): CodeIgniter\Database\BaseConnection->query()
 5 SYSTEMPATH/Model.php(279): CodeIgniter\Database\BaseBuilder->insert()
 6 SYSTEMPATH/BaseModel.php(749): CodeIgniter\Model->doInsert()
 7 SYSTEMPATH/Model.php(667): CodeIgniter\BaseModel->insert()
 8 APPPATH/Controllers/Customize.php(210): CodeIgniter\Model->insert()
 9 SYSTEMPATH/CodeIgniter.php(927): App\Controllers\Customize->small_customize()
10 SYSTEMPATH/CodeIgniter.php(482): CodeIgniter\CodeIgniter->runController()
11 SYSTEMPATH/CodeIgniter.php(351): CodeIgniter\CodeIgniter->handleRequest()
12 FCPATH/index.php(67): CodeIgniter\CodeIgniter->run()
ERROR - 2023-11-18 03:17:48 --> mysqli_sql_exception: Column 'item_image' cannot be null in /home/u696532059/domains/bituinflowershop.com/public_html/system/Database/MySQLi/Connection.php:292
Stack trace:
#0 /home/u696532059/domains/bituinflowershop.com/public_html/system/Database/MySQLi/Connection.php(292): mysqli->query()
#1 /home/u696532059/domains/bituinflowershop.com/public_html/system/Database/BaseConnection.php(666): CodeIgniter\Database\MySQLi\Connection->execute()
#2 /home/u696532059/domains/bituinflowershop.com/public_html/system/Database/BaseConnection.php(593): CodeIgniter\Database\BaseConnection->simpleQuery()
#3 /home/u696532059/domains/bituinflowershop.com/public_html/system/Database/BaseBuilder.php(1916): CodeIgniter\Database\BaseConnection->query()
#4 /home/u696532059/domains/bituinflowershop.com/public_html/system/Model.php(279): CodeIgniter\Database\BaseBuilder->insert()
#5 /home/u696532059/domains/bituinflowershop.com/public_html/system/BaseModel.php(749): CodeIgniter\Model->doInsert()
#6 /home/u696532059/domains/bituinflowershop.com/public_html/system/Model.php(667): CodeIgniter\BaseModel->insert()
#7 /home/u696532059/domains/bituinflowershop.com/public_html/app/Controllers/Customize.php(210): CodeIgniter\Model->insert()
#8 /home/u696532059/domains/bituinflowershop.com/public_html/system/CodeIgniter.php(927): App\Controllers\Customize->small_customize()
#9 /home/u696532059/domains/bituinflowershop.com/public_html/system/CodeIgniter.php(482): CodeIgniter\CodeIgniter->runController()
#10 /home/u696532059/domains/bituinflowershop.com/public_html/system/CodeIgniter.php(351): CodeIgniter\CodeIgniter->handleRequest()
#11 /home/u696532059/domains/bituinflowershop.com/public_html/public/index.php(67): CodeIgniter\CodeIgniter->run()
#12 {main}
CRITICAL - 2023-11-18 03:17:48 --> Column 'item_image' cannot be null
in SYSTEMPATH/Database/MySQLi/Connection.php on line 292.
 1 SYSTEMPATH/Database/MySQLi/Connection.php(292): mysqli->query()
 2 SYSTEMPATH/Database/BaseConnection.php(666): CodeIgniter\Database\MySQLi\Connection->execute()
 3 SYSTEMPATH/Database/BaseConnection.php(593): CodeIgniter\Database\BaseConnection->simpleQuery()
 4 SYSTEMPATH/Database/BaseBuilder.php(1916): CodeIgniter\Database\BaseConnection->query()
 5 SYSTEMPATH/Model.php(279): CodeIgniter\Database\BaseBuilder->insert()
 6 SYSTEMPATH/BaseModel.php(749): CodeIgniter\Model->doInsert()
 7 SYSTEMPATH/Model.php(667): CodeIgniter\BaseModel->insert()
 8 APPPATH/Controllers/Customize.php(210): CodeIgniter\Model->insert()
 9 SYSTEMPATH/CodeIgniter.php(927): App\Controllers\Customize->small_customize()
10 SYSTEMPATH/CodeIgniter.php(482): CodeIgniter\CodeIgniter->runController()
11 SYSTEMPATH/CodeIgniter.php(351): CodeIgniter\CodeIgniter->handleRequest()
12 FCPATH/index.php(67): CodeIgniter\CodeIgniter->run()
CRITICAL - 2023-11-18 03:19:44 --> syntax error, unexpected identifier "message", expecting ";"
in APPPATH/Controllers/Customize.php on line 212.
 1 SYSTEMPATH/Autoloader/Autoloader.php(259): CodeIgniter\Autoloader\Autoloader->includeFile()
 2 SYSTEMPATH/Autoloader/Autoloader.php(237): CodeIgniter\Autoloader\Autoloader->loadInNamespace()
 3 [internal function]: CodeIgniter\Autoloader\Autoloader->loadClass()
 4 SYSTEMPATH/CodeIgniter.php(877): class_exists()
 5 SYSTEMPATH/CodeIgniter.php(469): CodeIgniter\CodeIgniter->startController()
 6 SYSTEMPATH/CodeIgniter.php(351): CodeIgniter\CodeIgniter->handleRequest()
 7 FCPATH/index.php(67): CodeIgniter\CodeIgniter->run()
CRITICAL - 2023-11-18 03:19:47 --> syntax error, unexpected identifier "message", expecting ";"
in APPPATH/Controllers/Customize.php on line 212.
 1 SYSTEMPATH/Autoloader/Autoloader.php(259): CodeIgniter\Autoloader\Autoloader->includeFile()
 2 SYSTEMPATH/Autoloader/Autoloader.php(237): CodeIgniter\Autoloader\Autoloader->loadInNamespace()
 3 [internal function]: CodeIgniter\Autoloader\Autoloader->loadClass()
 4 SYSTEMPATH/CodeIgniter.php(877): class_exists()
 5 SYSTEMPATH/CodeIgniter.php(469): CodeIgniter\CodeIgniter->startController()
 6 SYSTEMPATH/CodeIgniter.php(351): CodeIgniter\CodeIgniter->handleRequest()
 7 FCPATH/index.php(67): CodeIgniter\CodeIgniter->run()
CRITICAL - 2023-11-18 03:19:50 --> syntax error, unexpected identifier "message", expecting ";"
in APPPATH/Controllers/Customize.php on line 212.
 1 SYSTEMPATH/Autoloader/Autoloader.php(259): CodeIgniter\Autoloader\Autoloader->includeFile()
 2 SYSTEMPATH/Autoloader/Autoloader.php(237): CodeIgniter\Autoloader\Autoloader->loadInNamespace()
 3 [internal function]: CodeIgniter\Autoloader\Autoloader->loadClass()
 4 SYSTEMPATH/CodeIgniter.php(877): class_exists()
 5 SYSTEMPATH/CodeIgniter.php(469): CodeIgniter\CodeIgniter->startController()
 6 SYSTEMPATH/CodeIgniter.php(351): CodeIgniter\CodeIgniter->handleRequest()
 7 FCPATH/index.php(67): CodeIgniter\CodeIgniter->run()
CRITICAL - 2023-11-18 03:19:55 --> syntax error, unexpected identifier "message", expecting ";"
in APPPATH/Controllers/Customize.php on line 212.
 1 SYSTEMPATH/Autoloader/Autoloader.php(259): CodeIgniter\Autoloader\Autoloader->includeFile()
 2 SYSTEMPATH/Autoloader/Autoloader.php(237): CodeIgniter\Autoloader\Autoloader->loadInNamespace()
 3 [internal function]: CodeIgniter\Autoloader\Autoloader->loadClass()
 4 SYSTEMPATH/CodeIgniter.php(877): class_exists()
 5 SYSTEMPATH/CodeIgniter.php(469): CodeIgniter\CodeIgniter->startController()
 6 SYSTEMPATH/CodeIgniter.php(351): CodeIgniter\CodeIgniter->handleRequest()
 7 FCPATH/index.php(67): CodeIgniter\CodeIgniter->run()
CRITICAL - 2023-11-18 03:19:56 --> syntax error, unexpected identifier "message", expecting ";"
in APPPATH/Controllers/Customize.php on line 212.
 1 SYSTEMPATH/Autoloader/Autoloader.php(259): CodeIgniter\Autoloader\Autoloader->includeFile()
 2 SYSTEMPATH/Autoloader/Autoloader.php(237): CodeIgniter\Autoloader\Autoloader->loadInNamespace()
 3 [internal function]: CodeIgniter\Autoloader\Autoloader->loadClass()
 4 SYSTEMPATH/CodeIgniter.php(877): class_exists()
 5 SYSTEMPATH/CodeIgniter.php(469): CodeIgniter\CodeIgniter->startController()
 6 SYSTEMPATH/CodeIgniter.php(351): CodeIgniter\CodeIgniter->handleRequest()
 7 FCPATH/index.php(67): CodeIgniter\CodeIgniter->run()
CRITICAL - 2023-11-18 03:19:58 --> syntax error, unexpected identifier "message", expecting ";"
in APPPATH/Controllers/Customize.php on line 212.
 1 SYSTEMPATH/Autoloader/Autoloader.php(259): CodeIgniter\Autoloader\Autoloader->includeFile()
 2 SYSTEMPATH/Autoloader/Autoloader.php(237): CodeIgniter\Autoloader\Autoloader->loadInNamespace()
 3 [internal function]: CodeIgniter\Autoloader\Autoloader->loadClass()
 4 SYSTEMPATH/CodeIgniter.php(877): class_exists()
 5 SYSTEMPATH/CodeIgniter.php(469): CodeIgniter\CodeIgniter->startController()
 6 SYSTEMPATH/CodeIgniter.php(351): CodeIgniter\CodeIgniter->handleRequest()
 7 FCPATH/index.php(67): CodeIgniter\CodeIgniter->run()
CRITICAL - 2023-11-18 03:20:06 --> syntax error, unexpected identifier "message", expecting ";"
in APPPATH/Controllers/Customize.php on line 212.
 1 SYSTEMPATH/Autoloader/Autoloader.php(259): CodeIgniter\Autoloader\Autoloader->includeFile()
 2 SYSTEMPATH/Autoloader/Autoloader.php(237): CodeIgniter\Autoloader\Autoloader->loadInNamespace()
 3 [internal function]: CodeIgniter\Autoloader\Autoloader->loadClass()
 4 SYSTEMPATH/CodeIgniter.php(877): class_exists()
 5 SYSTEMPATH/CodeIgniter.php(469): CodeIgniter\CodeIgniter->startController()
 6 SYSTEMPATH/CodeIgniter.php(351): CodeIgniter\CodeIgniter->handleRequest()
 7 FCPATH/index.php(67): CodeIgniter\CodeIgniter->run()
ERROR - 2023-11-18 03:26:54 --> mysqli_sql_exception: Column 'item_image' cannot be null in /home/u696532059/domains/bituinflowershop.com/public_html/system/Database/MySQLi/Connection.php:292
Stack trace:
#0 /home/u696532059/domains/bituinflowershop.com/public_html/system/Database/MySQLi/Connection.php(292): mysqli->query()
#1 /home/u696532059/domains/bituinflowershop.com/public_html/system/Database/BaseConnection.php(666): CodeIgniter\Database\MySQLi\Connection->execute()
#2 /home/u696532059/domains/bituinflowershop.com/public_html/system/Database/BaseConnection.php(593): CodeIgniter\Database\BaseConnection->simpleQuery()
#3 /home/u696532059/domains/bituinflowershop.com/public_html/system/Database/BaseBuilder.php(1916): CodeIgniter\Database\BaseConnection->query()
#4 /home/u696532059/domains/bituinflowershop.com/public_html/system/Model.php(279): CodeIgniter\Database\BaseBuilder->insert()
#5 /home/u696532059/domains/bituinflowershop.com/public_html/system/BaseModel.php(749): CodeIgniter\Model->doInsert()
#6 /home/u696532059/domains/bituinflowershop.com/public_html/system/Model.php(667): CodeIgniter\BaseModel->insert()
#7 /home/u696532059/domains/bituinflowershop.com/public_html/app/Controllers/Customize.php(208): CodeIgniter\Model->insert()
#8 /home/u696532059/domains/bituinflowershop.com/public_html/system/CodeIgniter.php(927): App\Controllers\Customize->small_customize()
#9 /home/u696532059/domains/bituinflowershop.com/public_html/system/CodeIgniter.php(482): CodeIgniter\CodeIgniter->runController()
#10 /home/u696532059/domains/bituinflowershop.com/public_html/system/CodeIgniter.php(351): CodeIgniter\CodeIgniter->handleRequest()
#11 /home/u696532059/domains/bituinflowershop.com/public_html/public/index.php(67): CodeIgniter\CodeIgniter->run()
#12 {main}
CRITICAL - 2023-11-18 03:26:54 --> Column 'item_image' cannot be null
in SYSTEMPATH/Database/MySQLi/Connection.php on line 292.
 1 SYSTEMPATH/Database/MySQLi/Connection.php(292): mysqli->query()
 2 SYSTEMPATH/Database/BaseConnection.php(666): CodeIgniter\Database\MySQLi\Connection->execute()
 3 SYSTEMPATH/Database/BaseConnection.php(593): CodeIgniter\Database\BaseConnection->simpleQuery()
 4 SYSTEMPATH/Database/BaseBuilder.php(1916): CodeIgniter\Database\BaseConnection->query()
 5 SYSTEMPATH/Model.php(279): CodeIgniter\Database\BaseBuilder->insert()
 6 SYSTEMPATH/BaseModel.php(749): CodeIgniter\Model->doInsert()
 7 SYSTEMPATH/Model.php(667): CodeIgniter\BaseModel->insert()
 8 APPPATH/Controllers/Customize.php(208): CodeIgniter\Model->insert()
 9 SYSTEMPATH/CodeIgniter.php(927): App\Controllers\Customize->small_customize()
10 SYSTEMPATH/CodeIgniter.php(482): CodeIgniter\CodeIgniter->runController()
11 SYSTEMPATH/CodeIgniter.php(351): CodeIgniter\CodeIgniter->handleRequest()
12 FCPATH/index.php(67): CodeIgniter\CodeIgniter->run()
ERROR - 2023-11-18 03:27:06 --> mysqli_sql_exception: Column 'item_image' cannot be null in /home/u696532059/domains/bituinflowershop.com/public_html/system/Database/MySQLi/Connection.php:292
Stack trace:
#0 /home/u696532059/domains/bituinflowershop.com/public_html/system/Database/MySQLi/Connection.php(292): mysqli->query()
#1 /home/u696532059/domains/bituinflowershop.com/public_html/system/Database/BaseConnection.php(666): CodeIgniter\Database\MySQLi\Connection->execute()
#2 /home/u696532059/domains/bituinflowershop.com/public_html/system/Database/BaseConnection.php(593): CodeIgniter\Database\BaseConnection->simpleQuery()
#3 /home/u696532059/domains/bituinflowershop.com/public_html/system/Database/BaseBuilder.php(1916): CodeIgniter\Database\BaseConnection->query()
#4 /home/u696532059/domains/bituinflowershop.com/public_html/system/Model.php(279): CodeIgniter\Database\BaseBuilder->insert()
#5 /home/u696532059/domains/bituinflowershop.com/public_html/system/BaseModel.php(749): CodeIgniter\Model->doInsert()
#6 /home/u696532059/domains/bituinflowershop.com/public_html/system/Model.php(667): CodeIgniter\BaseModel->insert()
#7 /home/u696532059/domains/bituinflowershop.com/public_html/app/Controllers/Customize.php(208): CodeIgniter\Model->insert()
#8 /home/u696532059/domains/bituinflowershop.com/public_html/system/CodeIgniter.php(927): App\Controllers\Customize->small_customize()
#9 /home/u696532059/domains/bituinflowershop.com/public_html/system/CodeIgniter.php(482): CodeIgniter\CodeIgniter->runController()
#10 /home/u696532059/domains/bituinflowershop.com/public_html/system/CodeIgniter.php(351): CodeIgniter\CodeIgniter->handleRequest()
#11 /home/u696532059/domains/bituinflowershop.com/public_html/public/index.php(67): CodeIgniter\CodeIgniter->run()
#12 {main}
CRITICAL - 2023-11-18 03:27:06 --> Column 'item_image' cannot be null
in SYSTEMPATH/Database/MySQLi/Connection.php on line 292.
 1 SYSTEMPATH/Database/MySQLi/Connection.php(292): mysqli->query()
 2 SYSTEMPATH/Database/BaseConnection.php(666): CodeIgniter\Database\MySQLi\Connection->execute()
 3 SYSTEMPATH/Database/BaseConnection.php(593): CodeIgniter\Database\BaseConnection->simpleQuery()
 4 SYSTEMPATH/Database/BaseBuilder.php(1916): CodeIgniter\Database\BaseConnection->query()
 5 SYSTEMPATH/Model.php(279): CodeIgniter\Database\BaseBuilder->insert()
 6 SYSTEMPATH/BaseModel.php(749): CodeIgniter\Model->doInsert()
 7 SYSTEMPATH/Model.php(667): CodeIgniter\BaseModel->insert()
 8 APPPATH/Controllers/Customize.php(208): CodeIgniter\Model->insert()
 9 SYSTEMPATH/CodeIgniter.php(927): App\Controllers\Customize->small_customize()
10 SYSTEMPATH/CodeIgniter.php(482): CodeIgniter\CodeIgniter->runController()
11 SYSTEMPATH/CodeIgniter.php(351): CodeIgniter\CodeIgniter->handleRequest()
12 FCPATH/index.php(67): CodeIgniter\CodeIgniter->run()
ERROR - 2023-11-18 03:37:05 --> mysqli_sql_exception: Column 'item_image' cannot be null in /home/u696532059/domains/bituinflowershop.com/public_html/system/Database/MySQLi/Connection.php:292
Stack trace:
#0 /home/u696532059/domains/bituinflowershop.com/public_html/system/Database/MySQLi/Connection.php(292): mysqli->query()
#1 /home/u696532059/domains/bituinflowershop.com/public_html/system/Database/BaseConnection.php(666): CodeIgniter\Database\MySQLi\Connection->execute()
#2 /home/u696532059/domains/bituinflowershop.com/public_html/system/Database/BaseConnection.php(593): CodeIgniter\Database\BaseConnection->simpleQuery()
#3 /home/u696532059/domains/bituinflowershop.com/public_html/system/Database/BaseBuilder.php(1916): CodeIgniter\Database\BaseConnection->query()
#4 /home/u696532059/domains/bituinflowershop.com/public_html/system/Model.php(279): CodeIgniter\Database\BaseBuilder->insert()
#5 /home/u696532059/domains/bituinflowershop.com/public_html/system/BaseModel.php(749): CodeIgniter\Model->doInsert()
#6 /home/u696532059/domains/bituinflowershop.com/public_html/system/Model.php(667): CodeIgniter\BaseModel->insert()
#7 /home/u696532059/domains/bituinflowershop.com/public_html/app/Controllers/Customize.php(208): CodeIgniter\Model->insert()
#8 /home/u696532059/domains/bituinflowershop.com/public_html/system/CodeIgniter.php(927): App\Controllers\Customize->small_customize()
#9 /home/u696532059/domains/bituinflowershop.com/public_html/system/CodeIgniter.php(482): CodeIgniter\CodeIgniter->runController()
#10 /home/u696532059/domains/bituinflowershop.com/public_html/system/CodeIgniter.php(351): CodeIgniter\CodeIgniter->handleRequest()
#11 /home/u696532059/domains/bituinflowershop.com/public_html/public/index.php(67): CodeIgniter\CodeIgniter->run()
#12 {main}
CRITICAL - 2023-11-18 03:37:05 --> Column 'item_image' cannot be null
in SYSTEMPATH/Database/MySQLi/Connection.php on line 292.
 1 SYSTEMPATH/Database/MySQLi/Connection.php(292): mysqli->query()
 2 SYSTEMPATH/Database/BaseConnection.php(666): CodeIgniter\Database\MySQLi\Connection->execute()
 3 SYSTEMPATH/Database/BaseConnection.php(593): CodeIgniter\Database\BaseConnection->simpleQuery()
 4 SYSTEMPATH/Database/BaseBuilder.php(1916): CodeIgniter\Database\BaseConnection->query()
 5 SYSTEMPATH/Model.php(279): CodeIgniter\Database\BaseBuilder->insert()
 6 SYSTEMPATH/BaseModel.php(749): CodeIgniter\Model->doInsert()
 7 SYSTEMPATH/Model.php(667): CodeIgniter\BaseModel->insert()
 8 APPPATH/Controllers/Customize.php(208): CodeIgniter\Model->insert()
 9 SYSTEMPATH/CodeIgniter.php(927): App\Controllers\Customize->small_customize()
10 SYSTEMPATH/CodeIgniter.php(482): CodeIgniter\CodeIgniter->runController()
11 SYSTEMPATH/CodeIgniter.php(351): CodeIgniter\CodeIgniter->handleRequest()
12 FCPATH/index.php(67): CodeIgniter\CodeIgniter->run()
ERROR - 2023-11-18 03:37:38 --> mysqli_sql_exception: Column 'item_image' cannot be null in /home/u696532059/domains/bituinflowershop.com/public_html/system/Database/MySQLi/Connection.php:292
Stack trace:
#0 /home/u696532059/domains/bituinflowershop.com/public_html/system/Database/MySQLi/Connection.php(292): mysqli->query()
#1 /home/u696532059/domains/bituinflowershop.com/public_html/system/Database/BaseConnection.php(666): CodeIgniter\Database\MySQLi\Connection->execute()
#2 /home/u696532059/domains/bituinflowershop.com/public_html/system/Database/BaseConnection.php(593): CodeIgniter\Database\BaseConnection->simpleQuery()
#3 /home/u696532059/domains/bituinflowershop.com/public_html/system/Database/BaseBuilder.php(1916): CodeIgniter\Database\BaseConnection->query()
#4 /home/u696532059/domains/bituinflowershop.com/public_html/system/Model.php(279): CodeIgniter\Database\BaseBuilder->insert()
#5 /home/u696532059/domains/bituinflowershop.com/public_html/system/BaseModel.php(749): CodeIgniter\Model->doInsert()
#6 /home/u696532059/domains/bituinflowershop.com/public_html/system/Model.php(667): CodeIgniter\BaseModel->insert()
#7 /home/u696532059/domains/bituinflowershop.com/public_html/app/Controllers/Customize.php(208): CodeIgniter\Model->insert()
#8 /home/u696532059/domains/bituinflowershop.com/public_html/system/CodeIgniter.php(927): App\Controllers\Customize->small_customize()
#9 /home/u696532059/domains/bituinflowershop.com/public_html/system/CodeIgniter.php(482): CodeIgniter\CodeIgniter->runController()
#10 /home/u696532059/domains/bituinflowershop.com/public_html/system/CodeIgniter.php(351): CodeIgniter\CodeIgniter->handleRequest()
#11 /home/u696532059/domains/bituinflowershop.com/public_html/public/index.php(67): CodeIgniter\CodeIgniter->run()
#12 {main}
CRITICAL - 2023-11-18 03:37:38 --> Column 'item_image' cannot be null
in SYSTEMPATH/Database/MySQLi/Connection.php on line 292.
 1 SYSTEMPATH/Database/MySQLi/Connection.php(292): mysqli->query()
 2 SYSTEMPATH/Database/BaseConnection.php(666): CodeIgniter\Database\MySQLi\Connection->execute()
 3 SYSTEMPATH/Database/BaseConnection.php(593): CodeIgniter\Database\BaseConnection->simpleQuery()
 4 SYSTEMPATH/Database/BaseBuilder.php(1916): CodeIgniter\Database\BaseConnection->query()
 5 SYSTEMPATH/Model.php(279): CodeIgniter\Database\BaseBuilder->insert()
 6 SYSTEMPATH/BaseModel.php(749): CodeIgniter\Model->doInsert()
 7 SYSTEMPATH/Model.php(667): CodeIgniter\BaseModel->insert()
 8 APPPATH/Controllers/Customize.php(208): CodeIgniter\Model->insert()
 9 SYSTEMPATH/CodeIgniter.php(927): App\Controllers\Customize->small_customize()
10 SYSTEMPATH/CodeIgniter.php(482): CodeIgniter\CodeIgniter->runController()
11 SYSTEMPATH/CodeIgniter.php(351): CodeIgniter\CodeIgniter->handleRequest()
12 FCPATH/index.php(67): CodeIgniter\CodeIgniter->run()
ERROR - 2023-11-18 03:39:30 --> mysqli_sql_exception: Column 'item_image' cannot be null in /home/u696532059/domains/bituinflowershop.com/public_html/system/Database/MySQLi/Connection.php:292
Stack trace:
#0 /home/u696532059/domains/bituinflowershop.com/public_html/system/Database/MySQLi/Connection.php(292): mysqli->query()
#1 /home/u696532059/domains/bituinflowershop.com/public_html/system/Database/BaseConnection.php(666): CodeIgniter\Database\MySQLi\Connection->execute()
#2 /home/u696532059/domains/bituinflowershop.com/public_html/system/Database/BaseConnection.php(593): CodeIgniter\Database\BaseConnection->simpleQuery()
#3 /home/u696532059/domains/bituinflowershop.com/public_html/system/Database/BaseBuilder.php(1916): CodeIgniter\Database\BaseConnection->query()
#4 /home/u696532059/domains/bituinflowershop.com/public_html/system/Model.php(279): CodeIgniter\Database\BaseBuilder->insert()
#5 /home/u696532059/domains/bituinflowershop.com/public_html/system/BaseModel.php(749): CodeIgniter\Model->doInsert()
#6 /home/u696532059/domains/bituinflowershop.com/public_html/system/Model.php(667): CodeIgniter\BaseModel->insert()
#7 /home/u696532059/domains/bituinflowershop.com/public_html/app/Controllers/Customize.php(208): CodeIgniter\Model->insert()
#8 /home/u696532059/domains/bituinflowershop.com/public_html/system/CodeIgniter.php(927): App\Controllers\Customize->small_customize()
#9 /home/u696532059/domains/bituinflowershop.com/public_html/system/CodeIgniter.php(482): CodeIgniter\CodeIgniter->runController()
#10 /home/u696532059/domains/bituinflowershop.com/public_html/system/CodeIgniter.php(351): CodeIgniter\CodeIgniter->handleRequest()
#11 /home/u696532059/domains/bituinflowershop.com/public_html/public/index.php(67): CodeIgniter\CodeIgniter->run()
#12 {main}
CRITICAL - 2023-11-18 03:39:30 --> Column 'item_image' cannot be null
in SYSTEMPATH/Database/MySQLi/Connection.php on line 292.
 1 SYSTEMPATH/Database/MySQLi/Connection.php(292): mysqli->query()
 2 SYSTEMPATH/Database/BaseConnection.php(666): CodeIgniter\Database\MySQLi\Connection->execute()
 3 SYSTEMPATH/Database/BaseConnection.php(593): CodeIgniter\Database\BaseConnection->simpleQuery()
 4 SYSTEMPATH/Database/BaseBuilder.php(1916): CodeIgniter\Database\BaseConnection->query()
 5 SYSTEMPATH/Model.php(279): CodeIgniter\Database\BaseBuilder->insert()
 6 SYSTEMPATH/BaseModel.php(749): CodeIgniter\Model->doInsert()
 7 SYSTEMPATH/Model.php(667): CodeIgniter\BaseModel->insert()
 8 APPPATH/Controllers/Customize.php(208): CodeIgniter\Model->insert()
 9 SYSTEMPATH/CodeIgniter.php(927): App\Controllers\Customize->small_customize()
10 SYSTEMPATH/CodeIgniter.php(482): CodeIgniter\CodeIgniter->runController()
11 SYSTEMPATH/CodeIgniter.php(351): CodeIgniter\CodeIgniter->handleRequest()
12 FCPATH/index.php(67): CodeIgniter\CodeIgniter->run()
ERROR - 2023-11-18 03:43:15 --> mysqli_sql_exception: Column 'item_image' cannot be null in /home/u696532059/domains/bituinflowershop.com/public_html/system/Database/MySQLi/Connection.php:292
Stack trace:
#0 /home/u696532059/domains/bituinflowershop.com/public_html/system/Database/MySQLi/Connection.php(292): mysqli->query()
#1 /home/u696532059/domains/bituinflowershop.com/public_html/system/Database/BaseConnection.php(666): CodeIgniter\Database\MySQLi\Connection->execute()
#2 /home/u696532059/domains/bituinflowershop.com/public_html/system/Database/BaseConnection.php(593): CodeIgniter\Database\BaseConnection->simpleQuery()
#3 /home/u696532059/domains/bituinflowershop.com/public_html/system/Database/BaseBuilder.php(1916): CodeIgniter\Database\BaseConnection->query()
#4 /home/u696532059/domains/bituinflowershop.com/public_html/system/Model.php(279): CodeIgniter\Database\BaseBuilder->insert()
#5 /home/u696532059/domains/bituinflowershop.com/public_html/system/BaseModel.php(749): CodeIgniter\Model->doInsert()
#6 /home/u696532059/domains/bituinflowershop.com/public_html/system/Model.php(667): CodeIgniter\BaseModel->insert()
#7 /home/u696532059/domains/bituinflowershop.com/public_html/app/Controllers/Customize.php(208): CodeIgniter\Model->insert()
#8 /home/u696532059/domains/bituinflowershop.com/public_html/system/CodeIgniter.php(927): App\Controllers\Customize->small_customize()
#9 /home/u696532059/domains/bituinflowershop.com/public_html/system/CodeIgniter.php(482): CodeIgniter\CodeIgniter->runController()
#10 /home/u696532059/domains/bituinflowershop.com/public_html/system/CodeIgniter.php(351): CodeIgniter\CodeIgniter->handleRequest()
#11 /home/u696532059/domains/bituinflowershop.com/public_html/public/index.php(67): CodeIgniter\CodeIgniter->run()
#12 {main}
CRITICAL - 2023-11-18 03:43:15 --> Column 'item_image' cannot be null
in SYSTEMPATH/Database/MySQLi/Connection.php on line 292.
 1 SYSTEMPATH/Database/MySQLi/Connection.php(292): mysqli->query()
 2 SYSTEMPATH/Database/BaseConnection.php(666): CodeIgniter\Database\MySQLi\Connection->execute()
 3 SYSTEMPATH/Database/BaseConnection.php(593): CodeIgniter\Database\BaseConnection->simpleQuery()
 4 SYSTEMPATH/Database/BaseBuilder.php(1916): CodeIgniter\Database\BaseConnection->query()
 5 SYSTEMPATH/Model.php(279): CodeIgniter\Database\BaseBuilder->insert()
 6 SYSTEMPATH/BaseModel.php(749): CodeIgniter\Model->doInsert()
 7 SYSTEMPATH/Model.php(667): CodeIgniter\BaseModel->insert()
 8 APPPATH/Controllers/Customize.php(208): CodeIgniter\Model->insert()
 9 SYSTEMPATH/CodeIgniter.php(927): App\Controllers\Customize->small_customize()
10 SYSTEMPATH/CodeIgniter.php(482): CodeIgniter\CodeIgniter->runController()
11 SYSTEMPATH/CodeIgniter.php(351): CodeIgniter\CodeIgniter->handleRequest()
12 FCPATH/index.php(67): CodeIgniter\CodeIgniter->run()
CRITICAL - 2023-11-18 04:01:15 --> syntax error, unexpected token "else"
in APPPATH/Views/home/orders.php on line 548.
 1 SYSTEMPATH/View/View.php(216): CodeIgniter\View\View->CodeIgniter\View\{closure}()
 2 SYSTEMPATH/Common.php(1134): CodeIgniter\View\View->render()
 3 APPPATH/Controllers/Home.php(637): view()
 4 SYSTEMPATH/CodeIgniter.php(927): App\Controllers\Home->orders()
 5 SYSTEMPATH/CodeIgniter.php(482): CodeIgniter\CodeIgniter->runController()
 6 SYSTEMPATH/CodeIgniter.php(351): CodeIgniter\CodeIgniter->handleRequest()
 7 FCPATH/index.php(67): CodeIgniter\CodeIgniter->run()
CRITICAL - 2023-11-18 04:03:30 --> Undefined array key "item_name"
in APPPATH/Views/home/orders.php on line 546.
 1 APPPATH/Views/home/orders.php(546): CodeIgniter\Debug\Exceptions->errorHandler()
 2 SYSTEMPATH/View/View.php(213): include('APPPATH/Views/home/orders.php')
 3 SYSTEMPATH/View/View.php(216): CodeIgniter\View\View->CodeIgniter\View\{closure}()
 4 SYSTEMPATH/Common.php(1134): CodeIgniter\View\View->render()
 5 APPPATH/Controllers/Home.php(637): view()
 6 SYSTEMPATH/CodeIgniter.php(927): App\Controllers\Home->orders()
 7 SYSTEMPATH/CodeIgniter.php(482): CodeIgniter\CodeIgniter->runController()
 8 SYSTEMPATH/CodeIgniter.php(351): CodeIgniter\CodeIgniter->handleRequest()
 9 FCPATH/index.php(67): CodeIgniter\CodeIgniter->run()
CRITICAL - 2023-11-18 04:04:34 --> Undefined array key "item_name"
in APPPATH/Views/home/orders.php on line 546.
 1 APPPATH/Views/home/orders.php(546): CodeIgniter\Debug\Exceptions->errorHandler()
 2 SYSTEMPATH/View/View.php(213): include('APPPATH/Views/home/orders.php')
 3 SYSTEMPATH/View/View.php(216): CodeIgniter\View\View->CodeIgniter\View\{closure}()
 4 SYSTEMPATH/Common.php(1134): CodeIgniter\View\View->render()
 5 APPPATH/Controllers/Home.php(637): view()
 6 SYSTEMPATH/CodeIgniter.php(927): App\Controllers\Home->orders()
 7 SYSTEMPATH/CodeIgniter.php(482): CodeIgniter\CodeIgniter->runController()
 8 SYSTEMPATH/CodeIgniter.php(351): CodeIgniter\CodeIgniter->handleRequest()
 9 FCPATH/index.php(67): CodeIgniter\CodeIgniter->run()
CRITICAL - 2023-11-18 04:04:36 --> Undefined array key "item_name"
in APPPATH/Views/home/orders.php on line 546.
 1 APPPATH/Views/home/orders.php(546): CodeIgniter\Debug\Exceptions->errorHandler()
 2 SYSTEMPATH/View/View.php(213): include('APPPATH/Views/home/orders.php')
 3 SYSTEMPATH/View/View.php(216): CodeIgniter\View\View->CodeIgniter\View\{closure}()
 4 SYSTEMPATH/Common.php(1134): CodeIgniter\View\View->render()
 5 APPPATH/Controllers/Home.php(637): view()
 6 SYSTEMPATH/CodeIgniter.php(927): App\Controllers\Home->orders()
 7 SYSTEMPATH/CodeIgniter.php(482): CodeIgniter\CodeIgniter->runController()
 8 SYSTEMPATH/CodeIgniter.php(351): CodeIgniter\CodeIgniter->handleRequest()
 9 FCPATH/index.php(67): CodeIgniter\CodeIgniter->run()
CRITICAL - 2023-11-18 04:05:02 --> syntax error, unexpected token "else"
in APPPATH/Views/home/orders.php on line 548.
 1 SYSTEMPATH/View/View.php(216): CodeIgniter\View\View->CodeIgniter\View\{closure}()
 2 SYSTEMPATH/Common.php(1134): CodeIgniter\View\View->render()
 3 APPPATH/Controllers/Home.php(637): view()
 4 SYSTEMPATH/CodeIgniter.php(927): App\Controllers\Home->orders()
 5 SYSTEMPATH/CodeIgniter.php(482): CodeIgniter\CodeIgniter->runController()
 6 SYSTEMPATH/CodeIgniter.php(351): CodeIgniter\CodeIgniter->handleRequest()
 7 FCPATH/index.php(67): CodeIgniter\CodeIgniter->run()
ERROR - 2023-11-18 04:09:01 --> mysqli_sql_exception: Unknown column 'item_name' in 'where clause' in /home/u696532059/domains/bituinflowershop.com/public_html/system/Database/MySQLi/Connection.php:292
Stack trace:
#0 /home/u696532059/domains/bituinflowershop.com/public_html/system/Database/MySQLi/Connection.php(292): mysqli->query()
#1 /home/u696532059/domains/bituinflowershop.com/public_html/system/Database/BaseConnection.php(666): CodeIgniter\Database\MySQLi\Connection->execute()
#2 /home/u696532059/domains/bituinflowershop.com/public_html/system/Database/BaseConnection.php(593): CodeIgniter\Database\BaseConnection->simpleQuery()
#3 /home/u696532059/domains/bituinflowershop.com/public_html/system/Database/BaseBuilder.php(1585): CodeIgniter\Database\BaseConnection->query()
#4 /home/u696532059/domains/bituinflowershop.com/public_html/system/Model.php(223): CodeIgniter\Database\BaseBuilder->get()
#5 /home/u696532059/domains/bituinflowershop.com/public_html/system/BaseModel.php(585): CodeIgniter\Model->doFindAll()
#6 /home/u696532059/domains/bituinflowershop.com/public_html/app/Controllers/Home.php(541): CodeIgniter\BaseModel->findAll()
#7 /home/u696532059/domains/bituinflowershop.com/public_html/system/CodeIgniter.php(927): App\Controllers\Home->orders()
#8 /home/u696532059/domains/bituinflowershop.com/public_html/system/CodeIgniter.php(482): CodeIgniter\CodeIgniter->runController()
#9 /home/u696532059/domains/bituinflowershop.com/public_html/system/CodeIgniter.php(351): CodeIgniter\CodeIgniter->handleRequest()
#10 /home/u696532059/domains/bituinflowershop.com/public_html/public/index.php(67): CodeIgniter\CodeIgniter->run()
#11 {main}
CRITICAL - 2023-11-18 04:09:01 --> Unknown column 'item_name' in 'where clause'
in SYSTEMPATH/Database/MySQLi/Connection.php on line 292.
 1 SYSTEMPATH/Database/MySQLi/Connection.php(292): mysqli->query()
 2 SYSTEMPATH/Database/BaseConnection.php(666): CodeIgniter\Database\MySQLi\Connection->execute()
 3 SYSTEMPATH/Database/BaseConnection.php(593): CodeIgniter\Database\BaseConnection->simpleQuery()
 4 SYSTEMPATH/Database/BaseBuilder.php(1585): CodeIgniter\Database\BaseConnection->query()
 5 SYSTEMPATH/Model.php(223): CodeIgniter\Database\BaseBuilder->get()
 6 SYSTEMPATH/BaseModel.php(585): CodeIgniter\Model->doFindAll()
 7 APPPATH/Controllers/Home.php(541): CodeIgniter\BaseModel->findAll()
 8 SYSTEMPATH/CodeIgniter.php(927): App\Controllers\Home->orders()
 9 SYSTEMPATH/CodeIgniter.php(482): CodeIgniter\CodeIgniter->runController()
10 SYSTEMPATH/CodeIgniter.php(351): CodeIgniter\CodeIgniter->handleRequest()
11 FCPATH/index.php(67): CodeIgniter\CodeIgniter->run()
ERROR - 2023-11-18 04:11:17 --> mysqli_sql_exception: Unknown column 'order_item.orderdata' in 'on clause' in /home/u696532059/domains/bituinflowershop.com/public_html/system/Database/MySQLi/Connection.php:292
Stack trace:
#0 /home/u696532059/domains/bituinflowershop.com/public_html/system/Database/MySQLi/Connection.php(292): mysqli->query()
#1 /home/u696532059/domains/bituinflowershop.com/public_html/system/Database/BaseConnection.php(666): CodeIgniter\Database\MySQLi\Connection->execute()
#2 /home/u696532059/domains/bituinflowershop.com/public_html/system/Database/BaseConnection.php(593): CodeIgniter\Database\BaseConnection->simpleQuery()
#3 /home/u696532059/domains/bituinflowershop.com/public_html/system/Database/BaseBuilder.php(1585): CodeIgniter\Database\BaseConnection->query()
#4 /home/u696532059/domains/bituinflowershop.com/public_html/system/Model.php(223): CodeIgniter\Database\BaseBuilder->get()
#5 /home/u696532059/domains/bituinflowershop.com/public_html/system/BaseModel.php(585): CodeIgniter\Model->doFindAll()
#6 /home/u696532059/domains/bituinflowershop.com/public_html/app/Controllers/Home.php(543): CodeIgniter\BaseModel->findAll()
#7 /home/u696532059/domains/bituinflowershop.com/public_html/system/CodeIgniter.php(927): App\Controllers\Home->orders()
#8 /home/u696532059/domains/bituinflowershop.com/public_html/system/CodeIgniter.php(482): CodeIgniter\CodeIgniter->runController()
#9 /home/u696532059/domains/bituinflowershop.com/public_html/system/CodeIgniter.php(351): CodeIgniter\CodeIgniter->handleRequest()
#10 /home/u696532059/domains/bituinflowershop.com/public_html/public/index.php(67): CodeIgniter\CodeIgniter->run()
#11 {main}
CRITICAL - 2023-11-18 04:11:17 --> Unknown column 'order_item.orderdata' in 'on clause'
in SYSTEMPATH/Database/MySQLi/Connection.php on line 292.
 1 SYSTEMPATH/Database/MySQLi/Connection.php(292): mysqli->query()
 2 SYSTEMPATH/Database/BaseConnection.php(666): CodeIgniter\Database\MySQLi\Connection->execute()
 3 SYSTEMPATH/Database/BaseConnection.php(593): CodeIgniter\Database\BaseConnection->simpleQuery()
 4 SYSTEMPATH/Database/BaseBuilder.php(1585): CodeIgniter\Database\BaseConnection->query()
 5 SYSTEMPATH/Model.php(223): CodeIgniter\Database\BaseBuilder->get()
 6 SYSTEMPATH/BaseModel.php(585): CodeIgniter\Model->doFindAll()
 7 APPPATH/Controllers/Home.php(543): CodeIgniter\BaseModel->findAll()
 8 SYSTEMPATH/CodeIgniter.php(927): App\Controllers\Home->orders()
 9 SYSTEMPATH/CodeIgniter.php(482): CodeIgniter\CodeIgniter->runController()
10 SYSTEMPATH/CodeIgniter.php(351): CodeIgniter\CodeIgniter->handleRequest()
11 FCPATH/index.php(67): CodeIgniter\CodeIgniter->run()
ERROR - 2023-11-18 04:11:19 --> mysqli_sql_exception: Unknown column 'order_item.orderdata' in 'on clause' in /home/u696532059/domains/bituinflowershop.com/public_html/system/Database/MySQLi/Connection.php:292
Stack trace:
#0 /home/u696532059/domains/bituinflowershop.com/public_html/system/Database/MySQLi/Connection.php(292): mysqli->query()
#1 /home/u696532059/domains/bituinflowershop.com/public_html/system/Database/BaseConnection.php(666): CodeIgniter\Database\MySQLi\Connection->execute()
#2 /home/u696532059/domains/bituinflowershop.com/public_html/system/Database/BaseConnection.php(593): CodeIgniter\Database\BaseConnection->simpleQuery()
#3 /home/u696532059/domains/bituinflowershop.com/public_html/system/Database/BaseBuilder.php(1585): CodeIgniter\Database\BaseConnection->query()
#4 /home/u696532059/domains/bituinflowershop.com/public_html/system/Model.php(223): CodeIgniter\Database\BaseBuilder->get()
#5 /home/u696532059/domains/bituinflowershop.com/public_html/system/BaseModel.php(585): CodeIgniter\Model->doFindAll()
#6 /home/u696532059/domains/bituinflowershop.com/public_html/app/Controllers/Home.php(543): CodeIgniter\BaseModel->findAll()
#7 /home/u696532059/domains/bituinflowershop.com/public_html/system/CodeIgniter.php(927): App\Controllers\Home->orders()
#8 /home/u696532059/domains/bituinflowershop.com/public_html/system/CodeIgniter.php(482): CodeIgniter\CodeIgniter->runController()
#9 /home/u696532059/domains/bituinflowershop.com/public_html/system/CodeIgniter.php(351): CodeIgniter\CodeIgniter->handleRequest()
#10 /home/u696532059/domains/bituinflowershop.com/public_html/public/index.php(67): CodeIgniter\CodeIgniter->run()
#11 {main}
CRITICAL - 2023-11-18 04:11:19 --> Unknown column 'order_item.orderdata' in 'on clause'
in SYSTEMPATH/Database/MySQLi/Connection.php on line 292.
 1 SYSTEMPATH/Database/MySQLi/Connection.php(292): mysqli->query()
 2 SYSTEMPATH/Database/BaseConnection.php(666): CodeIgniter\Database\MySQLi\Connection->execute()
 3 SYSTEMPATH/Database/BaseConnection.php(593): CodeIgniter\Database\BaseConnection->simpleQuery()
 4 SYSTEMPATH/Database/BaseBuilder.php(1585): CodeIgniter\Database\BaseConnection->query()
 5 SYSTEMPATH/Model.php(223): CodeIgniter\Database\BaseBuilder->get()
 6 SYSTEMPATH/BaseModel.php(585): CodeIgniter\Model->doFindAll()
 7 APPPATH/Controllers/Home.php(543): CodeIgniter\BaseModel->findAll()
 8 SYSTEMPATH/CodeIgniter.php(927): App\Controllers\Home->orders()
 9 SYSTEMPATH/CodeIgniter.php(482): CodeIgniter\CodeIgniter->runController()
10 SYSTEMPATH/CodeIgniter.php(351): CodeIgniter\CodeIgniter->handleRequest()
11 FCPATH/index.php(67): CodeIgniter\CodeIgniter->run()
ERROR - 2023-11-18 04:12:05 --> mysqli_sql_exception: Unknown column 'order_item.order_id' in 'on clause' in /home/u696532059/domains/bituinflowershop.com/public_html/system/Database/MySQLi/Connection.php:292
Stack trace:
#0 /home/u696532059/domains/bituinflowershop.com/public_html/system/Database/MySQLi/Connection.php(292): mysqli->query()
#1 /home/u696532059/domains/bituinflowershop.com/public_html/system/Database/BaseConnection.php(666): CodeIgniter\Database\MySQLi\Connection->execute()
#2 /home/u696532059/domains/bituinflowershop.com/public_html/system/Database/BaseConnection.php(593): CodeIgniter\Database\BaseConnection->simpleQuery()
#3 /home/u696532059/domains/bituinflowershop.com/public_html/system/Database/BaseBuilder.php(1585): CodeIgniter\Database\BaseConnection->query()
#4 /home/u696532059/domains/bituinflowershop.com/public_html/system/Model.php(223): CodeIgniter\Database\BaseBuilder->get()
#5 /home/u696532059/domains/bituinflowershop.com/public_html/system/BaseModel.php(585): CodeIgniter\Model->doFindAll()
#6 /home/u696532059/domains/bituinflowershop.com/public_html/app/Controllers/Home.php(543): CodeIgniter\BaseModel->findAll()
#7 /home/u696532059/domains/bituinflowershop.com/public_html/system/CodeIgniter.php(927): App\Controllers\Home->orders()
#8 /home/u696532059/domains/bituinflowershop.com/public_html/system/CodeIgniter.php(482): CodeIgniter\CodeIgniter->runController()
#9 /home/u696532059/domains/bituinflowershop.com/public_html/system/CodeIgniter.php(351): CodeIgniter\CodeIgniter->handleRequest()
#10 /home/u696532059/domains/bituinflowershop.com/public_html/public/index.php(67): CodeIgniter\CodeIgniter->run()
#11 {main}
CRITICAL - 2023-11-18 04:12:05 --> Unknown column 'order_item.order_id' in 'on clause'
in SYSTEMPATH/Database/MySQLi/Connection.php on line 292.
 1 SYSTEMPATH/Database/MySQLi/Connection.php(292): mysqli->query()
 2 SYSTEMPATH/Database/BaseConnection.php(666): CodeIgniter\Database\MySQLi\Connection->execute()
 3 SYSTEMPATH/Database/BaseConnection.php(593): CodeIgniter\Database\BaseConnection->simpleQuery()
 4 SYSTEMPATH/Database/BaseBuilder.php(1585): CodeIgniter\Database\BaseConnection->query()
 5 SYSTEMPATH/Model.php(223): CodeIgniter\Database\BaseBuilder->get()
 6 SYSTEMPATH/BaseModel.php(585): CodeIgniter\Model->doFindAll()
 7 APPPATH/Controllers/Home.php(543): CodeIgniter\BaseModel->findAll()
 8 SYSTEMPATH/CodeIgniter.php(927): App\Controllers\Home->orders()
 9 SYSTEMPATH/CodeIgniter.php(482): CodeIgniter\CodeIgniter->runController()
10 SYSTEMPATH/CodeIgniter.php(351): CodeIgniter\CodeIgniter->handleRequest()
11 FCPATH/index.php(67): CodeIgniter\CodeIgniter->run()
ERROR - 2023-11-18 04:12:13 --> mysqli_sql_exception: Unknown column 'orders.id' in 'on clause' in /home/u696532059/domains/bituinflowershop.com/public_html/system/Database/MySQLi/Connection.php:292
Stack trace:
#0 /home/u696532059/domains/bituinflowershop.com/public_html/system/Database/MySQLi/Connection.php(292): mysqli->query()
#1 /home/u696532059/domains/bituinflowershop.com/public_html/system/Database/BaseConnection.php(666): CodeIgniter\Database\MySQLi\Connection->execute()
#2 /home/u696532059/domains/bituinflowershop.com/public_html/system/Database/BaseConnection.php(593): CodeIgniter\Database\BaseConnection->simpleQuery()
#3 /home/u696532059/domains/bituinflowershop.com/public_html/system/Database/BaseBuilder.php(1585): CodeIgniter\Database\BaseConnection->query()
#4 /home/u696532059/domains/bituinflowershop.com/public_html/system/Model.php(223): CodeIgniter\Database\BaseBuilder->get()
#5 /home/u696532059/domains/bituinflowershop.com/public_html/system/BaseModel.php(585): CodeIgniter\Model->doFindAll()
#6 /home/u696532059/domains/bituinflowershop.com/public_html/app/Controllers/Home.php(543): CodeIgniter\BaseModel->findAll()
#7 /home/u696532059/domains/bituinflowershop.com/public_html/system/CodeIgniter.php(927): App\Controllers\Home->orders()
#8 /home/u696532059/domains/bituinflowershop.com/public_html/system/CodeIgniter.php(482): CodeIgniter\CodeIgniter->runController()
#9 /home/u696532059/domains/bituinflowershop.com/public_html/system/CodeIgniter.php(351): CodeIgniter\CodeIgniter->handleRequest()
#10 /home/u696532059/domains/bituinflowershop.com/public_html/public/index.php(67): CodeIgniter\CodeIgniter->run()
#11 {main}
CRITICAL - 2023-11-18 04:12:13 --> Unknown column 'orders.id' in 'on clause'
in SYSTEMPATH/Database/MySQLi/Connection.php on line 292.
 1 SYSTEMPATH/Database/MySQLi/Connection.php(292): mysqli->query()
 2 SYSTEMPATH/Database/BaseConnection.php(666): CodeIgniter\Database\MySQLi\Connection->execute()
 3 SYSTEMPATH/Database/BaseConnection.php(593): CodeIgniter\Database\BaseConnection->simpleQuery()
 4 SYSTEMPATH/Database/BaseBuilder.php(1585): CodeIgniter\Database\BaseConnection->query()
 5 SYSTEMPATH/Model.php(223): CodeIgniter\Database\BaseBuilder->get()
 6 SYSTEMPATH/BaseModel.php(585): CodeIgniter\Model->doFindAll()
 7 APPPATH/Controllers/Home.php(543): CodeIgniter\BaseModel->findAll()
 8 SYSTEMPATH/CodeIgniter.php(927): App\Controllers\Home->orders()
 9 SYSTEMPATH/CodeIgniter.php(482): CodeIgniter\CodeIgniter->runController()
10 SYSTEMPATH/CodeIgniter.php(351): CodeIgniter\CodeIgniter->handleRequest()
11 FCPATH/index.php(67): CodeIgniter\CodeIgniter->run()
CRITICAL - 2023-11-18 04:16:20 --> syntax error, unexpected token "endif"
in APPPATH/Views/home/orders.php on line 549.
 1 SYSTEMPATH/View/View.php(216): CodeIgniter\View\View->CodeIgniter\View\{closure}()
 2 SYSTEMPATH/Common.php(1134): CodeIgniter\View\View->render()
 3 APPPATH/Controllers/Home.php(640): view()
 4 SYSTEMPATH/CodeIgniter.php(927): App\Controllers\Home->orders()
 5 SYSTEMPATH/CodeIgniter.php(482): CodeIgniter\CodeIgniter->runController()
 6 SYSTEMPATH/CodeIgniter.php(351): CodeIgniter\CodeIgniter->handleRequest()
 7 FCPATH/index.php(67): CodeIgniter\CodeIgniter->run()
CRITICAL - 2023-11-18 04:21:43 --> Undefined array key "item_name"
in APPPATH/Views/home/orders.php on line 546.
 1 APPPATH/Views/home/orders.php(546): CodeIgniter\Debug\Exceptions->errorHandler()
 2 SYSTEMPATH/View/View.php(213): include('APPPATH/Views/home/orders.php')
 3 SYSTEMPATH/View/View.php(216): CodeIgniter\View\View->CodeIgniter\View\{closure}()
 4 SYSTEMPATH/Common.php(1134): CodeIgniter\View\View->render()
 5 APPPATH/Controllers/Home.php(638): view()
 6 SYSTEMPATH/CodeIgniter.php(927): App\Controllers\Home->orders()
 7 SYSTEMPATH/CodeIgniter.php(482): CodeIgniter\CodeIgniter->runController()
 8 SYSTEMPATH/CodeIgniter.php(351): CodeIgniter\CodeIgniter->handleRequest()
 9 FCPATH/index.php(67): CodeIgniter\CodeIgniter->run()
CRITICAL - 2023-11-18 06:21:49 --> syntax error, unexpected variable "$routes"
in APPPATH/Config/Routes.php on line 49.
 1 SYSTEMPATH/CodeIgniter.php(430): CodeIgniter\CodeIgniter->tryToRouteIt()
 2 SYSTEMPATH/CodeIgniter.php(351): CodeIgniter\CodeIgniter->handleRequest()
 3 FCPATH/index.php(67): CodeIgniter\CodeIgniter->run()
CRITICAL - 2023-11-18 06:21:58 --> syntax error, unexpected variable "$routes"
in APPPATH/Config/Routes.php on line 49.
 1 SYSTEMPATH/CodeIgniter.php(430): CodeIgniter\CodeIgniter->tryToRouteIt()
 2 SYSTEMPATH/CodeIgniter.php(351): CodeIgniter\CodeIgniter->handleRequest()
 3 FCPATH/index.php(67): CodeIgniter\CodeIgniter->run()
CRITICAL - 2023-11-18 06:22:07 --> syntax error, unexpected variable "$routes"
in APPPATH/Config/Routes.php on line 49.
 1 SYSTEMPATH/CodeIgniter.php(430): CodeIgniter\CodeIgniter->tryToRouteIt()
 2 SYSTEMPATH/CodeIgniter.php(351): CodeIgniter\CodeIgniter->handleRequest()
 3 FCPATH/index.php(67): CodeIgniter\CodeIgniter->run()
CRITICAL - 2023-11-18 06:22:07 --> syntax error, unexpected variable "$routes"
in APPPATH/Config/Routes.php on line 49.
 1 SYSTEMPATH/CodeIgniter.php(430): CodeIgniter\CodeIgniter->tryToRouteIt()
 2 SYSTEMPATH/CodeIgniter.php(351): CodeIgniter\CodeIgniter->handleRequest()
 3 FCPATH/index.php(67): CodeIgniter\CodeIgniter->run()
CRITICAL - 2023-11-18 06:24:20 --> syntax error, unexpected string content "&#836"
in APPPATH/Views/home/orders.php on line 708.
 1 SYSTEMPATH/View/View.php(216): CodeIgniter\View\View->CodeIgniter\View\{closure}()
 2 SYSTEMPATH/Common.php(1134): CodeIgniter\View\View->render()
 3 APPPATH/Controllers/Home.php(639): view()
 4 SYSTEMPATH/CodeIgniter.php(927): App\Controllers\Home->orders()
 5 SYSTEMPATH/CodeIgniter.php(482): CodeIgniter\CodeIgniter->runController()
 6 SYSTEMPATH/CodeIgniter.php(351): CodeIgniter\CodeIgniter->handleRequest()
 7 FCPATH/index.php(67): CodeIgniter\CodeIgniter->run()
CRITICAL - 2023-11-18 06:38:19 --> syntax error, unexpected token "endforeach", expecting end of file
in APPPATH/Views/home/orders.php on line 211.
 1 SYSTEMPATH/View/View.php(216): CodeIgniter\View\View->CodeIgniter\View\{closure}()
 2 SYSTEMPATH/Common.php(1134): CodeIgniter\View\View->render()
 3 APPPATH/Controllers/Home.php(639): view()
 4 SYSTEMPATH/CodeIgniter.php(927): App\Controllers\Home->orders()
 5 SYSTEMPATH/CodeIgniter.php(482): CodeIgniter\CodeIgniter->runController()
 6 SYSTEMPATH/CodeIgniter.php(351): CodeIgniter\CodeIgniter->handleRequest()
 7 FCPATH/index.php(67): CodeIgniter\CodeIgniter->run()
CRITICAL - 2023-11-18 06:38:21 --> syntax error, unexpected token "endforeach", expecting "elseif" or "else" or "endif"
in APPPATH/Views/home/orders.php on line 442.
 1 SYSTEMPATH/View/View.php(216): CodeIgniter\View\View->CodeIgniter\View\{closure}()
 2 SYSTEMPATH/Common.php(1134): CodeIgniter\View\View->render()
 3 APPPATH/Controllers/Home.php(639): view()
 4 SYSTEMPATH/CodeIgniter.php(927): App\Controllers\Home->orders()
 5 SYSTEMPATH/CodeIgniter.php(482): CodeIgniter\CodeIgniter->runController()
 6 SYSTEMPATH/CodeIgniter.php(351): CodeIgniter\CodeIgniter->handleRequest()
 7 FCPATH/index.php(67): CodeIgniter\CodeIgniter->run()
CRITICAL - 2023-11-18 06:38:22 --> syntax error, unexpected token "endforeach"
in APPPATH/Views/home/orders.php on line 556.
 1 SYSTEMPATH/View/View.php(216): CodeIgniter\View\View->CodeIgniter\View\{closure}()
 2 SYSTEMPATH/Common.php(1134): CodeIgniter\View\View->render()
 3 APPPATH/Controllers/Home.php(639): view()
 4 SYSTEMPATH/CodeIgniter.php(927): App\Controllers\Home->orders()
 5 SYSTEMPATH/CodeIgniter.php(482): CodeIgniter\CodeIgniter->runController()
 6 SYSTEMPATH/CodeIgniter.php(351): CodeIgniter\CodeIgniter->handleRequest()
 7 FCPATH/index.php(67): CodeIgniter\CodeIgniter->run()
CRITICAL - 2023-11-18 06:38:40 --> Unclosed '{'
in APPPATH/Views/home/orders.php on line 313.
 1 SYSTEMPATH/View/View.php(216): CodeIgniter\View\View->CodeIgniter\View\{closure}()
 2 SYSTEMPATH/Common.php(1134): CodeIgniter\View\View->render()
 3 APPPATH/Controllers/Home.php(639): view()
 4 SYSTEMPATH/CodeIgniter.php(927): App\Controllers\Home->orders()
 5 SYSTEMPATH/CodeIgniter.php(482): CodeIgniter\CodeIgniter->runController()
 6 SYSTEMPATH/CodeIgniter.php(351): CodeIgniter\CodeIgniter->handleRequest()
 7 FCPATH/index.php(67): CodeIgniter\CodeIgniter->run()
CRITICAL - 2023-11-18 07:14:32 --> syntax error, unexpected single-quoted string "details", expecting "]"
in APPPATH/Controllers/Customize.php on line 204.
 1 SYSTEMPATH/Autoloader/Autoloader.php(259): CodeIgniter\Autoloader\Autoloader->includeFile()
 2 SYSTEMPATH/Autoloader/Autoloader.php(237): CodeIgniter\Autoloader\Autoloader->loadInNamespace()
 3 [internal function]: CodeIgniter\Autoloader\Autoloader->loadClass()
 4 SYSTEMPATH/CodeIgniter.php(877): class_exists()
 5 SYSTEMPATH/CodeIgniter.php(469): CodeIgniter\CodeIgniter->startController()
 6 SYSTEMPATH/CodeIgniter.php(351): CodeIgniter\CodeIgniter->handleRequest()
 7 FCPATH/index.php(67): CodeIgniter\CodeIgniter->run()
CRITICAL - 2023-11-18 07:14:34 --> syntax error, unexpected single-quoted string "details", expecting "]"
in APPPATH/Controllers/Customize.php on line 204.
 1 SYSTEMPATH/Autoloader/Autoloader.php(259): CodeIgniter\Autoloader\Autoloader->includeFile()
 2 SYSTEMPATH/Autoloader/Autoloader.php(237): CodeIgniter\Autoloader\Autoloader->loadInNamespace()
 3 [internal function]: CodeIgniter\Autoloader\Autoloader->loadClass()
 4 SYSTEMPATH/CodeIgniter.php(877): class_exists()
 5 SYSTEMPATH/CodeIgniter.php(469): CodeIgniter\CodeIgniter->startController()
 6 SYSTEMPATH/CodeIgniter.php(351): CodeIgniter\CodeIgniter->handleRequest()
 7 FCPATH/index.php(67): CodeIgniter\CodeIgniter->run()
CRITICAL - 2023-11-18 07:14:40 --> Unclosed '[' on line 236
in APPPATH/Controllers/Customize.php on line 245.
 1 SYSTEMPATH/Autoloader/Autoloader.php(259): CodeIgniter\Autoloader\Autoloader->includeFile()
 2 SYSTEMPATH/Autoloader/Autoloader.php(237): CodeIgniter\Autoloader\Autoloader->loadInNamespace()
 3 [internal function]: CodeIgniter\Autoloader\Autoloader->loadClass()
 4 SYSTEMPATH/CodeIgniter.php(877): class_exists()
 5 SYSTEMPATH/CodeIgniter.php(469): CodeIgniter\CodeIgniter->startController()
 6 SYSTEMPATH/CodeIgniter.php(351): CodeIgniter\CodeIgniter->handleRequest()
 7 FCPATH/index.php(67): CodeIgniter\CodeIgniter->run()
CRITICAL - 2023-11-18 07:23:57 --> Cannot access offset of type string on string
in APPPATH/Views/home/product-grids.php on line 262.
 1 SYSTEMPATH/View/View.php(213): include()
 2 SYSTEMPATH/View/View.php(216): CodeIgniter\View\View->CodeIgniter\View\{closure}()
 3 SYSTEMPATH/Common.php(1134): CodeIgniter\View\View->render()
 4 APPPATH/Controllers/Home.php(1267): view()
 5 SYSTEMPATH/CodeIgniter.php(927): App\Controllers\Home->filterByCategory()
 6 SYSTEMPATH/CodeIgniter.php(482): CodeIgniter\CodeIgniter->runController()
 7 SYSTEMPATH/CodeIgniter.php(351): CodeIgniter\CodeIgniter->handleRequest()
 8 FCPATH/index.php(67): CodeIgniter\CodeIgniter->run()
CRITICAL - 2023-11-18 07:24:06 --> Cannot access offset of type string on string
in APPPATH/Views/home/product-grids.php on line 262.
 1 SYSTEMPATH/View/View.php(213): include()
 2 SYSTEMPATH/View/View.php(216): CodeIgniter\View\View->CodeIgniter\View\{closure}()
 3 SYSTEMPATH/Common.php(1134): CodeIgniter\View\View->render()
 4 APPPATH/Controllers/Home.php(1267): view()
 5 SYSTEMPATH/CodeIgniter.php(927): App\Controllers\Home->filterByCategory()
 6 SYSTEMPATH/CodeIgniter.php(482): CodeIgniter\CodeIgniter->runController()
 7 SYSTEMPATH/CodeIgniter.php(351): CodeIgniter\CodeIgniter->handleRequest()
 8 FCPATH/index.php(67): CodeIgniter\CodeIgniter->run()
CRITICAL - 2023-11-18 07:24:08 --> Cannot access offset of type string on string
in APPPATH/Views/home/product-grids.php on line 262.
 1 SYSTEMPATH/View/View.php(213): include()
 2 SYSTEMPATH/View/View.php(216): CodeIgniter\View\View->CodeIgniter\View\{closure}()
 3 SYSTEMPATH/Common.php(1134): CodeIgniter\View\View->render()
 4 APPPATH/Controllers/Home.php(1267): view()
 5 SYSTEMPATH/CodeIgniter.php(927): App\Controllers\Home->filterByCategory()
 6 SYSTEMPATH/CodeIgniter.php(482): CodeIgniter\CodeIgniter->runController()
 7 SYSTEMPATH/CodeIgniter.php(351): CodeIgniter\CodeIgniter->handleRequest()
 8 FCPATH/index.php(67): CodeIgniter\CodeIgniter->run()
CRITICAL - 2023-11-18 07:24:16 --> Cannot access offset of type string on string
in APPPATH/Views/home/product-grids.php on line 262.
 1 SYSTEMPATH/View/View.php(213): include()
 2 SYSTEMPATH/View/View.php(216): CodeIgniter\View\View->CodeIgniter\View\{closure}()
 3 SYSTEMPATH/Common.php(1134): CodeIgniter\View\View->render()
 4 APPPATH/Controllers/Home.php(1267): view()
 5 SYSTEMPATH/CodeIgniter.php(927): App\Controllers\Home->filterByCategory()
 6 SYSTEMPATH/CodeIgniter.php(482): CodeIgniter\CodeIgniter->runController()
 7 SYSTEMPATH/CodeIgniter.php(351): CodeIgniter\CodeIgniter->handleRequest()
 8 FCPATH/index.php(67): CodeIgniter\CodeIgniter->run()
