ERROR - 2023-10-16 01:52:48 --> mysqli_sql_exception: Unknown column 'updated_at' in 'field list' in /home/u696532059/domains/bituinflowershop.com/public_html/system/Database/MySQLi/Connection.php:292
Stack trace:
#0 /home/u696532059/domains/bituinflowershop.com/public_html/system/Database/MySQLi/Connection.php(292): mysqli->query()
#1 /home/u696532059/domains/bituinflowershop.com/public_html/system/Database/BaseConnection.php(666): CodeIgniter\Database\MySQLi\Connection->execute()
#2 /home/u696532059/domains/bituinflowershop.com/public_html/system/Database/BaseConnection.php(593): CodeIgniter\Database\BaseConnection->simpleQuery()
#3 /home/u696532059/domains/bituinflowershop.com/public_html/system/Database/BaseBuilder.php(2079): CodeIgniter\Database\BaseConnection->query()
#4 /home/u696532059/domains/bituinflowershop.com/public_html/system/Model.php(338): CodeIgniter\Database\BaseBuilder->update()
#5 /home/u696532059/domains/bituinflowershop.com/public_html/system/BaseModel.php(886): CodeIgniter\Model->doUpdate()
#6 /home/u696532059/domains/bituinflowershop.com/public_html/system/Model.php(693): CodeIgniter\BaseModel->update()
#7 /home/u696532059/domains/bituinflowershop.com/public_html/app/Controllers/Booking.php(503): CodeIgniter\Model->update()
#8 /home/u696532059/domains/bituinflowershop.com/public_html/system/CodeIgniter.php(927): App\Controllers\Booking->confirmPayment()
#9 /home/u696532059/domains/bituinflowershop.com/public_html/system/CodeIgniter.php(482): CodeIgniter\CodeIgniter->runController()
#10 /home/u696532059/domains/bituinflowershop.com/public_html/system/CodeIgniter.php(351): CodeIgniter\CodeIgniter->handleRequest()
#11 /home/u696532059/domains/bituinflowershop.com/public_html/public/index.php(67): CodeIgniter\CodeIgniter->run()
#12 {main}
CRITICAL - 2023-10-16 01:52:48 --> Unknown column 'updated_at' in 'field list'
in SYSTEMPATH/Database/MySQLi/Connection.php on line 292.
 1 SYSTEMPATH/Database/MySQLi/Connection.php(292): mysqli->query()
 2 SYSTEMPATH/Database/BaseConnection.php(666): CodeIgniter\Database\MySQLi\Connection->execute()
 3 SYSTEMPATH/Database/BaseConnection.php(593): CodeIgniter\Database\BaseConnection->simpleQuery()
 4 SYSTEMPATH/Database/BaseBuilder.php(2079): CodeIgniter\Database\BaseConnection->query()
 5 SYSTEMPATH/Model.php(338): CodeIgniter\Database\BaseBuilder->update()
 6 SYSTEMPATH/BaseModel.php(886): CodeIgniter\Model->doUpdate()
 7 SYSTEMPATH/Model.php(693): CodeIgniter\BaseModel->update()
 8 APPPATH/Controllers/Booking.php(503): CodeIgniter\Model->update()
 9 SYSTEMPATH/CodeIgniter.php(927): App\Controllers\Booking->confirmPayment()
10 SYSTEMPATH/CodeIgniter.php(482): CodeIgniter\CodeIgniter->runController()
11 SYSTEMPATH/CodeIgniter.php(351): CodeIgniter\CodeIgniter->handleRequest()
12 FCPATH/index.php(67): CodeIgniter\CodeIgniter->run()
CRITICAL - 2023-10-16 01:59:15 --> Undefined array key "fk_id"
in APPPATH/Controllers/Booking.php on line 508.
 1 APPPATH/Controllers/Booking.php(508): CodeIgniter\Debug\Exceptions->errorHandler()
 2 SYSTEMPATH/CodeIgniter.php(927): App\Controllers\Booking->confirmPayment()
 3 SYSTEMPATH/CodeIgniter.php(482): CodeIgniter\CodeIgniter->runController()
 4 SYSTEMPATH/CodeIgniter.php(351): CodeIgniter\CodeIgniter->handleRequest()
 5 FCPATH/index.php(67): CodeIgniter\CodeIgniter->run()
CRITICAL - 2023-10-16 02:26:01 --> Undefined variable $row
in APPPATH/Views/home/bookings/my_booking.php on line 447.
 1 APPPATH/Views/home/bookings/my_booking.php(447): CodeIgniter\Debug\Exceptions->errorHandler()
 2 SYSTEMPATH/View/View.php(213): include('APPPATH/Views/home/bookings/my_booking.php')
 3 SYSTEMPATH/View/View.php(216): CodeIgniter\View\View->CodeIgniter\View\{closure}()
 4 SYSTEMPATH/Common.php(1134): CodeIgniter\View\View->render()
 5 APPPATH/Controllers/Booking.php(169): view()
 6 SYSTEMPATH/CodeIgniter.php(927): App\Controllers\Booking->my_booking()
 7 SYSTEMPATH/CodeIgniter.php(482): CodeIgniter\CodeIgniter->runController()
 8 SYSTEMPATH/CodeIgniter.php(351): CodeIgniter\CodeIgniter->handleRequest()
 9 FCPATH/index.php(67): CodeIgniter\CodeIgniter->run()
CRITICAL - 2023-10-16 05:30:10 --> syntax error, unexpected token "public"
in APPPATH/Controllers/Booking.php on line 518.
 1 SYSTEMPATH/Autoloader/Autoloader.php(259): CodeIgniter\Autoloader\Autoloader->includeFile()
 2 SYSTEMPATH/Autoloader/Autoloader.php(237): CodeIgniter\Autoloader\Autoloader->loadInNamespace()
 3 [internal function]: CodeIgniter\Autoloader\Autoloader->loadClass()
 4 SYSTEMPATH/CodeIgniter.php(877): class_exists()
 5 SYSTEMPATH/CodeIgniter.php(469): CodeIgniter\CodeIgniter->startController()
 6 SYSTEMPATH/CodeIgniter.php(351): CodeIgniter\CodeIgniter->handleRequest()
 7 FCPATH/index.php(67): CodeIgniter\CodeIgniter->run()
CRITICAL - 2023-10-16 05:34:38 --> count(): Argument #1 ($value) must be of type Countable|array, null given
in APPPATH/Views/home/bookings/my_booking.php on line 175.
 1 SYSTEMPATH/View/View.php(213): include()
 2 SYSTEMPATH/View/View.php(216): CodeIgniter\View\View->CodeIgniter\View\{closure}()
 3 SYSTEMPATH/Common.php(1134): CodeIgniter\View\View->render()
 4 APPPATH/Controllers/Booking.php(517): view()
 5 SYSTEMPATH/CodeIgniter.php(927): App\Controllers\Booking->insertpayment()
 6 SYSTEMPATH/CodeIgniter.php(482): CodeIgniter\CodeIgniter->runController()
 7 SYSTEMPATH/CodeIgniter.php(351): CodeIgniter\CodeIgniter->handleRequest()
 8 FCPATH/index.php(67): CodeIgniter\CodeIgniter->run()
CRITICAL - 2023-10-16 08:26:06 --> Unclosed '{' on line 15
in APPPATH/Controllers/Booking.php on line 571.
 1 SYSTEMPATH/Autoloader/Autoloader.php(259): CodeIgniter\Autoloader\Autoloader->includeFile()
 2 SYSTEMPATH/Autoloader/Autoloader.php(237): CodeIgniter\Autoloader\Autoloader->loadInNamespace()
 3 [internal function]: CodeIgniter\Autoloader\Autoloader->loadClass()
 4 SYSTEMPATH/CodeIgniter.php(877): class_exists()
 5 SYSTEMPATH/CodeIgniter.php(469): CodeIgniter\CodeIgniter->startController()
 6 SYSTEMPATH/CodeIgniter.php(351): CodeIgniter\CodeIgniter->handleRequest()
 7 FCPATH/index.php(67): CodeIgniter\CodeIgniter->run()
