CRITICAL - 2023-12-07 00:02:52 --> Undefined array key "productName"
in APPPATH/Controllers/Customize.php on line 305.
 1 APPPATH/Controllers/Customize.php(305): CodeIgniter\Debug\Exceptions->errorHandler()
 2 SYSTEMPATH/CodeIgniter.php(927): App\Controllers\Customize->insertDroppedProducts()
 3 SYSTEMPATH/CodeIgniter.php(482): CodeIgniter\CodeIgniter->runController()
 4 SYSTEMPATH/CodeIgniter.php(351): CodeIgniter\CodeIgniter->handleRequest()
 5 FCPATH/index.php(67): CodeIgniter\CodeIgniter->run()
CRITICAL - 2023-12-07 00:02:53 --> Undefined array key "productName"
in APPPATH/Controllers/Customize.php on line 305.
 1 APPPATH/Controllers/Customize.php(305): CodeIgniter\Debug\Exceptions->errorHandler()
 2 SYSTEMPATH/CodeIgniter.php(927): App\Controllers\Customize->insertDroppedProducts()
 3 SYSTEMPATH/CodeIgniter.php(482): CodeIgniter\CodeIgniter->runController()
 4 SYSTEMPATH/CodeIgniter.php(351): CodeIgniter\CodeIgniter->handleRequest()
 5 FCPATH/index.php(67): CodeIgniter\CodeIgniter->run()
CRITICAL - 2023-12-07 00:02:54 --> Undefined array key "productName"
in APPPATH/Controllers/Customize.php on line 305.
 1 APPPATH/Controllers/Customize.php(305): CodeIgniter\Debug\Exceptions->errorHandler()
 2 SYSTEMPATH/CodeIgniter.php(927): App\Controllers\Customize->insertDroppedProducts()
 3 SYSTEMPATH/CodeIgniter.php(482): CodeIgniter\CodeIgniter->runController()
 4 SYSTEMPATH/CodeIgniter.php(351): CodeIgniter\CodeIgniter->handleRequest()
 5 FCPATH/index.php(67): CodeIgniter\CodeIgniter->run()
CRITICAL - 2023-12-07 00:02:54 --> Undefined array key "productName"
in APPPATH/Controllers/Customize.php on line 305.
 1 APPPATH/Controllers/Customize.php(305): CodeIgniter\Debug\Exceptions->errorHandler()
 2 SYSTEMPATH/CodeIgniter.php(927): App\Controllers\Customize->insertDroppedProducts()
 3 SYSTEMPATH/CodeIgniter.php(482): CodeIgniter\CodeIgniter->runController()
 4 SYSTEMPATH/CodeIgniter.php(351): CodeIgniter\CodeIgniter->handleRequest()
 5 FCPATH/index.php(67): CodeIgniter\CodeIgniter->run()
CRITICAL - 2023-12-07 00:02:54 --> Undefined array key "productName"
in APPPATH/Controllers/Customize.php on line 305.
 1 APPPATH/Controllers/Customize.php(305): CodeIgniter\Debug\Exceptions->errorHandler()
 2 SYSTEMPATH/CodeIgniter.php(927): App\Controllers\Customize->insertDroppedProducts()
 3 SYSTEMPATH/CodeIgniter.php(482): CodeIgniter\CodeIgniter->runController()
 4 SYSTEMPATH/CodeIgniter.php(351): CodeIgniter\CodeIgniter->handleRequest()
 5 FCPATH/index.php(67): CodeIgniter\CodeIgniter->run()
CRITICAL - 2023-12-07 00:03:17 --> Undefined array key "productName"
in APPPATH/Controllers/Customize.php on line 305.
 1 APPPATH/Controllers/Customize.php(305): CodeIgniter\Debug\Exceptions->errorHandler()
 2 SYSTEMPATH/CodeIgniter.php(927): App\Controllers\Customize->insertDroppedProducts()
 3 SYSTEMPATH/CodeIgniter.php(482): CodeIgniter\CodeIgniter->runController()
 4 SYSTEMPATH/CodeIgniter.php(351): CodeIgniter\CodeIgniter->handleRequest()
 5 FCPATH/index.php(67): CodeIgniter\CodeIgniter->run()
CRITICAL - 2023-12-07 00:03:18 --> Undefined array key "productName"
in APPPATH/Controllers/Customize.php on line 305.
 1 APPPATH/Controllers/Customize.php(305): CodeIgniter\Debug\Exceptions->errorHandler()
 2 SYSTEMPATH/CodeIgniter.php(927): App\Controllers\Customize->insertDroppedProducts()
 3 SYSTEMPATH/CodeIgniter.php(482): CodeIgniter\CodeIgniter->runController()
 4 SYSTEMPATH/CodeIgniter.php(351): CodeIgniter\CodeIgniter->handleRequest()
 5 FCPATH/index.php(67): CodeIgniter\CodeIgniter->run()
CRITICAL - 2023-12-07 00:03:18 --> Undefined array key "productName"
in APPPATH/Controllers/Customize.php on line 305.
 1 APPPATH/Controllers/Customize.php(305): CodeIgniter\Debug\Exceptions->errorHandler()
 2 SYSTEMPATH/CodeIgniter.php(927): App\Controllers\Customize->insertDroppedProducts()
 3 SYSTEMPATH/CodeIgniter.php(482): CodeIgniter\CodeIgniter->runController()
 4 SYSTEMPATH/CodeIgniter.php(351): CodeIgniter\CodeIgniter->handleRequest()
 5 FCPATH/index.php(67): CodeIgniter\CodeIgniter->run()
CRITICAL - 2023-12-07 00:03:18 --> Undefined array key "productName"
in APPPATH/Controllers/Customize.php on line 305.
 1 APPPATH/Controllers/Customize.php(305): CodeIgniter\Debug\Exceptions->errorHandler()
 2 SYSTEMPATH/CodeIgniter.php(927): App\Controllers\Customize->insertDroppedProducts()
 3 SYSTEMPATH/CodeIgniter.php(482): CodeIgniter\CodeIgniter->runController()
 4 SYSTEMPATH/CodeIgniter.php(351): CodeIgniter\CodeIgniter->handleRequest()
 5 FCPATH/index.php(67): CodeIgniter\CodeIgniter->run()
CRITICAL - 2023-12-07 00:14:17 --> Undefined property: stdClass::$productName
in APPPATH/Controllers/Customize.php on line 302.
 1 APPPATH/Controllers/Customize.php(302): CodeIgniter\Debug\Exceptions->errorHandler()
 2 SYSTEMPATH/CodeIgniter.php(927): App\Controllers\Customize->insertOrderItems()
 3 SYSTEMPATH/CodeIgniter.php(482): CodeIgniter\CodeIgniter->runController()
 4 SYSTEMPATH/CodeIgniter.php(351): CodeIgniter\CodeIgniter->handleRequest()
 5 FCPATH/index.php(67): CodeIgniter\CodeIgniter->run()
CRITICAL - 2023-12-07 00:14:33 --> Undefined property: stdClass::$productName
in APPPATH/Controllers/Customize.php on line 302.
 1 APPPATH/Controllers/Customize.php(302): CodeIgniter\Debug\Exceptions->errorHandler()
 2 SYSTEMPATH/CodeIgniter.php(927): App\Controllers\Customize->insertOrderItems()
 3 SYSTEMPATH/CodeIgniter.php(482): CodeIgniter\CodeIgniter->runController()
 4 SYSTEMPATH/CodeIgniter.php(351): CodeIgniter\CodeIgniter->handleRequest()
 5 FCPATH/index.php(67): CodeIgniter\CodeIgniter->run()
CRITICAL - 2023-12-07 00:16:49 --> Undefined property: stdClass::$productName
in APPPATH/Controllers/Customize.php on line 302.
 1 APPPATH/Controllers/Customize.php(302): CodeIgniter\Debug\Exceptions->errorHandler()
 2 SYSTEMPATH/CodeIgniter.php(927): App\Controllers\Customize->insertOrderItems()
 3 SYSTEMPATH/CodeIgniter.php(482): CodeIgniter\CodeIgniter->runController()
 4 SYSTEMPATH/CodeIgniter.php(351): CodeIgniter\CodeIgniter->handleRequest()
 5 FCPATH/index.php(67): CodeIgniter\CodeIgniter->run()
CRITICAL - 2023-12-07 00:18:20 --> Undefined property: stdClass::$productName
in APPPATH/Controllers/Customize.php on line 302.
 1 APPPATH/Controllers/Customize.php(302): CodeIgniter\Debug\Exceptions->errorHandler()
 2 SYSTEMPATH/CodeIgniter.php(927): App\Controllers\Customize->insertOrderItems()
 3 SYSTEMPATH/CodeIgniter.php(482): CodeIgniter\CodeIgniter->runController()
 4 SYSTEMPATH/CodeIgniter.php(351): CodeIgniter\CodeIgniter->handleRequest()
 5 FCPATH/index.php(67): CodeIgniter\CodeIgniter->run()
CRITICAL - 2023-12-07 00:21:03 --> Undefined property: stdClass::$productName
in APPPATH/Controllers/Customize.php on line 302.
 1 APPPATH/Controllers/Customize.php(302): CodeIgniter\Debug\Exceptions->errorHandler()
 2 SYSTEMPATH/CodeIgniter.php(927): App\Controllers\Customize->insertOrderItems()
 3 SYSTEMPATH/CodeIgniter.php(482): CodeIgniter\CodeIgniter->runController()
 4 SYSTEMPATH/CodeIgniter.php(351): CodeIgniter\CodeIgniter->handleRequest()
 5 FCPATH/index.php(67): CodeIgniter\CodeIgniter->run()
ERROR - 2023-12-07 00:22:16 --> Error in insertOrderItems: Undefined property: stdClass::$productName
ERROR - 2023-12-07 00:22:40 --> Error in insertOrderItems: Undefined property: stdClass::$productName
ERROR - 2023-12-07 00:23:31 --> Error in insertOrderItems: Undefined property: stdClass::$productName
ERROR - 2023-12-07 00:23:52 --> Error in insertOrderItems: Undefined property: stdClass::$productName
CRITICAL - 2023-12-07 00:27:45 --> Undefined array key "products"
in APPPATH/Controllers/Customize.php on line 298.
 1 APPPATH/Controllers/Customize.php(298): CodeIgniter\Debug\Exceptions->errorHandler()
 2 SYSTEMPATH/CodeIgniter.php(927): App\Controllers\Customize->insertOrderItems()
 3 SYSTEMPATH/CodeIgniter.php(482): CodeIgniter\CodeIgniter->runController()
 4 SYSTEMPATH/CodeIgniter.php(351): CodeIgniter\CodeIgniter->handleRequest()
 5 FCPATH/index.php(67): CodeIgniter\CodeIgniter->run()
CRITICAL - 2023-12-07 00:33:45 --> foreach() argument must be of type array|object, string given
in APPPATH/Controllers/Customize.php on line 298.
 1 APPPATH/Controllers/Customize.php(298): CodeIgniter\Debug\Exceptions->errorHandler()
 2 SYSTEMPATH/CodeIgniter.php(927): App\Controllers\Customize->insertOrderItems()
 3 SYSTEMPATH/CodeIgniter.php(482): CodeIgniter\CodeIgniter->runController()
 4 SYSTEMPATH/CodeIgniter.php(351): CodeIgniter\CodeIgniter->handleRequest()
 5 FCPATH/index.php(67): CodeIgniter\CodeIgniter->run()
CRITICAL - 2023-12-07 00:39:11 --> Undefined array key "productName"
in APPPATH/Controllers/Customize.php on line 305.
 1 APPPATH/Controllers/Customize.php(305): CodeIgniter\Debug\Exceptions->errorHandler()
 2 SYSTEMPATH/CodeIgniter.php(927): App\Controllers\Customize->insertOrderItems()
 3 SYSTEMPATH/CodeIgniter.php(482): CodeIgniter\CodeIgniter->runController()
 4 SYSTEMPATH/CodeIgniter.php(351): CodeIgniter\CodeIgniter->handleRequest()
 5 FCPATH/index.php(67): CodeIgniter\CodeIgniter->run()
CRITICAL - 2023-12-07 00:40:31 --> Undefined array key "productName"
in APPPATH/Controllers/Customize.php on line 305.
 1 APPPATH/Controllers/Customize.php(305): CodeIgniter\Debug\Exceptions->errorHandler()
 2 SYSTEMPATH/CodeIgniter.php(927): App\Controllers\Customize->insertOrderItems()
 3 SYSTEMPATH/CodeIgniter.php(482): CodeIgniter\CodeIgniter->runController()
 4 SYSTEMPATH/CodeIgniter.php(351): CodeIgniter\CodeIgniter->handleRequest()
 5 FCPATH/index.php(67): CodeIgniter\CodeIgniter->run()
CRITICAL - 2023-12-07 00:57:30 --> Undefined array key "additional"
in APPPATH/Controllers/Customize.php on line 310.
 1 APPPATH/Controllers/Customize.php(310): CodeIgniter\Debug\Exceptions->errorHandler()
 2 SYSTEMPATH/CodeIgniter.php(927): App\Controllers\Customize->insertOrderItems()
 3 SYSTEMPATH/CodeIgniter.php(482): CodeIgniter\CodeIgniter->runController()
 4 SYSTEMPATH/CodeIgniter.php(351): CodeIgniter\CodeIgniter->handleRequest()
 5 FCPATH/index.php(67): CodeIgniter\CodeIgniter->run()
CRITICAL - 2023-12-07 00:59:17 --> Undefined array key "additional"
in APPPATH/Controllers/Customize.php on line 310.
 1 APPPATH/Controllers/Customize.php(310): CodeIgniter\Debug\Exceptions->errorHandler()
 2 SYSTEMPATH/CodeIgniter.php(927): App\Controllers\Customize->insertOrderItems()
 3 SYSTEMPATH/CodeIgniter.php(482): CodeIgniter\CodeIgniter->runController()
 4 SYSTEMPATH/CodeIgniter.php(351): CodeIgniter\CodeIgniter->handleRequest()
 5 FCPATH/index.php(67): CodeIgniter\CodeIgniter->run()
CRITICAL - 2023-12-07 01:00:23 --> Undefined array key "additional"
in APPPATH/Controllers/Customize.php on line 310.
 1 APPPATH/Controllers/Customize.php(310): CodeIgniter\Debug\Exceptions->errorHandler()
 2 SYSTEMPATH/CodeIgniter.php(927): App\Controllers\Customize->insertOrderItems()
 3 SYSTEMPATH/CodeIgniter.php(482): CodeIgniter\CodeIgniter->runController()
 4 SYSTEMPATH/CodeIgniter.php(351): CodeIgniter\CodeIgniter->handleRequest()
 5 FCPATH/index.php(67): CodeIgniter\CodeIgniter->run()
CRITICAL - 2023-12-07 01:00:32 --> Undefined array key "productId"
in APPPATH/Controllers/Customize.php on line 329.
 1 APPPATH/Controllers/Customize.php(329): CodeIgniter\Debug\Exceptions->errorHandler()
 2 SYSTEMPATH/CodeIgniter.php(927): App\Controllers\Customize->insertOrderItems()
 3 SYSTEMPATH/CodeIgniter.php(482): CodeIgniter\CodeIgniter->runController()
 4 SYSTEMPATH/CodeIgniter.php(351): CodeIgniter\CodeIgniter->handleRequest()
 5 FCPATH/index.php(67): CodeIgniter\CodeIgniter->run()
CRITICAL - 2023-12-07 01:10:38 --> Undefined variable $orderId
in APPPATH/Controllers/Customize.php on line 330.
 1 APPPATH/Controllers/Customize.php(330): CodeIgniter\Debug\Exceptions->errorHandler()
 2 SYSTEMPATH/CodeIgniter.php(927): App\Controllers\Customize->insertOrderItems()
 3 SYSTEMPATH/CodeIgniter.php(482): CodeIgniter\CodeIgniter->runController()
 4 SYSTEMPATH/CodeIgniter.php(351): CodeIgniter\CodeIgniter->handleRequest()
 5 FCPATH/index.php(67): CodeIgniter\CodeIgniter->run()
