CRITICAL - 2023-11-22 07:53:57 --> Undefined array key "created_at"
in APPPATH/Views/home/productdetails.php on line 505.
 1 APPPATH/Views/home/productdetails.php(505): CodeIgniter\Debug\Exceptions->errorHandler()
 2 SYSTEMPATH/View/View.php(213): include('APPPATH/Views/home/productdetails.php')
 3 SYSTEMPATH/View/View.php(216): CodeIgniter\View\View->CodeIgniter\View\{closure}()
 4 SYSTEMPATH/Common.php(1134): CodeIgniter\View\View->render()
 5 APPPATH/Controllers/Home.php(242): view()
 6 SYSTEMPATH/CodeIgniter.php(927): App\Controllers\Home->productdetails()
 7 SYSTEMPATH/CodeIgniter.php(482): CodeIgniter\CodeIgniter->runController()
 8 SYSTEMPATH/CodeIgniter.php(351): CodeIgniter\CodeIgniter->handleRequest()
 9 FCPATH/index.php(67): CodeIgniter\CodeIgniter->run()
CRITICAL - 2023-11-22 08:09:09 --> Undefined array key "ship_info"
in APPPATH/Views/home/checkout.php on line 719.
 1 APPPATH/Views/home/checkout.php(719): CodeIgniter\Debug\Exceptions->errorHandler()
 2 SYSTEMPATH/View/View.php(213): include('APPPATH/Views/home/checkout.php')
 3 SYSTEMPATH/View/View.php(216): CodeIgniter\View\View->CodeIgniter\View\{closure}()
 4 SYSTEMPATH/Common.php(1134): CodeIgniter\View\View->render()
 5 APPPATH/Controllers/Home.php(958): view()
 6 SYSTEMPATH/CodeIgniter.php(927): App\Controllers\Home->checkout()
 7 SYSTEMPATH/CodeIgniter.php(482): CodeIgniter\CodeIgniter->runController()
 8 SYSTEMPATH/CodeIgniter.php(351): CodeIgniter\CodeIgniter->handleRequest()
 9 FCPATH/index.php(67): CodeIgniter\CodeIgniter->run()
CRITICAL - 2023-11-22 08:10:34 --> Undefined array key "ship_info"
in APPPATH/Views/home/checkout.php on line 719.
 1 APPPATH/Views/home/checkout.php(719): CodeIgniter\Debug\Exceptions->errorHandler()
 2 SYSTEMPATH/View/View.php(213): include('APPPATH/Views/home/checkout.php')
 3 SYSTEMPATH/View/View.php(216): CodeIgniter\View\View->CodeIgniter\View\{closure}()
 4 SYSTEMPATH/Common.php(1134): CodeIgniter\View\View->render()
 5 APPPATH/Controllers/Home.php(958): view()
 6 SYSTEMPATH/CodeIgniter.php(927): App\Controllers\Home->checkout()
 7 SYSTEMPATH/CodeIgniter.php(482): CodeIgniter\CodeIgniter->runController()
 8 SYSTEMPATH/CodeIgniter.php(351): CodeIgniter\CodeIgniter->handleRequest()
 9 FCPATH/index.php(67): CodeIgniter\CodeIgniter->run()
CRITICAL - 2023-11-22 08:11:11 --> Undefined array key "ship_info"
in APPPATH/Views/home/checkout.php on line 719.
 1 APPPATH/Views/home/checkout.php(719): CodeIgniter\Debug\Exceptions->errorHandler()
 2 SYSTEMPATH/View/View.php(213): include('APPPATH/Views/home/checkout.php')
 3 SYSTEMPATH/View/View.php(216): CodeIgniter\View\View->CodeIgniter\View\{closure}()
 4 SYSTEMPATH/Common.php(1134): CodeIgniter\View\View->render()
 5 APPPATH/Controllers/Home.php(958): view()
 6 SYSTEMPATH/CodeIgniter.php(927): App\Controllers\Home->checkout()
 7 SYSTEMPATH/CodeIgniter.php(482): CodeIgniter\CodeIgniter->runController()
 8 SYSTEMPATH/CodeIgniter.php(351): CodeIgniter\CodeIgniter->handleRequest()
 9 FCPATH/index.php(67): CodeIgniter\CodeIgniter->run()
CRITICAL - 2023-11-22 08:13:38 --> Attempt to read property "city" on array
in APPPATH/Views/home/checkout.php on line 719.
 1 APPPATH/Views/home/checkout.php(719): CodeIgniter\Debug\Exceptions->errorHandler()
 2 SYSTEMPATH/View/View.php(213): include('APPPATH/Views/home/checkout.php')
 3 SYSTEMPATH/View/View.php(216): CodeIgniter\View\View->CodeIgniter\View\{closure}()
 4 SYSTEMPATH/Common.php(1134): CodeIgniter\View\View->render()
 5 APPPATH/Controllers/Home.php(958): view()
 6 SYSTEMPATH/CodeIgniter.php(927): App\Controllers\Home->checkout()
 7 SYSTEMPATH/CodeIgniter.php(482): CodeIgniter\CodeIgniter->runController()
 8 SYSTEMPATH/CodeIgniter.php(351): CodeIgniter\CodeIgniter->handleRequest()
 9 FCPATH/index.php(67): CodeIgniter\CodeIgniter->run()
CRITICAL - 2023-11-22 08:47:55 --> syntax error, unexpected character 0x00
in APPPATH/Controllers/Customize.php on line 114.
 1 SYSTEMPATH/Autoloader/Autoloader.php(259): CodeIgniter\Autoloader\Autoloader->includeFile()
 2 SYSTEMPATH/Autoloader/Autoloader.php(237): CodeIgniter\Autoloader\Autoloader->loadInNamespace()
 3 [internal function]: CodeIgniter\Autoloader\Autoloader->loadClass()
 4 SYSTEMPATH/CodeIgniter.php(877): class_exists()
 5 SYSTEMPATH/CodeIgniter.php(469): CodeIgniter\CodeIgniter->startController()
 6 SYSTEMPATH/CodeIgniter.php(351): CodeIgniter\CodeIgniter->handleRequest()
 7 FCPATH/index.php(67): CodeIgniter\CodeIgniter->run()
ERROR - 2023-11-22 08:48:57 --> mysqli_sql_exception: Column 'firstname' cannot be null in /home/u696532059/domains/bituinflowershop.com/public_html/system/Database/MySQLi/Connection.php:292
Stack trace:
#0 /home/u696532059/domains/bituinflowershop.com/public_html/system/Database/MySQLi/Connection.php(292): mysqli->query()
#1 /home/u696532059/domains/bituinflowershop.com/public_html/system/Database/BaseConnection.php(666): CodeIgniter\Database\MySQLi\Connection->execute()
#2 /home/u696532059/domains/bituinflowershop.com/public_html/system/Database/BaseConnection.php(593): CodeIgniter\Database\BaseConnection->simpleQuery()
#3 /home/u696532059/domains/bituinflowershop.com/public_html/system/Database/BaseBuilder.php(1916): CodeIgniter\Database\BaseConnection->query()
#4 /home/u696532059/domains/bituinflowershop.com/public_html/system/Model.php(279): CodeIgniter\Database\BaseBuilder->insert()
#5 /home/u696532059/domains/bituinflowershop.com/public_html/system/BaseModel.php(749): CodeIgniter\Model->doInsert()
#6 /home/u696532059/domains/bituinflowershop.com/public_html/system/Model.php(667): CodeIgniter\BaseModel->insert()
#7 /home/u696532059/domains/bituinflowershop.com/public_html/app/Controllers/Customize.php(312): CodeIgniter\Model->insert()
#8 /home/u696532059/domains/bituinflowershop.com/public_html/system/CodeIgniter.php(927): App\Controllers\Customize->insertDroppedProducts()
#9 /home/u696532059/domains/bituinflowershop.com/public_html/system/CodeIgniter.php(482): CodeIgniter\CodeIgniter->runController()
#10 /home/u696532059/domains/bituinflowershop.com/public_html/system/CodeIgniter.php(351): CodeIgniter\CodeIgniter->handleRequest()
#11 /home/u696532059/domains/bituinflowershop.com/public_html/public/index.php(67): CodeIgniter\CodeIgniter->run()
#12 {main}
CRITICAL - 2023-11-22 08:48:57 --> Column 'firstname' cannot be null
in SYSTEMPATH/Database/MySQLi/Connection.php on line 292.
 1 SYSTEMPATH/Database/MySQLi/Connection.php(292): mysqli->query()
 2 SYSTEMPATH/Database/BaseConnection.php(666): CodeIgniter\Database\MySQLi\Connection->execute()
 3 SYSTEMPATH/Database/BaseConnection.php(593): CodeIgniter\Database\BaseConnection->simpleQuery()
 4 SYSTEMPATH/Database/BaseBuilder.php(1916): CodeIgniter\Database\BaseConnection->query()
 5 SYSTEMPATH/Model.php(279): CodeIgniter\Database\BaseBuilder->insert()
 6 SYSTEMPATH/BaseModel.php(749): CodeIgniter\Model->doInsert()
 7 SYSTEMPATH/Model.php(667): CodeIgniter\BaseModel->insert()
 8 APPPATH/Controllers/Customize.php(312): CodeIgniter\Model->insert()
 9 SYSTEMPATH/CodeIgniter.php(927): App\Controllers\Customize->insertDroppedProducts()
10 SYSTEMPATH/CodeIgniter.php(482): CodeIgniter\CodeIgniter->runController()
11 SYSTEMPATH/CodeIgniter.php(351): CodeIgniter\CodeIgniter->handleRequest()
12 FCPATH/index.php(67): CodeIgniter\CodeIgniter->run()
ERROR - 2023-11-22 08:54:00 --> mysqli_sql_exception: Column 'firstname' cannot be null in /home/u696532059/domains/bituinflowershop.com/public_html/system/Database/MySQLi/Connection.php:292
Stack trace:
#0 /home/u696532059/domains/bituinflowershop.com/public_html/system/Database/MySQLi/Connection.php(292): mysqli->query()
#1 /home/u696532059/domains/bituinflowershop.com/public_html/system/Database/BaseConnection.php(666): CodeIgniter\Database\MySQLi\Connection->execute()
#2 /home/u696532059/domains/bituinflowershop.com/public_html/system/Database/BaseConnection.php(593): CodeIgniter\Database\BaseConnection->simpleQuery()
#3 /home/u696532059/domains/bituinflowershop.com/public_html/system/Database/BaseBuilder.php(1916): CodeIgniter\Database\BaseConnection->query()
#4 /home/u696532059/domains/bituinflowershop.com/public_html/system/Model.php(279): CodeIgniter\Database\BaseBuilder->insert()
#5 /home/u696532059/domains/bituinflowershop.com/public_html/system/BaseModel.php(749): CodeIgniter\Model->doInsert()
#6 /home/u696532059/domains/bituinflowershop.com/public_html/system/Model.php(667): CodeIgniter\BaseModel->insert()
#7 /home/u696532059/domains/bituinflowershop.com/public_html/app/Controllers/Customize.php(312): CodeIgniter\Model->insert()
#8 /home/u696532059/domains/bituinflowershop.com/public_html/system/CodeIgniter.php(927): App\Controllers\Customize->insertDroppedProducts()
#9 /home/u696532059/domains/bituinflowershop.com/public_html/system/CodeIgniter.php(482): CodeIgniter\CodeIgniter->runController()
#10 /home/u696532059/domains/bituinflowershop.com/public_html/system/CodeIgniter.php(351): CodeIgniter\CodeIgniter->handleRequest()
#11 /home/u696532059/domains/bituinflowershop.com/public_html/public/index.php(67): CodeIgniter\CodeIgniter->run()
#12 {main}
CRITICAL - 2023-11-22 08:54:00 --> Column 'firstname' cannot be null
in SYSTEMPATH/Database/MySQLi/Connection.php on line 292.
 1 SYSTEMPATH/Database/MySQLi/Connection.php(292): mysqli->query()
 2 SYSTEMPATH/Database/BaseConnection.php(666): CodeIgniter\Database\MySQLi\Connection->execute()
 3 SYSTEMPATH/Database/BaseConnection.php(593): CodeIgniter\Database\BaseConnection->simpleQuery()
 4 SYSTEMPATH/Database/BaseBuilder.php(1916): CodeIgniter\Database\BaseConnection->query()
 5 SYSTEMPATH/Model.php(279): CodeIgniter\Database\BaseBuilder->insert()
 6 SYSTEMPATH/BaseModel.php(749): CodeIgniter\Model->doInsert()
 7 SYSTEMPATH/Model.php(667): CodeIgniter\BaseModel->insert()
 8 APPPATH/Controllers/Customize.php(312): CodeIgniter\Model->insert()
 9 SYSTEMPATH/CodeIgniter.php(927): App\Controllers\Customize->insertDroppedProducts()
10 SYSTEMPATH/CodeIgniter.php(482): CodeIgniter\CodeIgniter->runController()
11 SYSTEMPATH/CodeIgniter.php(351): CodeIgniter\CodeIgniter->handleRequest()
12 FCPATH/index.php(67): CodeIgniter\CodeIgniter->run()
ERROR - 2023-11-22 09:01:48 --> mysqli_sql_exception: Column 'firstname' cannot be null in /home/u696532059/domains/bituinflowershop.com/public_html/system/Database/MySQLi/Connection.php:292
Stack trace:
#0 /home/u696532059/domains/bituinflowershop.com/public_html/system/Database/MySQLi/Connection.php(292): mysqli->query()
#1 /home/u696532059/domains/bituinflowershop.com/public_html/system/Database/BaseConnection.php(666): CodeIgniter\Database\MySQLi\Connection->execute()
#2 /home/u696532059/domains/bituinflowershop.com/public_html/system/Database/BaseConnection.php(593): CodeIgniter\Database\BaseConnection->simpleQuery()
#3 /home/u696532059/domains/bituinflowershop.com/public_html/system/Database/BaseBuilder.php(1916): CodeIgniter\Database\BaseConnection->query()
#4 /home/u696532059/domains/bituinflowershop.com/public_html/system/Model.php(279): CodeIgniter\Database\BaseBuilder->insert()
#5 /home/u696532059/domains/bituinflowershop.com/public_html/system/BaseModel.php(749): CodeIgniter\Model->doInsert()
#6 /home/u696532059/domains/bituinflowershop.com/public_html/system/Model.php(667): CodeIgniter\BaseModel->insert()
#7 /home/u696532059/domains/bituinflowershop.com/public_html/app/Controllers/Customize.php(312): CodeIgniter\Model->insert()
#8 /home/u696532059/domains/bituinflowershop.com/public_html/system/CodeIgniter.php(927): App\Controllers\Customize->insertDroppedProducts()
#9 /home/u696532059/domains/bituinflowershop.com/public_html/system/CodeIgniter.php(482): CodeIgniter\CodeIgniter->runController()
#10 /home/u696532059/domains/bituinflowershop.com/public_html/system/CodeIgniter.php(351): CodeIgniter\CodeIgniter->handleRequest()
#11 /home/u696532059/domains/bituinflowershop.com/public_html/public/index.php(67): CodeIgniter\CodeIgniter->run()
#12 {main}
CRITICAL - 2023-11-22 09:01:48 --> Column 'firstname' cannot be null
in SYSTEMPATH/Database/MySQLi/Connection.php on line 292.
 1 SYSTEMPATH/Database/MySQLi/Connection.php(292): mysqli->query()
 2 SYSTEMPATH/Database/BaseConnection.php(666): CodeIgniter\Database\MySQLi\Connection->execute()
 3 SYSTEMPATH/Database/BaseConnection.php(593): CodeIgniter\Database\BaseConnection->simpleQuery()
 4 SYSTEMPATH/Database/BaseBuilder.php(1916): CodeIgniter\Database\BaseConnection->query()
 5 SYSTEMPATH/Model.php(279): CodeIgniter\Database\BaseBuilder->insert()
 6 SYSTEMPATH/BaseModel.php(749): CodeIgniter\Model->doInsert()
 7 SYSTEMPATH/Model.php(667): CodeIgniter\BaseModel->insert()
 8 APPPATH/Controllers/Customize.php(312): CodeIgniter\Model->insert()
 9 SYSTEMPATH/CodeIgniter.php(927): App\Controllers\Customize->insertDroppedProducts()
10 SYSTEMPATH/CodeIgniter.php(482): CodeIgniter\CodeIgniter->runController()
11 SYSTEMPATH/CodeIgniter.php(351): CodeIgniter\CodeIgniter->handleRequest()
12 FCPATH/index.php(67): CodeIgniter\CodeIgniter->run()
ERROR - 2023-11-22 09:02:33 --> mysqli_sql_exception: Column 'firstname' cannot be null in /home/u696532059/domains/bituinflowershop.com/public_html/system/Database/MySQLi/Connection.php:292
Stack trace:
#0 /home/u696532059/domains/bituinflowershop.com/public_html/system/Database/MySQLi/Connection.php(292): mysqli->query()
#1 /home/u696532059/domains/bituinflowershop.com/public_html/system/Database/BaseConnection.php(666): CodeIgniter\Database\MySQLi\Connection->execute()
#2 /home/u696532059/domains/bituinflowershop.com/public_html/system/Database/BaseConnection.php(593): CodeIgniter\Database\BaseConnection->simpleQuery()
#3 /home/u696532059/domains/bituinflowershop.com/public_html/system/Database/BaseBuilder.php(1916): CodeIgniter\Database\BaseConnection->query()
#4 /home/u696532059/domains/bituinflowershop.com/public_html/system/Model.php(279): CodeIgniter\Database\BaseBuilder->insert()
#5 /home/u696532059/domains/bituinflowershop.com/public_html/system/BaseModel.php(749): CodeIgniter\Model->doInsert()
#6 /home/u696532059/domains/bituinflowershop.com/public_html/system/Model.php(667): CodeIgniter\BaseModel->insert()
#7 /home/u696532059/domains/bituinflowershop.com/public_html/app/Controllers/Customize.php(312): CodeIgniter\Model->insert()
#8 /home/u696532059/domains/bituinflowershop.com/public_html/system/CodeIgniter.php(927): App\Controllers\Customize->insertDroppedProducts()
#9 /home/u696532059/domains/bituinflowershop.com/public_html/system/CodeIgniter.php(482): CodeIgniter\CodeIgniter->runController()
#10 /home/u696532059/domains/bituinflowershop.com/public_html/system/CodeIgniter.php(351): CodeIgniter\CodeIgniter->handleRequest()
#11 /home/u696532059/domains/bituinflowershop.com/public_html/public/index.php(67): CodeIgniter\CodeIgniter->run()
#12 {main}
CRITICAL - 2023-11-22 09:02:33 --> Column 'firstname' cannot be null
in SYSTEMPATH/Database/MySQLi/Connection.php on line 292.
 1 SYSTEMPATH/Database/MySQLi/Connection.php(292): mysqli->query()
 2 SYSTEMPATH/Database/BaseConnection.php(666): CodeIgniter\Database\MySQLi\Connection->execute()
 3 SYSTEMPATH/Database/BaseConnection.php(593): CodeIgniter\Database\BaseConnection->simpleQuery()
 4 SYSTEMPATH/Database/BaseBuilder.php(1916): CodeIgniter\Database\BaseConnection->query()
 5 SYSTEMPATH/Model.php(279): CodeIgniter\Database\BaseBuilder->insert()
 6 SYSTEMPATH/BaseModel.php(749): CodeIgniter\Model->doInsert()
 7 SYSTEMPATH/Model.php(667): CodeIgniter\BaseModel->insert()
 8 APPPATH/Controllers/Customize.php(312): CodeIgniter\Model->insert()
 9 SYSTEMPATH/CodeIgniter.php(927): App\Controllers\Customize->insertDroppedProducts()
10 SYSTEMPATH/CodeIgniter.php(482): CodeIgniter\CodeIgniter->runController()
11 SYSTEMPATH/CodeIgniter.php(351): CodeIgniter\CodeIgniter->handleRequest()
12 FCPATH/index.php(67): CodeIgniter\CodeIgniter->run()
ERROR - 2023-11-22 09:03:53 --> mysqli_sql_exception: Column 'firstname' cannot be null in /home/u696532059/domains/bituinflowershop.com/public_html/system/Database/MySQLi/Connection.php:292
Stack trace:
#0 /home/u696532059/domains/bituinflowershop.com/public_html/system/Database/MySQLi/Connection.php(292): mysqli->query()
#1 /home/u696532059/domains/bituinflowershop.com/public_html/system/Database/BaseConnection.php(666): CodeIgniter\Database\MySQLi\Connection->execute()
#2 /home/u696532059/domains/bituinflowershop.com/public_html/system/Database/BaseConnection.php(593): CodeIgniter\Database\BaseConnection->simpleQuery()
#3 /home/u696532059/domains/bituinflowershop.com/public_html/system/Database/BaseBuilder.php(1916): CodeIgniter\Database\BaseConnection->query()
#4 /home/u696532059/domains/bituinflowershop.com/public_html/system/Model.php(279): CodeIgniter\Database\BaseBuilder->insert()
#5 /home/u696532059/domains/bituinflowershop.com/public_html/system/BaseModel.php(749): CodeIgniter\Model->doInsert()
#6 /home/u696532059/domains/bituinflowershop.com/public_html/system/Model.php(667): CodeIgniter\BaseModel->insert()
#7 /home/u696532059/domains/bituinflowershop.com/public_html/app/Controllers/Customize.php(312): CodeIgniter\Model->insert()
#8 /home/u696532059/domains/bituinflowershop.com/public_html/system/CodeIgniter.php(927): App\Controllers\Customize->insertDroppedProducts()
#9 /home/u696532059/domains/bituinflowershop.com/public_html/system/CodeIgniter.php(482): CodeIgniter\CodeIgniter->runController()
#10 /home/u696532059/domains/bituinflowershop.com/public_html/system/CodeIgniter.php(351): CodeIgniter\CodeIgniter->handleRequest()
#11 /home/u696532059/domains/bituinflowershop.com/public_html/public/index.php(67): CodeIgniter\CodeIgniter->run()
#12 {main}
CRITICAL - 2023-11-22 09:03:53 --> Column 'firstname' cannot be null
in SYSTEMPATH/Database/MySQLi/Connection.php on line 292.
 1 SYSTEMPATH/Database/MySQLi/Connection.php(292): mysqli->query()
 2 SYSTEMPATH/Database/BaseConnection.php(666): CodeIgniter\Database\MySQLi\Connection->execute()
 3 SYSTEMPATH/Database/BaseConnection.php(593): CodeIgniter\Database\BaseConnection->simpleQuery()
 4 SYSTEMPATH/Database/BaseBuilder.php(1916): CodeIgniter\Database\BaseConnection->query()
 5 SYSTEMPATH/Model.php(279): CodeIgniter\Database\BaseBuilder->insert()
 6 SYSTEMPATH/BaseModel.php(749): CodeIgniter\Model->doInsert()
 7 SYSTEMPATH/Model.php(667): CodeIgniter\BaseModel->insert()
 8 APPPATH/Controllers/Customize.php(312): CodeIgniter\Model->insert()
 9 SYSTEMPATH/CodeIgniter.php(927): App\Controllers\Customize->insertDroppedProducts()
10 SYSTEMPATH/CodeIgniter.php(482): CodeIgniter\CodeIgniter->runController()
11 SYSTEMPATH/CodeIgniter.php(351): CodeIgniter\CodeIgniter->handleRequest()
12 FCPATH/index.php(67): CodeIgniter\CodeIgniter->run()
CRITICAL - 2023-11-22 09:13:04 --> Unclosed '{' on line 296
in APPPATH/Views/home/customize.php on line 381.
 1 SYSTEMPATH/View/View.php(216): CodeIgniter\View\View->CodeIgniter\View\{closure}()
 2 SYSTEMPATH/Common.php(1134): CodeIgniter\View\View->render()
 3 APPPATH/Controllers/Customize.php(151): view()
 4 SYSTEMPATH/CodeIgniter.php(927): App\Controllers\Customize->customize()
 5 SYSTEMPATH/CodeIgniter.php(482): CodeIgniter\CodeIgniter->runController()
 6 SYSTEMPATH/CodeIgniter.php(351): CodeIgniter\CodeIgniter->handleRequest()
 7 FCPATH/index.php(67): CodeIgniter\CodeIgniter->run()
CRITICAL - 2023-11-22 09:35:13 --> json_decode(): Passing null to parameter #1 ($json) of type string is deprecated
in APPPATH/Controllers/Customize.php on line 296.
 1 [internal function]: CodeIgniter\Debug\Exceptions->errorHandler()
 2 APPPATH/Controllers/Customize.php(296): json_decode()
 3 SYSTEMPATH/CodeIgniter.php(927): App\Controllers\Customize->insertDroppedProducts()
 4 SYSTEMPATH/CodeIgniter.php(482): CodeIgniter\CodeIgniter->runController()
 5 SYSTEMPATH/CodeIgniter.php(351): CodeIgniter\CodeIgniter->handleRequest()
 6 FCPATH/index.php(67): CodeIgniter\CodeIgniter->run()
CRITICAL - 2023-11-22 09:40:25 --> json_decode(): Passing null to parameter #1 ($json) of type string is deprecated
in APPPATH/Controllers/Customize.php on line 296.
 1 [internal function]: CodeIgniter\Debug\Exceptions->errorHandler()
 2 APPPATH/Controllers/Customize.php(296): json_decode()
 3 SYSTEMPATH/CodeIgniter.php(927): App\Controllers\Customize->insertDroppedProducts()
 4 SYSTEMPATH/CodeIgniter.php(482): CodeIgniter\CodeIgniter->runController()
 5 SYSTEMPATH/CodeIgniter.php(351): CodeIgniter\CodeIgniter->handleRequest()
 6 FCPATH/index.php(67): CodeIgniter\CodeIgniter->run()
CRITICAL - 2023-11-22 09:44:23 --> json_decode(): Passing null to parameter #1 ($json) of type string is deprecated
in APPPATH/Controllers/Customize.php on line 296.
 1 [internal function]: CodeIgniter\Debug\Exceptions->errorHandler()
 2 APPPATH/Controllers/Customize.php(296): json_decode()
 3 SYSTEMPATH/CodeIgniter.php(927): App\Controllers\Customize->insertDroppedProducts()
 4 SYSTEMPATH/CodeIgniter.php(482): CodeIgniter\CodeIgniter->runController()
 5 SYSTEMPATH/CodeIgniter.php(351): CodeIgniter\CodeIgniter->handleRequest()
 6 FCPATH/index.php(67): CodeIgniter\CodeIgniter->run()
CRITICAL - 2023-11-22 10:00:11 --> json_decode(): Passing null to parameter #1 ($json) of type string is deprecated
in APPPATH/Controllers/Customize.php on line 296.
 1 [internal function]: CodeIgniter\Debug\Exceptions->errorHandler()
 2 APPPATH/Controllers/Customize.php(296): json_decode()
 3 SYSTEMPATH/CodeIgniter.php(927): App\Controllers\Customize->insertDroppedProducts()
 4 SYSTEMPATH/CodeIgniter.php(482): CodeIgniter\CodeIgniter->runController()
 5 SYSTEMPATH/CodeIgniter.php(351): CodeIgniter\CodeIgniter->handleRequest()
 6 FCPATH/index.php(67): CodeIgniter\CodeIgniter->run()
CRITICAL - 2023-11-22 10:01:19 --> json_decode(): Passing null to parameter #1 ($json) of type string is deprecated
in APPPATH/Controllers/Customize.php on line 296.
 1 [internal function]: CodeIgniter\Debug\Exceptions->errorHandler()
 2 APPPATH/Controllers/Customize.php(296): json_decode()
 3 SYSTEMPATH/CodeIgniter.php(927): App\Controllers\Customize->insertDroppedProducts()
 4 SYSTEMPATH/CodeIgniter.php(482): CodeIgniter\CodeIgniter->runController()
 5 SYSTEMPATH/CodeIgniter.php(351): CodeIgniter\CodeIgniter->handleRequest()
 6 FCPATH/index.php(67): CodeIgniter\CodeIgniter->run()
ERROR - 2023-11-22 10:03:38 --> Error in insertDroppedProducts: json_decode(): Passing null to parameter #1 ($json) of type string is deprecated
CRITICAL - 2023-11-22 10:19:37 --> json_decode(): Argument #1 ($json) must be of type string, array given
in APPPATH/Controllers/Customize.php on line 296.
 1 APPPATH/Controllers/Customize.php(296): json_decode()
 2 SYSTEMPATH/CodeIgniter.php(927): App\Controllers\Customize->insertDroppedProducts()
 3 SYSTEMPATH/CodeIgniter.php(482): CodeIgniter\CodeIgniter->runController()
 4 SYSTEMPATH/CodeIgniter.php(351): CodeIgniter\CodeIgniter->handleRequest()
 5 FCPATH/index.php(67): CodeIgniter\CodeIgniter->run()
CRITICAL - 2023-11-22 10:19:46 --> json_decode(): Argument #1 ($json) must be of type string, array given
in APPPATH/Controllers/Customize.php on line 296.
 1 APPPATH/Controllers/Customize.php(296): json_decode()
 2 SYSTEMPATH/CodeIgniter.php(927): App\Controllers\Customize->insertDroppedProducts()
 3 SYSTEMPATH/CodeIgniter.php(482): CodeIgniter\CodeIgniter->runController()
 4 SYSTEMPATH/CodeIgniter.php(351): CodeIgniter\CodeIgniter->handleRequest()
 5 FCPATH/index.php(67): CodeIgniter\CodeIgniter->run()
ERROR - 2023-11-22 10:20:41 --> mysqli_sql_exception: Unknown column 'item_color' in 'field list' in /home/u696532059/domains/bituinflowershop.com/public_html/system/Database/MySQLi/Connection.php:292
Stack trace:
#0 /home/u696532059/domains/bituinflowershop.com/public_html/system/Database/MySQLi/Connection.php(292): mysqli->query()
#1 /home/u696532059/domains/bituinflowershop.com/public_html/system/Database/BaseConnection.php(666): CodeIgniter\Database\MySQLi\Connection->execute()
#2 /home/u696532059/domains/bituinflowershop.com/public_html/system/Database/BaseConnection.php(593): CodeIgniter\Database\BaseConnection->simpleQuery()
#3 /home/u696532059/domains/bituinflowershop.com/public_html/system/Database/BaseBuilder.php(1916): CodeIgniter\Database\BaseConnection->query()
#4 /home/u696532059/domains/bituinflowershop.com/public_html/system/Model.php(279): CodeIgniter\Database\BaseBuilder->insert()
#5 /home/u696532059/domains/bituinflowershop.com/public_html/system/BaseModel.php(749): CodeIgniter\Model->doInsert()
#6 /home/u696532059/domains/bituinflowershop.com/public_html/system/Model.php(667): CodeIgniter\BaseModel->insert()
#7 /home/u696532059/domains/bituinflowershop.com/public_html/app/Controllers/Customize.php(335): CodeIgniter\Model->insert()
#8 /home/u696532059/domains/bituinflowershop.com/public_html/system/CodeIgniter.php(927): App\Controllers\Customize->insertDroppedProducts()
#9 /home/u696532059/domains/bituinflowershop.com/public_html/system/CodeIgniter.php(482): CodeIgniter\CodeIgniter->runController()
#10 /home/u696532059/domains/bituinflowershop.com/public_html/system/CodeIgniter.php(351): CodeIgniter\CodeIgniter->handleRequest()
#11 /home/u696532059/domains/bituinflowershop.com/public_html/public/index.php(67): CodeIgniter\CodeIgniter->run()
#12 {main}
CRITICAL - 2023-11-22 10:20:41 --> Unknown column 'item_color' in 'field list'
in SYSTEMPATH/Database/MySQLi/Connection.php on line 292.
 1 SYSTEMPATH/Database/MySQLi/Connection.php(292): mysqli->query()
 2 SYSTEMPATH/Database/BaseConnection.php(666): CodeIgniter\Database\MySQLi\Connection->execute()
 3 SYSTEMPATH/Database/BaseConnection.php(593): CodeIgniter\Database\BaseConnection->simpleQuery()
 4 SYSTEMPATH/Database/BaseBuilder.php(1916): CodeIgniter\Database\BaseConnection->query()
 5 SYSTEMPATH/Model.php(279): CodeIgniter\Database\BaseBuilder->insert()
 6 SYSTEMPATH/BaseModel.php(749): CodeIgniter\Model->doInsert()
 7 SYSTEMPATH/Model.php(667): CodeIgniter\BaseModel->insert()
 8 APPPATH/Controllers/Customize.php(335): CodeIgniter\Model->insert()
 9 SYSTEMPATH/CodeIgniter.php(927): App\Controllers\Customize->insertDroppedProducts()
10 SYSTEMPATH/CodeIgniter.php(482): CodeIgniter\CodeIgniter->runController()
11 SYSTEMPATH/CodeIgniter.php(351): CodeIgniter\CodeIgniter->handleRequest()
12 FCPATH/index.php(67): CodeIgniter\CodeIgniter->run()
ERROR - 2023-11-22 10:22:40 --> mysqli_sql_exception: Column 'firstname' cannot be null in /home/u696532059/domains/bituinflowershop.com/public_html/system/Database/MySQLi/Connection.php:292
Stack trace:
#0 /home/u696532059/domains/bituinflowershop.com/public_html/system/Database/MySQLi/Connection.php(292): mysqli->query()
#1 /home/u696532059/domains/bituinflowershop.com/public_html/system/Database/BaseConnection.php(666): CodeIgniter\Database\MySQLi\Connection->execute()
#2 /home/u696532059/domains/bituinflowershop.com/public_html/system/Database/BaseConnection.php(593): CodeIgniter\Database\BaseConnection->simpleQuery()
#3 /home/u696532059/domains/bituinflowershop.com/public_html/system/Database/BaseBuilder.php(1916): CodeIgniter\Database\BaseConnection->query()
#4 /home/u696532059/domains/bituinflowershop.com/public_html/system/Model.php(279): CodeIgniter\Database\BaseBuilder->insert()
#5 /home/u696532059/domains/bituinflowershop.com/public_html/system/BaseModel.php(749): CodeIgniter\Model->doInsert()
#6 /home/u696532059/domains/bituinflowershop.com/public_html/system/Model.php(667): CodeIgniter\BaseModel->insert()
#7 /home/u696532059/domains/bituinflowershop.com/public_html/app/Controllers/Customize.php(320): CodeIgniter\Model->insert()
#8 /home/u696532059/domains/bituinflowershop.com/public_html/system/CodeIgniter.php(927): App\Controllers\Customize->insertDroppedProducts()
#9 /home/u696532059/domains/bituinflowershop.com/public_html/system/CodeIgniter.php(482): CodeIgniter\CodeIgniter->runController()
#10 /home/u696532059/domains/bituinflowershop.com/public_html/system/CodeIgniter.php(351): CodeIgniter\CodeIgniter->handleRequest()
#11 /home/u696532059/domains/bituinflowershop.com/public_html/public/index.php(67): CodeIgniter\CodeIgniter->run()
#12 {main}
CRITICAL - 2023-11-22 10:22:40 --> Column 'firstname' cannot be null
in SYSTEMPATH/Database/MySQLi/Connection.php on line 292.
 1 SYSTEMPATH/Database/MySQLi/Connection.php(292): mysqli->query()
 2 SYSTEMPATH/Database/BaseConnection.php(666): CodeIgniter\Database\MySQLi\Connection->execute()
 3 SYSTEMPATH/Database/BaseConnection.php(593): CodeIgniter\Database\BaseConnection->simpleQuery()
 4 SYSTEMPATH/Database/BaseBuilder.php(1916): CodeIgniter\Database\BaseConnection->query()
 5 SYSTEMPATH/Model.php(279): CodeIgniter\Database\BaseBuilder->insert()
 6 SYSTEMPATH/BaseModel.php(749): CodeIgniter\Model->doInsert()
 7 SYSTEMPATH/Model.php(667): CodeIgniter\BaseModel->insert()
 8 APPPATH/Controllers/Customize.php(320): CodeIgniter\Model->insert()
 9 SYSTEMPATH/CodeIgniter.php(927): App\Controllers\Customize->insertDroppedProducts()
10 SYSTEMPATH/CodeIgniter.php(482): CodeIgniter\CodeIgniter->runController()
11 SYSTEMPATH/CodeIgniter.php(351): CodeIgniter\CodeIgniter->handleRequest()
12 FCPATH/index.php(67): CodeIgniter\CodeIgniter->run()
ERROR - 2023-11-22 10:23:54 --> mysqli_sql_exception: Operand should contain 1 column(s) in /home/u696532059/domains/bituinflowershop.com/public_html/system/Database/MySQLi/Connection.php:292
Stack trace:
#0 /home/u696532059/domains/bituinflowershop.com/public_html/system/Database/MySQLi/Connection.php(292): mysqli->query()
#1 /home/u696532059/domains/bituinflowershop.com/public_html/system/Database/BaseConnection.php(666): CodeIgniter\Database\MySQLi\Connection->execute()
#2 /home/u696532059/domains/bituinflowershop.com/public_html/system/Database/BaseConnection.php(593): CodeIgniter\Database\BaseConnection->simpleQuery()
#3 /home/u696532059/domains/bituinflowershop.com/public_html/system/Database/BaseBuilder.php(1916): CodeIgniter\Database\BaseConnection->query()
#4 /home/u696532059/domains/bituinflowershop.com/public_html/system/Model.php(279): CodeIgniter\Database\BaseBuilder->insert()
#5 /home/u696532059/domains/bituinflowershop.com/public_html/system/BaseModel.php(749): CodeIgniter\Model->doInsert()
#6 /home/u696532059/domains/bituinflowershop.com/public_html/system/Model.php(667): CodeIgniter\BaseModel->insert()
#7 /home/u696532059/domains/bituinflowershop.com/public_html/app/Controllers/Customize.php(320): CodeIgniter\Model->insert()
#8 /home/u696532059/domains/bituinflowershop.com/public_html/system/CodeIgniter.php(927): App\Controllers\Customize->insertDroppedProducts()
#9 /home/u696532059/domains/bituinflowershop.com/public_html/system/CodeIgniter.php(482): CodeIgniter\CodeIgniter->runController()
#10 /home/u696532059/domains/bituinflowershop.com/public_html/system/CodeIgniter.php(351): CodeIgniter\CodeIgniter->handleRequest()
#11 /home/u696532059/domains/bituinflowershop.com/public_html/public/index.php(67): CodeIgniter\CodeIgniter->run()
#12 {main}
CRITICAL - 2023-11-22 10:23:54 --> Operand should contain 1 column(s)
in SYSTEMPATH/Database/MySQLi/Connection.php on line 292.
 1 SYSTEMPATH/Database/MySQLi/Connection.php(292): mysqli->query()
 2 SYSTEMPATH/Database/BaseConnection.php(666): CodeIgniter\Database\MySQLi\Connection->execute()
 3 SYSTEMPATH/Database/BaseConnection.php(593): CodeIgniter\Database\BaseConnection->simpleQuery()
 4 SYSTEMPATH/Database/BaseBuilder.php(1916): CodeIgniter\Database\BaseConnection->query()
 5 SYSTEMPATH/Model.php(279): CodeIgniter\Database\BaseBuilder->insert()
 6 SYSTEMPATH/BaseModel.php(749): CodeIgniter\Model->doInsert()
 7 SYSTEMPATH/Model.php(667): CodeIgniter\BaseModel->insert()
 8 APPPATH/Controllers/Customize.php(320): CodeIgniter\Model->insert()
 9 SYSTEMPATH/CodeIgniter.php(927): App\Controllers\Customize->insertDroppedProducts()
10 SYSTEMPATH/CodeIgniter.php(482): CodeIgniter\CodeIgniter->runController()
11 SYSTEMPATH/CodeIgniter.php(351): CodeIgniter\CodeIgniter->handleRequest()
12 FCPATH/index.php(67): CodeIgniter\CodeIgniter->run()
ERROR - 2023-11-22 10:29:21 --> mysqli_sql_exception: Column 'firstname' cannot be null in /home/u696532059/domains/bituinflowershop.com/public_html/system/Database/MySQLi/Connection.php:292
Stack trace:
#0 /home/u696532059/domains/bituinflowershop.com/public_html/system/Database/MySQLi/Connection.php(292): mysqli->query()
#1 /home/u696532059/domains/bituinflowershop.com/public_html/system/Database/BaseConnection.php(666): CodeIgniter\Database\MySQLi\Connection->execute()
#2 /home/u696532059/domains/bituinflowershop.com/public_html/system/Database/BaseConnection.php(593): CodeIgniter\Database\BaseConnection->simpleQuery()
#3 /home/u696532059/domains/bituinflowershop.com/public_html/system/Database/BaseBuilder.php(1916): CodeIgniter\Database\BaseConnection->query()
#4 /home/u696532059/domains/bituinflowershop.com/public_html/system/Model.php(279): CodeIgniter\Database\BaseBuilder->insert()
#5 /home/u696532059/domains/bituinflowershop.com/public_html/system/BaseModel.php(749): CodeIgniter\Model->doInsert()
#6 /home/u696532059/domains/bituinflowershop.com/public_html/system/Model.php(667): CodeIgniter\BaseModel->insert()
#7 /home/u696532059/domains/bituinflowershop.com/public_html/app/Controllers/Customize.php(320): CodeIgniter\Model->insert()
#8 /home/u696532059/domains/bituinflowershop.com/public_html/system/CodeIgniter.php(927): App\Controllers\Customize->insertDroppedProducts()
#9 /home/u696532059/domains/bituinflowershop.com/public_html/system/CodeIgniter.php(482): CodeIgniter\CodeIgniter->runController()
#10 /home/u696532059/domains/bituinflowershop.com/public_html/system/CodeIgniter.php(351): CodeIgniter\CodeIgniter->handleRequest()
#11 /home/u696532059/domains/bituinflowershop.com/public_html/public/index.php(67): CodeIgniter\CodeIgniter->run()
#12 {main}
CRITICAL - 2023-11-22 10:29:21 --> Column 'firstname' cannot be null
in SYSTEMPATH/Database/MySQLi/Connection.php on line 292.
 1 SYSTEMPATH/Database/MySQLi/Connection.php(292): mysqli->query()
 2 SYSTEMPATH/Database/BaseConnection.php(666): CodeIgniter\Database\MySQLi\Connection->execute()
 3 SYSTEMPATH/Database/BaseConnection.php(593): CodeIgniter\Database\BaseConnection->simpleQuery()
 4 SYSTEMPATH/Database/BaseBuilder.php(1916): CodeIgniter\Database\BaseConnection->query()
 5 SYSTEMPATH/Model.php(279): CodeIgniter\Database\BaseBuilder->insert()
 6 SYSTEMPATH/BaseModel.php(749): CodeIgniter\Model->doInsert()
 7 SYSTEMPATH/Model.php(667): CodeIgniter\BaseModel->insert()
 8 APPPATH/Controllers/Customize.php(320): CodeIgniter\Model->insert()
 9 SYSTEMPATH/CodeIgniter.php(927): App\Controllers\Customize->insertDroppedProducts()
10 SYSTEMPATH/CodeIgniter.php(482): CodeIgniter\CodeIgniter->runController()
11 SYSTEMPATH/CodeIgniter.php(351): CodeIgniter\CodeIgniter->handleRequest()
12 FCPATH/index.php(67): CodeIgniter\CodeIgniter->run()
ERROR - 2023-11-22 10:37:38 --> mysqli_sql_exception: Column 'details' cannot be null in /home/u696532059/domains/bituinflowershop.com/public_html/system/Database/MySQLi/Connection.php:292
Stack trace:
#0 /home/u696532059/domains/bituinflowershop.com/public_html/system/Database/MySQLi/Connection.php(292): mysqli->query()
#1 /home/u696532059/domains/bituinflowershop.com/public_html/system/Database/BaseConnection.php(666): CodeIgniter\Database\MySQLi\Connection->execute()
#2 /home/u696532059/domains/bituinflowershop.com/public_html/system/Database/BaseConnection.php(593): CodeIgniter\Database\BaseConnection->simpleQuery()
#3 /home/u696532059/domains/bituinflowershop.com/public_html/system/Database/BaseBuilder.php(1916): CodeIgniter\Database\BaseConnection->query()
#4 /home/u696532059/domains/bituinflowershop.com/public_html/system/Model.php(279): CodeIgniter\Database\BaseBuilder->insert()
#5 /home/u696532059/domains/bituinflowershop.com/public_html/system/BaseModel.php(749): CodeIgniter\Model->doInsert()
#6 /home/u696532059/domains/bituinflowershop.com/public_html/system/Model.php(667): CodeIgniter\BaseModel->insert()
#7 /home/u696532059/domains/bituinflowershop.com/public_html/app/Controllers/Customize.php(337): CodeIgniter\Model->insert()
#8 /home/u696532059/domains/bituinflowershop.com/public_html/system/CodeIgniter.php(927): App\Controllers\Customize->insertDroppedProducts()
#9 /home/u696532059/domains/bituinflowershop.com/public_html/system/CodeIgniter.php(482): CodeIgniter\CodeIgniter->runController()
#10 /home/u696532059/domains/bituinflowershop.com/public_html/system/CodeIgniter.php(351): CodeIgniter\CodeIgniter->handleRequest()
#11 /home/u696532059/domains/bituinflowershop.com/public_html/public/index.php(67): CodeIgniter\CodeIgniter->run()
#12 {main}
CRITICAL - 2023-11-22 10:37:38 --> Column 'details' cannot be null
in SYSTEMPATH/Database/MySQLi/Connection.php on line 292.
 1 SYSTEMPATH/Database/MySQLi/Connection.php(292): mysqli->query()
 2 SYSTEMPATH/Database/BaseConnection.php(666): CodeIgniter\Database\MySQLi\Connection->execute()
 3 SYSTEMPATH/Database/BaseConnection.php(593): CodeIgniter\Database\BaseConnection->simpleQuery()
 4 SYSTEMPATH/Database/BaseBuilder.php(1916): CodeIgniter\Database\BaseConnection->query()
 5 SYSTEMPATH/Model.php(279): CodeIgniter\Database\BaseBuilder->insert()
 6 SYSTEMPATH/BaseModel.php(749): CodeIgniter\Model->doInsert()
 7 SYSTEMPATH/Model.php(667): CodeIgniter\BaseModel->insert()
 8 APPPATH/Controllers/Customize.php(337): CodeIgniter\Model->insert()
 9 SYSTEMPATH/CodeIgniter.php(927): App\Controllers\Customize->insertDroppedProducts()
10 SYSTEMPATH/CodeIgniter.php(482): CodeIgniter\CodeIgniter->runController()
11 SYSTEMPATH/CodeIgniter.php(351): CodeIgniter\CodeIgniter->handleRequest()
12 FCPATH/index.php(67): CodeIgniter\CodeIgniter->run()
ERROR - 2023-11-22 10:38:06 --> mysqli_sql_exception: Column 'details' cannot be null in /home/u696532059/domains/bituinflowershop.com/public_html/system/Database/MySQLi/Connection.php:292
Stack trace:
#0 /home/u696532059/domains/bituinflowershop.com/public_html/system/Database/MySQLi/Connection.php(292): mysqli->query()
#1 /home/u696532059/domains/bituinflowershop.com/public_html/system/Database/BaseConnection.php(666): CodeIgniter\Database\MySQLi\Connection->execute()
#2 /home/u696532059/domains/bituinflowershop.com/public_html/system/Database/BaseConnection.php(593): CodeIgniter\Database\BaseConnection->simpleQuery()
#3 /home/u696532059/domains/bituinflowershop.com/public_html/system/Database/BaseBuilder.php(1916): CodeIgniter\Database\BaseConnection->query()
#4 /home/u696532059/domains/bituinflowershop.com/public_html/system/Model.php(279): CodeIgniter\Database\BaseBuilder->insert()
#5 /home/u696532059/domains/bituinflowershop.com/public_html/system/BaseModel.php(749): CodeIgniter\Model->doInsert()
#6 /home/u696532059/domains/bituinflowershop.com/public_html/system/Model.php(667): CodeIgniter\BaseModel->insert()
#7 /home/u696532059/domains/bituinflowershop.com/public_html/app/Controllers/Customize.php(337): CodeIgniter\Model->insert()
#8 /home/u696532059/domains/bituinflowershop.com/public_html/system/CodeIgniter.php(927): App\Controllers\Customize->insertDroppedProducts()
#9 /home/u696532059/domains/bituinflowershop.com/public_html/system/CodeIgniter.php(482): CodeIgniter\CodeIgniter->runController()
#10 /home/u696532059/domains/bituinflowershop.com/public_html/system/CodeIgniter.php(351): CodeIgniter\CodeIgniter->handleRequest()
#11 /home/u696532059/domains/bituinflowershop.com/public_html/public/index.php(67): CodeIgniter\CodeIgniter->run()
#12 {main}
CRITICAL - 2023-11-22 10:38:06 --> Column 'details' cannot be null
in SYSTEMPATH/Database/MySQLi/Connection.php on line 292.
 1 SYSTEMPATH/Database/MySQLi/Connection.php(292): mysqli->query()
 2 SYSTEMPATH/Database/BaseConnection.php(666): CodeIgniter\Database\MySQLi\Connection->execute()
 3 SYSTEMPATH/Database/BaseConnection.php(593): CodeIgniter\Database\BaseConnection->simpleQuery()
 4 SYSTEMPATH/Database/BaseBuilder.php(1916): CodeIgniter\Database\BaseConnection->query()
 5 SYSTEMPATH/Model.php(279): CodeIgniter\Database\BaseBuilder->insert()
 6 SYSTEMPATH/BaseModel.php(749): CodeIgniter\Model->doInsert()
 7 SYSTEMPATH/Model.php(667): CodeIgniter\BaseModel->insert()
 8 APPPATH/Controllers/Customize.php(337): CodeIgniter\Model->insert()
 9 SYSTEMPATH/CodeIgniter.php(927): App\Controllers\Customize->insertDroppedProducts()
10 SYSTEMPATH/CodeIgniter.php(482): CodeIgniter\CodeIgniter->runController()
11 SYSTEMPATH/CodeIgniter.php(351): CodeIgniter\CodeIgniter->handleRequest()
12 FCPATH/index.php(67): CodeIgniter\CodeIgniter->run()
ERROR - 2023-11-22 10:38:35 --> mysqli_sql_exception: Column 'details' cannot be null in /home/u696532059/domains/bituinflowershop.com/public_html/system/Database/MySQLi/Connection.php:292
Stack trace:
#0 /home/u696532059/domains/bituinflowershop.com/public_html/system/Database/MySQLi/Connection.php(292): mysqli->query()
#1 /home/u696532059/domains/bituinflowershop.com/public_html/system/Database/BaseConnection.php(666): CodeIgniter\Database\MySQLi\Connection->execute()
#2 /home/u696532059/domains/bituinflowershop.com/public_html/system/Database/BaseConnection.php(593): CodeIgniter\Database\BaseConnection->simpleQuery()
#3 /home/u696532059/domains/bituinflowershop.com/public_html/system/Database/BaseBuilder.php(1916): CodeIgniter\Database\BaseConnection->query()
#4 /home/u696532059/domains/bituinflowershop.com/public_html/system/Model.php(279): CodeIgniter\Database\BaseBuilder->insert()
#5 /home/u696532059/domains/bituinflowershop.com/public_html/system/BaseModel.php(749): CodeIgniter\Model->doInsert()
#6 /home/u696532059/domains/bituinflowershop.com/public_html/system/Model.php(667): CodeIgniter\BaseModel->insert()
#7 /home/u696532059/domains/bituinflowershop.com/public_html/app/Controllers/Customize.php(337): CodeIgniter\Model->insert()
#8 /home/u696532059/domains/bituinflowershop.com/public_html/system/CodeIgniter.php(927): App\Controllers\Customize->insertDroppedProducts()
#9 /home/u696532059/domains/bituinflowershop.com/public_html/system/CodeIgniter.php(482): CodeIgniter\CodeIgniter->runController()
#10 /home/u696532059/domains/bituinflowershop.com/public_html/system/CodeIgniter.php(351): CodeIgniter\CodeIgniter->handleRequest()
#11 /home/u696532059/domains/bituinflowershop.com/public_html/public/index.php(67): CodeIgniter\CodeIgniter->run()
#12 {main}
CRITICAL - 2023-11-22 10:38:35 --> Column 'details' cannot be null
in SYSTEMPATH/Database/MySQLi/Connection.php on line 292.
 1 SYSTEMPATH/Database/MySQLi/Connection.php(292): mysqli->query()
 2 SYSTEMPATH/Database/BaseConnection.php(666): CodeIgniter\Database\MySQLi\Connection->execute()
 3 SYSTEMPATH/Database/BaseConnection.php(593): CodeIgniter\Database\BaseConnection->simpleQuery()
 4 SYSTEMPATH/Database/BaseBuilder.php(1916): CodeIgniter\Database\BaseConnection->query()
 5 SYSTEMPATH/Model.php(279): CodeIgniter\Database\BaseBuilder->insert()
 6 SYSTEMPATH/BaseModel.php(749): CodeIgniter\Model->doInsert()
 7 SYSTEMPATH/Model.php(667): CodeIgniter\BaseModel->insert()
 8 APPPATH/Controllers/Customize.php(337): CodeIgniter\Model->insert()
 9 SYSTEMPATH/CodeIgniter.php(927): App\Controllers\Customize->insertDroppedProducts()
10 SYSTEMPATH/CodeIgniter.php(482): CodeIgniter\CodeIgniter->runController()
11 SYSTEMPATH/CodeIgniter.php(351): CodeIgniter\CodeIgniter->handleRequest()
12 FCPATH/index.php(67): CodeIgniter\CodeIgniter->run()
ERROR - 2023-11-22 10:39:36 --> mysqli_sql_exception: Column 'firstname' cannot be null in /home/u696532059/domains/bituinflowershop.com/public_html/system/Database/MySQLi/Connection.php:292
Stack trace:
#0 /home/u696532059/domains/bituinflowershop.com/public_html/system/Database/MySQLi/Connection.php(292): mysqli->query()
#1 /home/u696532059/domains/bituinflowershop.com/public_html/system/Database/BaseConnection.php(666): CodeIgniter\Database\MySQLi\Connection->execute()
#2 /home/u696532059/domains/bituinflowershop.com/public_html/system/Database/BaseConnection.php(593): CodeIgniter\Database\BaseConnection->simpleQuery()
#3 /home/u696532059/domains/bituinflowershop.com/public_html/system/Database/BaseBuilder.php(1916): CodeIgniter\Database\BaseConnection->query()
#4 /home/u696532059/domains/bituinflowershop.com/public_html/system/Model.php(279): CodeIgniter\Database\BaseBuilder->insert()
#5 /home/u696532059/domains/bituinflowershop.com/public_html/system/BaseModel.php(749): CodeIgniter\Model->doInsert()
#6 /home/u696532059/domains/bituinflowershop.com/public_html/system/Model.php(667): CodeIgniter\BaseModel->insert()
#7 /home/u696532059/domains/bituinflowershop.com/public_html/app/Controllers/Customize.php(320): CodeIgniter\Model->insert()
#8 /home/u696532059/domains/bituinflowershop.com/public_html/system/CodeIgniter.php(927): App\Controllers\Customize->insertDroppedProducts()
#9 /home/u696532059/domains/bituinflowershop.com/public_html/system/CodeIgniter.php(482): CodeIgniter\CodeIgniter->runController()
#10 /home/u696532059/domains/bituinflowershop.com/public_html/system/CodeIgniter.php(351): CodeIgniter\CodeIgniter->handleRequest()
#11 /home/u696532059/domains/bituinflowershop.com/public_html/public/index.php(67): CodeIgniter\CodeIgniter->run()
#12 {main}
CRITICAL - 2023-11-22 10:39:36 --> Column 'firstname' cannot be null
in SYSTEMPATH/Database/MySQLi/Connection.php on line 292.
 1 SYSTEMPATH/Database/MySQLi/Connection.php(292): mysqli->query()
 2 SYSTEMPATH/Database/BaseConnection.php(666): CodeIgniter\Database\MySQLi\Connection->execute()
 3 SYSTEMPATH/Database/BaseConnection.php(593): CodeIgniter\Database\BaseConnection->simpleQuery()
 4 SYSTEMPATH/Database/BaseBuilder.php(1916): CodeIgniter\Database\BaseConnection->query()
 5 SYSTEMPATH/Model.php(279): CodeIgniter\Database\BaseBuilder->insert()
 6 SYSTEMPATH/BaseModel.php(749): CodeIgniter\Model->doInsert()
 7 SYSTEMPATH/Model.php(667): CodeIgniter\BaseModel->insert()
 8 APPPATH/Controllers/Customize.php(320): CodeIgniter\Model->insert()
 9 SYSTEMPATH/CodeIgniter.php(927): App\Controllers\Customize->insertDroppedProducts()
10 SYSTEMPATH/CodeIgniter.php(482): CodeIgniter\CodeIgniter->runController()
11 SYSTEMPATH/CodeIgniter.php(351): CodeIgniter\CodeIgniter->handleRequest()
12 FCPATH/index.php(67): CodeIgniter\CodeIgniter->run()
CRITICAL - 2023-11-22 10:43:53 --> Undefined array key "details"
in APPPATH/Controllers/Customize.php on line 332.
 1 APPPATH/Controllers/Customize.php(332): CodeIgniter\Debug\Exceptions->errorHandler()
 2 SYSTEMPATH/CodeIgniter.php(927): App\Controllers\Customize->insertDroppedProducts()
 3 SYSTEMPATH/CodeIgniter.php(482): CodeIgniter\CodeIgniter->runController()
 4 SYSTEMPATH/CodeIgniter.php(351): CodeIgniter\CodeIgniter->handleRequest()
 5 FCPATH/index.php(67): CodeIgniter\CodeIgniter->run()
ERROR - 2023-11-22 10:44:12 --> mysqli_sql_exception: Column 'firstname' cannot be null in /home/u696532059/domains/bituinflowershop.com/public_html/system/Database/MySQLi/Connection.php:292
Stack trace:
#0 /home/u696532059/domains/bituinflowershop.com/public_html/system/Database/MySQLi/Connection.php(292): mysqli->query()
#1 /home/u696532059/domains/bituinflowershop.com/public_html/system/Database/BaseConnection.php(666): CodeIgniter\Database\MySQLi\Connection->execute()
#2 /home/u696532059/domains/bituinflowershop.com/public_html/system/Database/BaseConnection.php(593): CodeIgniter\Database\BaseConnection->simpleQuery()
#3 /home/u696532059/domains/bituinflowershop.com/public_html/system/Database/BaseBuilder.php(1916): CodeIgniter\Database\BaseConnection->query()
#4 /home/u696532059/domains/bituinflowershop.com/public_html/system/Model.php(279): CodeIgniter\Database\BaseBuilder->insert()
#5 /home/u696532059/domains/bituinflowershop.com/public_html/system/BaseModel.php(749): CodeIgniter\Model->doInsert()
#6 /home/u696532059/domains/bituinflowershop.com/public_html/system/Model.php(667): CodeIgniter\BaseModel->insert()
#7 /home/u696532059/domains/bituinflowershop.com/public_html/app/Controllers/Customize.php(321): CodeIgniter\Model->insert()
#8 /home/u696532059/domains/bituinflowershop.com/public_html/system/CodeIgniter.php(927): App\Controllers\Customize->insertDroppedProducts()
#9 /home/u696532059/domains/bituinflowershop.com/public_html/system/CodeIgniter.php(482): CodeIgniter\CodeIgniter->runController()
#10 /home/u696532059/domains/bituinflowershop.com/public_html/system/CodeIgniter.php(351): CodeIgniter\CodeIgniter->handleRequest()
#11 /home/u696532059/domains/bituinflowershop.com/public_html/public/index.php(67): CodeIgniter\CodeIgniter->run()
#12 {main}
CRITICAL - 2023-11-22 10:44:12 --> Column 'firstname' cannot be null
in SYSTEMPATH/Database/MySQLi/Connection.php on line 292.
 1 SYSTEMPATH/Database/MySQLi/Connection.php(292): mysqli->query()
 2 SYSTEMPATH/Database/BaseConnection.php(666): CodeIgniter\Database\MySQLi\Connection->execute()
 3 SYSTEMPATH/Database/BaseConnection.php(593): CodeIgniter\Database\BaseConnection->simpleQuery()
 4 SYSTEMPATH/Database/BaseBuilder.php(1916): CodeIgniter\Database\BaseConnection->query()
 5 SYSTEMPATH/Model.php(279): CodeIgniter\Database\BaseBuilder->insert()
 6 SYSTEMPATH/BaseModel.php(749): CodeIgniter\Model->doInsert()
 7 SYSTEMPATH/Model.php(667): CodeIgniter\BaseModel->insert()
 8 APPPATH/Controllers/Customize.php(321): CodeIgniter\Model->insert()
 9 SYSTEMPATH/CodeIgniter.php(927): App\Controllers\Customize->insertDroppedProducts()
10 SYSTEMPATH/CodeIgniter.php(482): CodeIgniter\CodeIgniter->runController()
11 SYSTEMPATH/CodeIgniter.php(351): CodeIgniter\CodeIgniter->handleRequest()
12 FCPATH/index.php(67): CodeIgniter\CodeIgniter->run()
ERROR - 2023-11-22 10:45:14 --> mysqli_sql_exception: Column 'firstname' cannot be null in /home/u696532059/domains/bituinflowershop.com/public_html/system/Database/MySQLi/Connection.php:292
Stack trace:
#0 /home/u696532059/domains/bituinflowershop.com/public_html/system/Database/MySQLi/Connection.php(292): mysqli->query()
#1 /home/u696532059/domains/bituinflowershop.com/public_html/system/Database/BaseConnection.php(666): CodeIgniter\Database\MySQLi\Connection->execute()
#2 /home/u696532059/domains/bituinflowershop.com/public_html/system/Database/BaseConnection.php(593): CodeIgniter\Database\BaseConnection->simpleQuery()
#3 /home/u696532059/domains/bituinflowershop.com/public_html/system/Database/BaseBuilder.php(1916): CodeIgniter\Database\BaseConnection->query()
#4 /home/u696532059/domains/bituinflowershop.com/public_html/system/Model.php(279): CodeIgniter\Database\BaseBuilder->insert()
#5 /home/u696532059/domains/bituinflowershop.com/public_html/system/BaseModel.php(749): CodeIgniter\Model->doInsert()
#6 /home/u696532059/domains/bituinflowershop.com/public_html/system/Model.php(667): CodeIgniter\BaseModel->insert()
#7 /home/u696532059/domains/bituinflowershop.com/public_html/app/Controllers/Customize.php(321): CodeIgniter\Model->insert()
#8 /home/u696532059/domains/bituinflowershop.com/public_html/system/CodeIgniter.php(927): App\Controllers\Customize->insertDroppedProducts()
#9 /home/u696532059/domains/bituinflowershop.com/public_html/system/CodeIgniter.php(482): CodeIgniter\CodeIgniter->runController()
#10 /home/u696532059/domains/bituinflowershop.com/public_html/system/CodeIgniter.php(351): CodeIgniter\CodeIgniter->handleRequest()
#11 /home/u696532059/domains/bituinflowershop.com/public_html/public/index.php(67): CodeIgniter\CodeIgniter->run()
#12 {main}
CRITICAL - 2023-11-22 10:45:14 --> Column 'firstname' cannot be null
in SYSTEMPATH/Database/MySQLi/Connection.php on line 292.
 1 SYSTEMPATH/Database/MySQLi/Connection.php(292): mysqli->query()
 2 SYSTEMPATH/Database/BaseConnection.php(666): CodeIgniter\Database\MySQLi\Connection->execute()
 3 SYSTEMPATH/Database/BaseConnection.php(593): CodeIgniter\Database\BaseConnection->simpleQuery()
 4 SYSTEMPATH/Database/BaseBuilder.php(1916): CodeIgniter\Database\BaseConnection->query()
 5 SYSTEMPATH/Model.php(279): CodeIgniter\Database\BaseBuilder->insert()
 6 SYSTEMPATH/BaseModel.php(749): CodeIgniter\Model->doInsert()
 7 SYSTEMPATH/Model.php(667): CodeIgniter\BaseModel->insert()
 8 APPPATH/Controllers/Customize.php(321): CodeIgniter\Model->insert()
 9 SYSTEMPATH/CodeIgniter.php(927): App\Controllers\Customize->insertDroppedProducts()
10 SYSTEMPATH/CodeIgniter.php(482): CodeIgniter\CodeIgniter->runController()
11 SYSTEMPATH/CodeIgniter.php(351): CodeIgniter\CodeIgniter->handleRequest()
12 FCPATH/index.php(67): CodeIgniter\CodeIgniter->run()
ERROR - 2023-11-22 10:46:38 --> mysqli_sql_exception: Column 'firstname' cannot be null in /home/u696532059/domains/bituinflowershop.com/public_html/system/Database/MySQLi/Connection.php:292
Stack trace:
#0 /home/u696532059/domains/bituinflowershop.com/public_html/system/Database/MySQLi/Connection.php(292): mysqli->query()
#1 /home/u696532059/domains/bituinflowershop.com/public_html/system/Database/BaseConnection.php(666): CodeIgniter\Database\MySQLi\Connection->execute()
#2 /home/u696532059/domains/bituinflowershop.com/public_html/system/Database/BaseConnection.php(593): CodeIgniter\Database\BaseConnection->simpleQuery()
#3 /home/u696532059/domains/bituinflowershop.com/public_html/system/Database/BaseBuilder.php(1916): CodeIgniter\Database\BaseConnection->query()
#4 /home/u696532059/domains/bituinflowershop.com/public_html/system/Model.php(279): CodeIgniter\Database\BaseBuilder->insert()
#5 /home/u696532059/domains/bituinflowershop.com/public_html/system/BaseModel.php(749): CodeIgniter\Model->doInsert()
#6 /home/u696532059/domains/bituinflowershop.com/public_html/system/Model.php(667): CodeIgniter\BaseModel->insert()
#7 /home/u696532059/domains/bituinflowershop.com/public_html/app/Controllers/Customize.php(321): CodeIgniter\Model->insert()
#8 /home/u696532059/domains/bituinflowershop.com/public_html/system/CodeIgniter.php(927): App\Controllers\Customize->insertDroppedProducts()
#9 /home/u696532059/domains/bituinflowershop.com/public_html/system/CodeIgniter.php(482): CodeIgniter\CodeIgniter->runController()
#10 /home/u696532059/domains/bituinflowershop.com/public_html/system/CodeIgniter.php(351): CodeIgniter\CodeIgniter->handleRequest()
#11 /home/u696532059/domains/bituinflowershop.com/public_html/public/index.php(67): CodeIgniter\CodeIgniter->run()
#12 {main}
CRITICAL - 2023-11-22 10:46:38 --> Column 'firstname' cannot be null
in SYSTEMPATH/Database/MySQLi/Connection.php on line 292.
 1 SYSTEMPATH/Database/MySQLi/Connection.php(292): mysqli->query()
 2 SYSTEMPATH/Database/BaseConnection.php(666): CodeIgniter\Database\MySQLi\Connection->execute()
 3 SYSTEMPATH/Database/BaseConnection.php(593): CodeIgniter\Database\BaseConnection->simpleQuery()
 4 SYSTEMPATH/Database/BaseBuilder.php(1916): CodeIgniter\Database\BaseConnection->query()
 5 SYSTEMPATH/Model.php(279): CodeIgniter\Database\BaseBuilder->insert()
 6 SYSTEMPATH/BaseModel.php(749): CodeIgniter\Model->doInsert()
 7 SYSTEMPATH/Model.php(667): CodeIgniter\BaseModel->insert()
 8 APPPATH/Controllers/Customize.php(321): CodeIgniter\Model->insert()
 9 SYSTEMPATH/CodeIgniter.php(927): App\Controllers\Customize->insertDroppedProducts()
10 SYSTEMPATH/CodeIgniter.php(482): CodeIgniter\CodeIgniter->runController()
11 SYSTEMPATH/CodeIgniter.php(351): CodeIgniter\CodeIgniter->handleRequest()
12 FCPATH/index.php(67): CodeIgniter\CodeIgniter->run()
ERROR - 2023-11-22 10:50:17 --> mysqli_sql_exception: Column 'firstname' cannot be null in /home/u696532059/domains/bituinflowershop.com/public_html/system/Database/MySQLi/Connection.php:292
Stack trace:
#0 /home/u696532059/domains/bituinflowershop.com/public_html/system/Database/MySQLi/Connection.php(292): mysqli->query()
#1 /home/u696532059/domains/bituinflowershop.com/public_html/system/Database/BaseConnection.php(666): CodeIgniter\Database\MySQLi\Connection->execute()
#2 /home/u696532059/domains/bituinflowershop.com/public_html/system/Database/BaseConnection.php(593): CodeIgniter\Database\BaseConnection->simpleQuery()
#3 /home/u696532059/domains/bituinflowershop.com/public_html/system/Database/BaseBuilder.php(1916): CodeIgniter\Database\BaseConnection->query()
#4 /home/u696532059/domains/bituinflowershop.com/public_html/system/Model.php(279): CodeIgniter\Database\BaseBuilder->insert()
#5 /home/u696532059/domains/bituinflowershop.com/public_html/system/BaseModel.php(749): CodeIgniter\Model->doInsert()
#6 /home/u696532059/domains/bituinflowershop.com/public_html/system/Model.php(667): CodeIgniter\BaseModel->insert()
#7 /home/u696532059/domains/bituinflowershop.com/public_html/app/Controllers/Customize.php(321): CodeIgniter\Model->insert()
#8 /home/u696532059/domains/bituinflowershop.com/public_html/system/CodeIgniter.php(927): App\Controllers\Customize->insertDroppedProducts()
#9 /home/u696532059/domains/bituinflowershop.com/public_html/system/CodeIgniter.php(482): CodeIgniter\CodeIgniter->runController()
#10 /home/u696532059/domains/bituinflowershop.com/public_html/system/CodeIgniter.php(351): CodeIgniter\CodeIgniter->handleRequest()
#11 /home/u696532059/domains/bituinflowershop.com/public_html/public/index.php(67): CodeIgniter\CodeIgniter->run()
#12 {main}
CRITICAL - 2023-11-22 10:50:17 --> Column 'firstname' cannot be null
in SYSTEMPATH/Database/MySQLi/Connection.php on line 292.
 1 SYSTEMPATH/Database/MySQLi/Connection.php(292): mysqli->query()
 2 SYSTEMPATH/Database/BaseConnection.php(666): CodeIgniter\Database\MySQLi\Connection->execute()
 3 SYSTEMPATH/Database/BaseConnection.php(593): CodeIgniter\Database\BaseConnection->simpleQuery()
 4 SYSTEMPATH/Database/BaseBuilder.php(1916): CodeIgniter\Database\BaseConnection->query()
 5 SYSTEMPATH/Model.php(279): CodeIgniter\Database\BaseBuilder->insert()
 6 SYSTEMPATH/BaseModel.php(749): CodeIgniter\Model->doInsert()
 7 SYSTEMPATH/Model.php(667): CodeIgniter\BaseModel->insert()
 8 APPPATH/Controllers/Customize.php(321): CodeIgniter\Model->insert()
 9 SYSTEMPATH/CodeIgniter.php(927): App\Controllers\Customize->insertDroppedProducts()
10 SYSTEMPATH/CodeIgniter.php(482): CodeIgniter\CodeIgniter->runController()
11 SYSTEMPATH/CodeIgniter.php(351): CodeIgniter\CodeIgniter->handleRequest()
12 FCPATH/index.php(67): CodeIgniter\CodeIgniter->run()
ERROR - 2023-11-22 10:57:43 --> mysqli_sql_exception: Column 'firstname' cannot be null in /home/u696532059/domains/bituinflowershop.com/public_html/system/Database/MySQLi/Connection.php:292
Stack trace:
#0 /home/u696532059/domains/bituinflowershop.com/public_html/system/Database/MySQLi/Connection.php(292): mysqli->query()
#1 /home/u696532059/domains/bituinflowershop.com/public_html/system/Database/BaseConnection.php(666): CodeIgniter\Database\MySQLi\Connection->execute()
#2 /home/u696532059/domains/bituinflowershop.com/public_html/system/Database/BaseConnection.php(593): CodeIgniter\Database\BaseConnection->simpleQuery()
#3 /home/u696532059/domains/bituinflowershop.com/public_html/system/Database/BaseBuilder.php(1916): CodeIgniter\Database\BaseConnection->query()
#4 /home/u696532059/domains/bituinflowershop.com/public_html/system/Model.php(279): CodeIgniter\Database\BaseBuilder->insert()
#5 /home/u696532059/domains/bituinflowershop.com/public_html/system/BaseModel.php(749): CodeIgniter\Model->doInsert()
#6 /home/u696532059/domains/bituinflowershop.com/public_html/system/Model.php(667): CodeIgniter\BaseModel->insert()
#7 /home/u696532059/domains/bituinflowershop.com/public_html/app/Controllers/Customize.php(321): CodeIgniter\Model->insert()
#8 /home/u696532059/domains/bituinflowershop.com/public_html/system/CodeIgniter.php(927): App\Controllers\Customize->insertDroppedProducts()
#9 /home/u696532059/domains/bituinflowershop.com/public_html/system/CodeIgniter.php(482): CodeIgniter\CodeIgniter->runController()
#10 /home/u696532059/domains/bituinflowershop.com/public_html/system/CodeIgniter.php(351): CodeIgniter\CodeIgniter->handleRequest()
#11 /home/u696532059/domains/bituinflowershop.com/public_html/public/index.php(67): CodeIgniter\CodeIgniter->run()
#12 {main}
CRITICAL - 2023-11-22 10:57:43 --> Column 'firstname' cannot be null
in SYSTEMPATH/Database/MySQLi/Connection.php on line 292.
 1 SYSTEMPATH/Database/MySQLi/Connection.php(292): mysqli->query()
 2 SYSTEMPATH/Database/BaseConnection.php(666): CodeIgniter\Database\MySQLi\Connection->execute()
 3 SYSTEMPATH/Database/BaseConnection.php(593): CodeIgniter\Database\BaseConnection->simpleQuery()
 4 SYSTEMPATH/Database/BaseBuilder.php(1916): CodeIgniter\Database\BaseConnection->query()
 5 SYSTEMPATH/Model.php(279): CodeIgniter\Database\BaseBuilder->insert()
 6 SYSTEMPATH/BaseModel.php(749): CodeIgniter\Model->doInsert()
 7 SYSTEMPATH/Model.php(667): CodeIgniter\BaseModel->insert()
 8 APPPATH/Controllers/Customize.php(321): CodeIgniter\Model->insert()
 9 SYSTEMPATH/CodeIgniter.php(927): App\Controllers\Customize->insertDroppedProducts()
10 SYSTEMPATH/CodeIgniter.php(482): CodeIgniter\CodeIgniter->runController()
11 SYSTEMPATH/CodeIgniter.php(351): CodeIgniter\CodeIgniter->handleRequest()
12 FCPATH/index.php(67): CodeIgniter\CodeIgniter->run()
ERROR - 2023-11-22 10:58:32 --> mysqli_sql_exception: Column 'firstname' cannot be null in /home/u696532059/domains/bituinflowershop.com/public_html/system/Database/MySQLi/Connection.php:292
Stack trace:
#0 /home/u696532059/domains/bituinflowershop.com/public_html/system/Database/MySQLi/Connection.php(292): mysqli->query()
#1 /home/u696532059/domains/bituinflowershop.com/public_html/system/Database/BaseConnection.php(666): CodeIgniter\Database\MySQLi\Connection->execute()
#2 /home/u696532059/domains/bituinflowershop.com/public_html/system/Database/BaseConnection.php(593): CodeIgniter\Database\BaseConnection->simpleQuery()
#3 /home/u696532059/domains/bituinflowershop.com/public_html/system/Database/BaseBuilder.php(1916): CodeIgniter\Database\BaseConnection->query()
#4 /home/u696532059/domains/bituinflowershop.com/public_html/system/Model.php(279): CodeIgniter\Database\BaseBuilder->insert()
#5 /home/u696532059/domains/bituinflowershop.com/public_html/system/BaseModel.php(749): CodeIgniter\Model->doInsert()
#6 /home/u696532059/domains/bituinflowershop.com/public_html/system/Model.php(667): CodeIgniter\BaseModel->insert()
#7 /home/u696532059/domains/bituinflowershop.com/public_html/app/Controllers/Customize.php(321): CodeIgniter\Model->insert()
#8 /home/u696532059/domains/bituinflowershop.com/public_html/system/CodeIgniter.php(927): App\Controllers\Customize->insertDroppedProducts()
#9 /home/u696532059/domains/bituinflowershop.com/public_html/system/CodeIgniter.php(482): CodeIgniter\CodeIgniter->runController()
#10 /home/u696532059/domains/bituinflowershop.com/public_html/system/CodeIgniter.php(351): CodeIgniter\CodeIgniter->handleRequest()
#11 /home/u696532059/domains/bituinflowershop.com/public_html/public/index.php(67): CodeIgniter\CodeIgniter->run()
#12 {main}
CRITICAL - 2023-11-22 10:58:32 --> Column 'firstname' cannot be null
in SYSTEMPATH/Database/MySQLi/Connection.php on line 292.
 1 SYSTEMPATH/Database/MySQLi/Connection.php(292): mysqli->query()
 2 SYSTEMPATH/Database/BaseConnection.php(666): CodeIgniter\Database\MySQLi\Connection->execute()
 3 SYSTEMPATH/Database/BaseConnection.php(593): CodeIgniter\Database\BaseConnection->simpleQuery()
 4 SYSTEMPATH/Database/BaseBuilder.php(1916): CodeIgniter\Database\BaseConnection->query()
 5 SYSTEMPATH/Model.php(279): CodeIgniter\Database\BaseBuilder->insert()
 6 SYSTEMPATH/BaseModel.php(749): CodeIgniter\Model->doInsert()
 7 SYSTEMPATH/Model.php(667): CodeIgniter\BaseModel->insert()
 8 APPPATH/Controllers/Customize.php(321): CodeIgniter\Model->insert()
 9 SYSTEMPATH/CodeIgniter.php(927): App\Controllers\Customize->insertDroppedProducts()
10 SYSTEMPATH/CodeIgniter.php(482): CodeIgniter\CodeIgniter->runController()
11 SYSTEMPATH/CodeIgniter.php(351): CodeIgniter\CodeIgniter->handleRequest()
12 FCPATH/index.php(67): CodeIgniter\CodeIgniter->run()
ERROR - 2023-11-22 11:03:05 --> mysqli_sql_exception: Column 'firstname' cannot be null in /home/u696532059/domains/bituinflowershop.com/public_html/system/Database/MySQLi/Connection.php:292
Stack trace:
#0 /home/u696532059/domains/bituinflowershop.com/public_html/system/Database/MySQLi/Connection.php(292): mysqli->query()
#1 /home/u696532059/domains/bituinflowershop.com/public_html/system/Database/BaseConnection.php(666): CodeIgniter\Database\MySQLi\Connection->execute()
#2 /home/u696532059/domains/bituinflowershop.com/public_html/system/Database/BaseConnection.php(593): CodeIgniter\Database\BaseConnection->simpleQuery()
#3 /home/u696532059/domains/bituinflowershop.com/public_html/system/Database/BaseBuilder.php(1916): CodeIgniter\Database\BaseConnection->query()
#4 /home/u696532059/domains/bituinflowershop.com/public_html/system/Model.php(279): CodeIgniter\Database\BaseBuilder->insert()
#5 /home/u696532059/domains/bituinflowershop.com/public_html/system/BaseModel.php(749): CodeIgniter\Model->doInsert()
#6 /home/u696532059/domains/bituinflowershop.com/public_html/system/Model.php(667): CodeIgniter\BaseModel->insert()
#7 /home/u696532059/domains/bituinflowershop.com/public_html/app/Controllers/Customize.php(321): CodeIgniter\Model->insert()
#8 /home/u696532059/domains/bituinflowershop.com/public_html/system/CodeIgniter.php(927): App\Controllers\Customize->insertDroppedProducts()
#9 /home/u696532059/domains/bituinflowershop.com/public_html/system/CodeIgniter.php(482): CodeIgniter\CodeIgniter->runController()
#10 /home/u696532059/domains/bituinflowershop.com/public_html/system/CodeIgniter.php(351): CodeIgniter\CodeIgniter->handleRequest()
#11 /home/u696532059/domains/bituinflowershop.com/public_html/public/index.php(67): CodeIgniter\CodeIgniter->run()
#12 {main}
CRITICAL - 2023-11-22 11:03:05 --> Column 'firstname' cannot be null
in SYSTEMPATH/Database/MySQLi/Connection.php on line 292.
 1 SYSTEMPATH/Database/MySQLi/Connection.php(292): mysqli->query()
 2 SYSTEMPATH/Database/BaseConnection.php(666): CodeIgniter\Database\MySQLi\Connection->execute()
 3 SYSTEMPATH/Database/BaseConnection.php(593): CodeIgniter\Database\BaseConnection->simpleQuery()
 4 SYSTEMPATH/Database/BaseBuilder.php(1916): CodeIgniter\Database\BaseConnection->query()
 5 SYSTEMPATH/Model.php(279): CodeIgniter\Database\BaseBuilder->insert()
 6 SYSTEMPATH/BaseModel.php(749): CodeIgniter\Model->doInsert()
 7 SYSTEMPATH/Model.php(667): CodeIgniter\BaseModel->insert()
 8 APPPATH/Controllers/Customize.php(321): CodeIgniter\Model->insert()
 9 SYSTEMPATH/CodeIgniter.php(927): App\Controllers\Customize->insertDroppedProducts()
10 SYSTEMPATH/CodeIgniter.php(482): CodeIgniter\CodeIgniter->runController()
11 SYSTEMPATH/CodeIgniter.php(351): CodeIgniter\CodeIgniter->handleRequest()
12 FCPATH/index.php(67): CodeIgniter\CodeIgniter->run()
ERROR - 2023-11-22 11:03:18 --> mysqli_sql_exception: Column 'firstname' cannot be null in /home/u696532059/domains/bituinflowershop.com/public_html/system/Database/MySQLi/Connection.php:292
Stack trace:
#0 /home/u696532059/domains/bituinflowershop.com/public_html/system/Database/MySQLi/Connection.php(292): mysqli->query()
#1 /home/u696532059/domains/bituinflowershop.com/public_html/system/Database/BaseConnection.php(666): CodeIgniter\Database\MySQLi\Connection->execute()
#2 /home/u696532059/domains/bituinflowershop.com/public_html/system/Database/BaseConnection.php(593): CodeIgniter\Database\BaseConnection->simpleQuery()
#3 /home/u696532059/domains/bituinflowershop.com/public_html/system/Database/BaseBuilder.php(1916): CodeIgniter\Database\BaseConnection->query()
#4 /home/u696532059/domains/bituinflowershop.com/public_html/system/Model.php(279): CodeIgniter\Database\BaseBuilder->insert()
#5 /home/u696532059/domains/bituinflowershop.com/public_html/system/BaseModel.php(749): CodeIgniter\Model->doInsert()
#6 /home/u696532059/domains/bituinflowershop.com/public_html/system/Model.php(667): CodeIgniter\BaseModel->insert()
#7 /home/u696532059/domains/bituinflowershop.com/public_html/app/Controllers/Customize.php(321): CodeIgniter\Model->insert()
#8 /home/u696532059/domains/bituinflowershop.com/public_html/system/CodeIgniter.php(927): App\Controllers\Customize->insertDroppedProducts()
#9 /home/u696532059/domains/bituinflowershop.com/public_html/system/CodeIgniter.php(482): CodeIgniter\CodeIgniter->runController()
#10 /home/u696532059/domains/bituinflowershop.com/public_html/system/CodeIgniter.php(351): CodeIgniter\CodeIgniter->handleRequest()
#11 /home/u696532059/domains/bituinflowershop.com/public_html/public/index.php(67): CodeIgniter\CodeIgniter->run()
#12 {main}
CRITICAL - 2023-11-22 11:03:18 --> Column 'firstname' cannot be null
in SYSTEMPATH/Database/MySQLi/Connection.php on line 292.
 1 SYSTEMPATH/Database/MySQLi/Connection.php(292): mysqli->query()
 2 SYSTEMPATH/Database/BaseConnection.php(666): CodeIgniter\Database\MySQLi\Connection->execute()
 3 SYSTEMPATH/Database/BaseConnection.php(593): CodeIgniter\Database\BaseConnection->simpleQuery()
 4 SYSTEMPATH/Database/BaseBuilder.php(1916): CodeIgniter\Database\BaseConnection->query()
 5 SYSTEMPATH/Model.php(279): CodeIgniter\Database\BaseBuilder->insert()
 6 SYSTEMPATH/BaseModel.php(749): CodeIgniter\Model->doInsert()
 7 SYSTEMPATH/Model.php(667): CodeIgniter\BaseModel->insert()
 8 APPPATH/Controllers/Customize.php(321): CodeIgniter\Model->insert()
 9 SYSTEMPATH/CodeIgniter.php(927): App\Controllers\Customize->insertDroppedProducts()
10 SYSTEMPATH/CodeIgniter.php(482): CodeIgniter\CodeIgniter->runController()
11 SYSTEMPATH/CodeIgniter.php(351): CodeIgniter\CodeIgniter->handleRequest()
12 FCPATH/index.php(67): CodeIgniter\CodeIgniter->run()
ERROR - 2023-11-22 11:04:45 --> mysqli_sql_exception: Column 'firstname' cannot be null in /home/u696532059/domains/bituinflowershop.com/public_html/system/Database/MySQLi/Connection.php:292
Stack trace:
#0 /home/u696532059/domains/bituinflowershop.com/public_html/system/Database/MySQLi/Connection.php(292): mysqli->query()
#1 /home/u696532059/domains/bituinflowershop.com/public_html/system/Database/BaseConnection.php(666): CodeIgniter\Database\MySQLi\Connection->execute()
#2 /home/u696532059/domains/bituinflowershop.com/public_html/system/Database/BaseConnection.php(593): CodeIgniter\Database\BaseConnection->simpleQuery()
#3 /home/u696532059/domains/bituinflowershop.com/public_html/system/Database/BaseBuilder.php(1916): CodeIgniter\Database\BaseConnection->query()
#4 /home/u696532059/domains/bituinflowershop.com/public_html/system/Model.php(279): CodeIgniter\Database\BaseBuilder->insert()
#5 /home/u696532059/domains/bituinflowershop.com/public_html/system/BaseModel.php(749): CodeIgniter\Model->doInsert()
#6 /home/u696532059/domains/bituinflowershop.com/public_html/system/Model.php(667): CodeIgniter\BaseModel->insert()
#7 /home/u696532059/domains/bituinflowershop.com/public_html/app/Controllers/Customize.php(321): CodeIgniter\Model->insert()
#8 /home/u696532059/domains/bituinflowershop.com/public_html/system/CodeIgniter.php(927): App\Controllers\Customize->insertDroppedProducts()
#9 /home/u696532059/domains/bituinflowershop.com/public_html/system/CodeIgniter.php(482): CodeIgniter\CodeIgniter->runController()
#10 /home/u696532059/domains/bituinflowershop.com/public_html/system/CodeIgniter.php(351): CodeIgniter\CodeIgniter->handleRequest()
#11 /home/u696532059/domains/bituinflowershop.com/public_html/public/index.php(67): CodeIgniter\CodeIgniter->run()
#12 {main}
CRITICAL - 2023-11-22 11:04:45 --> Column 'firstname' cannot be null
in SYSTEMPATH/Database/MySQLi/Connection.php on line 292.
 1 SYSTEMPATH/Database/MySQLi/Connection.php(292): mysqli->query()
 2 SYSTEMPATH/Database/BaseConnection.php(666): CodeIgniter\Database\MySQLi\Connection->execute()
 3 SYSTEMPATH/Database/BaseConnection.php(593): CodeIgniter\Database\BaseConnection->simpleQuery()
 4 SYSTEMPATH/Database/BaseBuilder.php(1916): CodeIgniter\Database\BaseConnection->query()
 5 SYSTEMPATH/Model.php(279): CodeIgniter\Database\BaseBuilder->insert()
 6 SYSTEMPATH/BaseModel.php(749): CodeIgniter\Model->doInsert()
 7 SYSTEMPATH/Model.php(667): CodeIgniter\BaseModel->insert()
 8 APPPATH/Controllers/Customize.php(321): CodeIgniter\Model->insert()
 9 SYSTEMPATH/CodeIgniter.php(927): App\Controllers\Customize->insertDroppedProducts()
10 SYSTEMPATH/CodeIgniter.php(482): CodeIgniter\CodeIgniter->runController()
11 SYSTEMPATH/CodeIgniter.php(351): CodeIgniter\CodeIgniter->handleRequest()
12 FCPATH/index.php(67): CodeIgniter\CodeIgniter->run()
ERROR - 2023-11-22 11:06:30 --> mysqli_sql_exception: Column 'firstname' cannot be null in /home/u696532059/domains/bituinflowershop.com/public_html/system/Database/MySQLi/Connection.php:292
Stack trace:
#0 /home/u696532059/domains/bituinflowershop.com/public_html/system/Database/MySQLi/Connection.php(292): mysqli->query()
#1 /home/u696532059/domains/bituinflowershop.com/public_html/system/Database/BaseConnection.php(666): CodeIgniter\Database\MySQLi\Connection->execute()
#2 /home/u696532059/domains/bituinflowershop.com/public_html/system/Database/BaseConnection.php(593): CodeIgniter\Database\BaseConnection->simpleQuery()
#3 /home/u696532059/domains/bituinflowershop.com/public_html/system/Database/BaseBuilder.php(1916): CodeIgniter\Database\BaseConnection->query()
#4 /home/u696532059/domains/bituinflowershop.com/public_html/system/Model.php(279): CodeIgniter\Database\BaseBuilder->insert()
#5 /home/u696532059/domains/bituinflowershop.com/public_html/system/BaseModel.php(749): CodeIgniter\Model->doInsert()
#6 /home/u696532059/domains/bituinflowershop.com/public_html/system/Model.php(667): CodeIgniter\BaseModel->insert()
#7 /home/u696532059/domains/bituinflowershop.com/public_html/app/Controllers/Customize.php(321): CodeIgniter\Model->insert()
#8 /home/u696532059/domains/bituinflowershop.com/public_html/system/CodeIgniter.php(927): App\Controllers\Customize->insertDroppedProducts()
#9 /home/u696532059/domains/bituinflowershop.com/public_html/system/CodeIgniter.php(482): CodeIgniter\CodeIgniter->runController()
#10 /home/u696532059/domains/bituinflowershop.com/public_html/system/CodeIgniter.php(351): CodeIgniter\CodeIgniter->handleRequest()
#11 /home/u696532059/domains/bituinflowershop.com/public_html/public/index.php(67): CodeIgniter\CodeIgniter->run()
#12 {main}
CRITICAL - 2023-11-22 11:06:30 --> Column 'firstname' cannot be null
in SYSTEMPATH/Database/MySQLi/Connection.php on line 292.
 1 SYSTEMPATH/Database/MySQLi/Connection.php(292): mysqli->query()
 2 SYSTEMPATH/Database/BaseConnection.php(666): CodeIgniter\Database\MySQLi\Connection->execute()
 3 SYSTEMPATH/Database/BaseConnection.php(593): CodeIgniter\Database\BaseConnection->simpleQuery()
 4 SYSTEMPATH/Database/BaseBuilder.php(1916): CodeIgniter\Database\BaseConnection->query()
 5 SYSTEMPATH/Model.php(279): CodeIgniter\Database\BaseBuilder->insert()
 6 SYSTEMPATH/BaseModel.php(749): CodeIgniter\Model->doInsert()
 7 SYSTEMPATH/Model.php(667): CodeIgniter\BaseModel->insert()
 8 APPPATH/Controllers/Customize.php(321): CodeIgniter\Model->insert()
 9 SYSTEMPATH/CodeIgniter.php(927): App\Controllers\Customize->insertDroppedProducts()
10 SYSTEMPATH/CodeIgniter.php(482): CodeIgniter\CodeIgniter->runController()
11 SYSTEMPATH/CodeIgniter.php(351): CodeIgniter\CodeIgniter->handleRequest()
12 FCPATH/index.php(67): CodeIgniter\CodeIgniter->run()
ERROR - 2023-11-22 20:34:50 --> mysqli_sql_exception: Column 'firstname' cannot be null in /home/u696532059/domains/bituinflowershop.com/public_html/system/Database/MySQLi/Connection.php:292
Stack trace:
#0 /home/u696532059/domains/bituinflowershop.com/public_html/system/Database/MySQLi/Connection.php(292): mysqli->query()
#1 /home/u696532059/domains/bituinflowershop.com/public_html/system/Database/BaseConnection.php(666): CodeIgniter\Database\MySQLi\Connection->execute()
#2 /home/u696532059/domains/bituinflowershop.com/public_html/system/Database/BaseConnection.php(593): CodeIgniter\Database\BaseConnection->simpleQuery()
#3 /home/u696532059/domains/bituinflowershop.com/public_html/system/Database/BaseBuilder.php(1916): CodeIgniter\Database\BaseConnection->query()
#4 /home/u696532059/domains/bituinflowershop.com/public_html/system/Model.php(279): CodeIgniter\Database\BaseBuilder->insert()
#5 /home/u696532059/domains/bituinflowershop.com/public_html/system/BaseModel.php(749): CodeIgniter\Model->doInsert()
#6 /home/u696532059/domains/bituinflowershop.com/public_html/system/Model.php(667): CodeIgniter\BaseModel->insert()
#7 /home/u696532059/domains/bituinflowershop.com/public_html/app/Controllers/Customize.php(321): CodeIgniter\Model->insert()
#8 /home/u696532059/domains/bituinflowershop.com/public_html/system/CodeIgniter.php(927): App\Controllers\Customize->insertDroppedProducts()
#9 /home/u696532059/domains/bituinflowershop.com/public_html/system/CodeIgniter.php(482): CodeIgniter\CodeIgniter->runController()
#10 /home/u696532059/domains/bituinflowershop.com/public_html/system/CodeIgniter.php(351): CodeIgniter\CodeIgniter->handleRequest()
#11 /home/u696532059/domains/bituinflowershop.com/public_html/public/index.php(67): CodeIgniter\CodeIgniter->run()
#12 {main}
CRITICAL - 2023-11-22 20:34:50 --> Column 'firstname' cannot be null
in SYSTEMPATH/Database/MySQLi/Connection.php on line 292.
 1 SYSTEMPATH/Database/MySQLi/Connection.php(292): mysqli->query()
 2 SYSTEMPATH/Database/BaseConnection.php(666): CodeIgniter\Database\MySQLi\Connection->execute()
 3 SYSTEMPATH/Database/BaseConnection.php(593): CodeIgniter\Database\BaseConnection->simpleQuery()
 4 SYSTEMPATH/Database/BaseBuilder.php(1916): CodeIgniter\Database\BaseConnection->query()
 5 SYSTEMPATH/Model.php(279): CodeIgniter\Database\BaseBuilder->insert()
 6 SYSTEMPATH/BaseModel.php(749): CodeIgniter\Model->doInsert()
 7 SYSTEMPATH/Model.php(667): CodeIgniter\BaseModel->insert()
 8 APPPATH/Controllers/Customize.php(321): CodeIgniter\Model->insert()
 9 SYSTEMPATH/CodeIgniter.php(927): App\Controllers\Customize->insertDroppedProducts()
10 SYSTEMPATH/CodeIgniter.php(482): CodeIgniter\CodeIgniter->runController()
11 SYSTEMPATH/CodeIgniter.php(351): CodeIgniter\CodeIgniter->handleRequest()
12 FCPATH/index.php(67): CodeIgniter\CodeIgniter->run()
ERROR - 2023-11-22 20:34:50 --> mysqli_sql_exception: Operand should contain 1 column(s) in /home/u696532059/domains/bituinflowershop.com/public_html/system/Database/MySQLi/Connection.php:292
Stack trace:
#0 /home/u696532059/domains/bituinflowershop.com/public_html/system/Database/MySQLi/Connection.php(292): mysqli->query()
#1 /home/u696532059/domains/bituinflowershop.com/public_html/system/Database/BaseConnection.php(666): CodeIgniter\Database\MySQLi\Connection->execute()
#2 /home/u696532059/domains/bituinflowershop.com/public_html/system/Database/BaseConnection.php(593): CodeIgniter\Database\BaseConnection->simpleQuery()
#3 /home/u696532059/domains/bituinflowershop.com/public_html/system/Database/BaseBuilder.php(1916): CodeIgniter\Database\BaseConnection->query()
#4 /home/u696532059/domains/bituinflowershop.com/public_html/system/Model.php(279): CodeIgniter\Database\BaseBuilder->insert()
#5 /home/u696532059/domains/bituinflowershop.com/public_html/system/BaseModel.php(749): CodeIgniter\Model->doInsert()
#6 /home/u696532059/domains/bituinflowershop.com/public_html/system/Model.php(667): CodeIgniter\BaseModel->insert()
#7 /home/u696532059/domains/bituinflowershop.com/public_html/app/Controllers/Customize.php(321): CodeIgniter\Model->insert()
#8 /home/u696532059/domains/bituinflowershop.com/public_html/system/CodeIgniter.php(927): App\Controllers\Customize->insertDroppedProducts()
#9 /home/u696532059/domains/bituinflowershop.com/public_html/system/CodeIgniter.php(482): CodeIgniter\CodeIgniter->runController()
#10 /home/u696532059/domains/bituinflowershop.com/public_html/system/CodeIgniter.php(351): CodeIgniter\CodeIgniter->handleRequest()
#11 /home/u696532059/domains/bituinflowershop.com/public_html/public/index.php(67): CodeIgniter\CodeIgniter->run()
#12 {main}
CRITICAL - 2023-11-22 20:34:50 --> Operand should contain 1 column(s)
in SYSTEMPATH/Database/MySQLi/Connection.php on line 292.
 1 SYSTEMPATH/Database/MySQLi/Connection.php(292): mysqli->query()
 2 SYSTEMPATH/Database/BaseConnection.php(666): CodeIgniter\Database\MySQLi\Connection->execute()
 3 SYSTEMPATH/Database/BaseConnection.php(593): CodeIgniter\Database\BaseConnection->simpleQuery()
 4 SYSTEMPATH/Database/BaseBuilder.php(1916): CodeIgniter\Database\BaseConnection->query()
 5 SYSTEMPATH/Model.php(279): CodeIgniter\Database\BaseBuilder->insert()
 6 SYSTEMPATH/BaseModel.php(749): CodeIgniter\Model->doInsert()
 7 SYSTEMPATH/Model.php(667): CodeIgniter\BaseModel->insert()
 8 APPPATH/Controllers/Customize.php(321): CodeIgniter\Model->insert()
 9 SYSTEMPATH/CodeIgniter.php(927): App\Controllers\Customize->insertDroppedProducts()
10 SYSTEMPATH/CodeIgniter.php(482): CodeIgniter\CodeIgniter->runController()
11 SYSTEMPATH/CodeIgniter.php(351): CodeIgniter\CodeIgniter->handleRequest()
12 FCPATH/index.php(67): CodeIgniter\CodeIgniter->run()
